0 verbose cli C:\Program Files\nodejs\node.exe C:\Program Files\nodejs\node_modules\npm\bin\npm-cli.js
1 info using npm@11.11.0
2 info using node@v24.14.1
3 silly config load:file:C:\Program Files\nodejs\node_modules\npm\npmrc
4 silly config load:file:D:\easy-harness-v1\.npmrc
5 silly config load:file:C:\Users\User\.npmrc
6 silly config load:file:C:\Users\User\AppData\Roaming\npm\etc\npmrc
7 verbose title npm install
8 verbose argv "install" "--cache" "D:\\easy-harness-v1\\.npm-cache"
9 verbose logfile logs-max:10 dir:D:\easy-harness-v1\.npm-cache\_logs\2026-03-31T04_41_11_675Z-
10 verbose logfile D:\easy-harness-v1\.npm-cache\_logs\2026-03-31T04_41_11_675Z-debug-0.log
11 silly logfile done cleaning log files
12 silly packumentCache heap:4496293888 maxSize:1124073472 maxEntrySize:562036736
13 silly idealTree buildDeps
14 silly fetch manifest react@^18.3.1
15 silly packumentCache full:https://registry.npmjs.org/react cache-miss
16 http fetch GET 200 https://registry.npmjs.org/npm 1822ms
17 http fetch GET 200 https://registry.npmjs.org/react 4678ms (cache miss)
18 silly packumentCache full:https://registry.npmjs.org/react set size:undefined disposed:false
19 silly fetch manifest react-dom@^18.3.1
20 silly packumentCache full:https://registry.npmjs.org/react-dom cache-miss
21 http fetch GET 200 https://registry.npmjs.org/react-dom 2018ms (cache miss)
22 silly packumentCache full:https://registry.npmjs.org/react-dom set size:undefined disposed:false
23 silly fetch manifest react-router-dom@^6.30.0
24 silly packumentCache full:https://registry.npmjs.org/react-router-dom cache-miss
25 http fetch GET 200 https://registry.npmjs.org/react-router-dom 1430ms (cache miss)
26 silly packumentCache full:https://registry.npmjs.org/react-router-dom set size:undefined disposed:false
27 silly fetch manifest @types/react@^18.3.12
28 silly packumentCache full:https://registry.npmjs.org/@types%2freact cache-miss
29 http fetch GET 200 https://registry.npmjs.org/@types%2freact 731ms (cache miss)
30 silly packumentCache full:https://registry.npmjs.org/@types%2freact set size:undefined disposed:false
31 silly fetch manifest @types/react-dom@^18.3.1
32 silly packumentCache full:https://registry.npmjs.org/@types%2freact-dom cache-miss
33 http fetch GET 200 https://registry.npmjs.org/@types%2freact-dom 1047ms (cache miss)
34 silly packumentCache full:https://registry.npmjs.org/@types%2freact-dom set size:undefined disposed:false
35 silly fetch manifest @vitejs/plugin-react@^4.3.3
36 silly packumentCache full:https://registry.npmjs.org/@vitejs%2fplugin-react cache-miss
37 http fetch GET 200 https://registry.npmjs.org/@vitejs%2fplugin-react 447ms (cache miss)
38 silly packumentCache full:https://registry.npmjs.org/@vitejs%2fplugin-react set size:undefined disposed:false
39 silly fetch manifest vite@^5.4.10
40 silly packumentCache full:https://registry.npmjs.org/vite cache-miss
41 http fetch GET 200 https://registry.npmjs.org/vite 8241ms (cache miss)
42 silly packumentCache full:https://registry.npmjs.org/vite set size:undefined disposed:false
43 silly fetch manifest @types/node@^18.0.0 || >=20.0.0
44 silly packumentCache full:https://registry.npmjs.org/@types%2fnode cache-miss
45 http fetch GET 200 https://registry.npmjs.org/@types%2fnode 1458ms (cache miss)
46 silly packumentCache full:https://registry.npmjs.org/@types%2fnode set size:undefined disposed:false
47 silly fetch manifest less@*
48 silly packumentCache full:https://registry.npmjs.org/less cache-miss
49 http fetch GET 200 https://registry.npmjs.org/less 312ms (cache miss)
50 silly packumentCache full:https://registry.npmjs.org/less set size:undefined disposed:false
51 silly fetch manifest lightningcss@^1.21.0
52 silly packumentCache full:https://registry.npmjs.org/lightningcss cache-miss
53 http fetch GET 200 https://registry.npmjs.org/lightningcss 584ms (cache miss)
54 silly packumentCache full:https://registry.npmjs.org/lightningcss set size:undefined disposed:false
55 silly fetch manifest sass@*
56 silly packumentCache full:https://registry.npmjs.org/sass cache-miss
57 http fetch GET 200 https://registry.npmjs.org/sass 537ms (cache miss)
58 silly packumentCache full:https://registry.npmjs.org/sass set size:undefined disposed:false
59 silly fetch manifest sass-embedded@*
60 silly packumentCache full:https://registry.npmjs.org/sass-embedded cache-miss
61 http fetch GET 200 https://registry.npmjs.org/sass-embedded 441ms (cache miss)
62 silly packumentCache full:https://registry.npmjs.org/sass-embedded set size:undefined disposed:false
63 silly fetch manifest stylus@*
64 silly packumentCache full:https://registry.npmjs.org/stylus cache-miss
65 http fetch GET 200 https://registry.npmjs.org/stylus 470ms (cache miss)
66 silly packumentCache full:https://registry.npmjs.org/stylus set size:undefined disposed:false
67 silly fetch manifest sugarss@*
68 silly packumentCache full:https://registry.npmjs.org/sugarss cache-miss
69 http fetch GET 200 https://registry.npmjs.org/sugarss 870ms (cache miss)
70 silly packumentCache full:https://registry.npmjs.org/sugarss set size:undefined disposed:false
71 silly fetch manifest postcss@^8.3.3
72 silly packumentCache full:https://registry.npmjs.org/postcss cache-miss
73 http fetch GET 200 https://registry.npmjs.org/postcss 599ms (cache miss)
74 silly packumentCache full:https://registry.npmjs.org/postcss set size:undefined disposed:false
75 silly fetch manifest terser@^5.4.0
76 silly packumentCache full:https://registry.npmjs.org/terser cache-miss
77 http fetch GET 200 https://registry.npmjs.org/terser 674ms (cache miss)
78 silly packumentCache full:https://registry.npmjs.org/terser set size:undefined disposed:false
79 silly fetch manifest typescript@^5.6.3
80 silly packumentCache full:https://registry.npmjs.org/typescript cache-miss
81 http fetch GET 200 https://registry.npmjs.org/typescript 2551ms (cache miss)
82 silly packumentCache full:https://registry.npmjs.org/typescript set size:undefined disposed:false
83 silly placeDep ROOT @types/react@18.3.28 OK for: easy-harness-v1@0.1.0 want: ^18.3.12
84 silly placeDep ROOT @types/react-dom@18.3.7 OK for: easy-harness-v1@0.1.0 want: ^18.3.1
85 silly placeDep ROOT @vitejs/plugin-react@4.7.0 OK for: easy-harness-v1@0.1.0 want: ^4.3.3
86 silly placeDep ROOT vite@5.4.21 OK for: @vitejs/plugin-react@4.7.0 want: ^4.2.0 || ^5.0.0 || ^6.0.0 || ^7.0.0
87 silly placeDep ROOT react@18.3.1 OK for: easy-harness-v1@0.1.0 want: ^18.3.1
88 silly placeDep ROOT react-dom@18.3.1 OK for: easy-harness-v1@0.1.0 want: ^18.3.1
89 silly placeDep ROOT react-router-dom@6.30.3 OK for: easy-harness-v1@0.1.0 want: ^6.30.0
90 silly placeDep ROOT typescript@5.9.3 OK for: easy-harness-v1@0.1.0 want: ^5.6.3
91 silly fetch manifest csstype@^3.2.2
92 silly packumentCache full:https://registry.npmjs.org/csstype cache-miss
93 silly fetch manifest @types/prop-types@*
94 silly packumentCache full:https://registry.npmjs.org/@types%2fprop-types cache-miss
95 silly fetch manifest @babel/core@^7.28.0
96 silly packumentCache full:https://registry.npmjs.org/@babel%2fcore cache-miss
97 silly fetch manifest react-refresh@^0.17.0
98 silly packumentCache full:https://registry.npmjs.org/react-refresh cache-miss
99 silly fetch manifest @types/babel__core@^7.20.5
100 silly packumentCache full:https://registry.npmjs.org/@types%2fbabel__core cache-miss
101 silly fetch manifest @rolldown/pluginutils@1.0.0-beta.27
102 silly packumentCache full:https://registry.npmjs.org/@rolldown%2fpluginutils cache-miss
103 silly fetch manifest @babel/plugin-transform-react-jsx-self@^7.27.1
104 silly packumentCache full:https://registry.npmjs.org/@babel%2fplugin-transform-react-jsx-self cache-miss
105 silly fetch manifest @babel/plugin-transform-react-jsx-source@^7.27.1
106 silly packumentCache full:https://registry.npmjs.org/@babel%2fplugin-transform-react-jsx-source cache-miss
107 silly fetch manifest rollup@^4.20.0
108 silly packumentCache full:https://registry.npmjs.org/rollup cache-miss
109 silly fetch manifest esbuild@^0.21.3
110 silly packumentCache full:https://registry.npmjs.org/esbuild cache-miss
111 silly fetch manifest postcss@^8.4.43
112 silly packumentCache full:https://registry.npmjs.org/postcss cache-miss
113 http cache https://registry.npmjs.org/postcss 77ms (cache hit)
114 silly packumentCache full:https://registry.npmjs.org/postcss set size:702266 disposed:false
115 silly fetch manifest fsevents@~2.3.3
116 silly packumentCache full:https://registry.npmjs.org/fsevents cache-miss
117 http fetch GET 200 https://registry.npmjs.org/@types%2fprop-types 252ms (cache miss)
118 silly packumentCache full:https://registry.npmjs.org/@types%2fprop-types set size:undefined disposed:false
119 silly fetch manifest loose-envify@^1.1.0
120 silly packumentCache full:https://registry.npmjs.org/loose-envify cache-miss
121 http fetch GET 200 https://registry.npmjs.org/csstype 486ms (cache miss)
122 silly packumentCache full:https://registry.npmjs.org/csstype set size:undefined disposed:false
123 silly fetch manifest scheduler@^0.23.2
124 silly packumentCache full:https://registry.npmjs.org/scheduler cache-miss
125 http fetch GET 200 https://registry.npmjs.org/loose-envify 238ms (cache miss)
126 silly packumentCache full:https://registry.npmjs.org/loose-envify set size:undefined disposed:false
127 silly fetch manifest react-router@6.30.3
128 silly packumentCache full:https://registry.npmjs.org/react-router cache-miss
129 http fetch GET 200 https://registry.npmjs.org/@babel%2fplugin-transform-react-jsx-source 985ms (cache miss)
130 silly packumentCache full:https://registry.npmjs.org/@babel%2fplugin-transform-react-jsx-source set size:undefined disposed:false
131 silly fetch manifest @remix-run/router@1.23.2
132 silly packumentCache full:https://registry.npmjs.org/@remix-run%2frouter cache-miss
133 http fetch GET 200 https://registry.npmjs.org/fsevents 960ms (cache miss)
134 silly packumentCache full:https://registry.npmjs.org/fsevents set size:undefined disposed:false
135 http fetch GET 200 https://registry.npmjs.org/@rolldown%2fpluginutils 1081ms (cache miss)
136 silly packumentCache full:https://registry.npmjs.org/@rolldown%2fpluginutils set size:undefined disposed:false
137 http fetch GET 200 https://registry.npmjs.org/react-router 851ms (cache miss)
138 silly packumentCache full:https://registry.npmjs.org/react-router set size:undefined disposed:false
139 http fetch GET 200 https://registry.npmjs.org/@types%2fbabel__core 1419ms (cache miss)
140 silly packumentCache full:https://registry.npmjs.org/@types%2fbabel__core set size:undefined disposed:false
141 http fetch GET 200 https://registry.npmjs.org/@babel%2fcore 1733ms (cache miss)
142 silly packumentCache full:https://registry.npmjs.org/@babel%2fcore set size:undefined disposed:false
143 http fetch GET 200 https://registry.npmjs.org/esbuild 2140ms (cache miss)
144 silly packumentCache full:https://registry.npmjs.org/esbuild set size:undefined disposed:false
145 http fetch GET 200 https://registry.npmjs.org/@babel%2fplugin-transform-react-jsx-self 2579ms (cache miss)
146 silly packumentCache full:https://registry.npmjs.org/@babel%2fplugin-transform-react-jsx-self set size:undefined disposed:false
147 http fetch GET 200 https://registry.npmjs.org/@remix-run%2frouter 2059ms (cache miss)
148 silly packumentCache full:https://registry.npmjs.org/@remix-run%2frouter set size:undefined disposed:false
149 http fetch GET 200 https://registry.npmjs.org/scheduler 2623ms (cache miss)
150 silly packumentCache full:https://registry.npmjs.org/scheduler set size:undefined disposed:false
151 http fetch GET 200 https://registry.npmjs.org/react-refresh 3667ms (cache miss)
152 silly packumentCache full:https://registry.npmjs.org/react-refresh set size:undefined disposed:false
153 http fetch GET 200 https://registry.npmjs.org/rollup 4798ms (cache miss)
154 silly packumentCache full:https://registry.npmjs.org/rollup set size:undefined disposed:false
155 silly placeDep ROOT @types/prop-types@15.7.15 OK for: @types/react@18.3.28 want: *
156 silly placeDep ROOT csstype@3.2.3 OK for: @types/react@18.3.28 want: ^3.2.2
157 silly placeDep ROOT @babel/core@7.29.0 OK for: @vitejs/plugin-react@4.7.0 want: ^7.28.0
158 silly placeDep ROOT @babel/plugin-transform-react-jsx-self@7.27.1 OK for: @vitejs/plugin-react@4.7.0 want: ^7.27.1
159 silly placeDep ROOT @babel/plugin-transform-react-jsx-source@7.27.1 OK for: @vitejs/plugin-react@4.7.0 want: ^7.27.1
160 silly placeDep ROOT @rolldown/pluginutils@1.0.0-beta.27 OK for: @vitejs/plugin-react@4.7.0 want: 1.0.0-beta.27
161 silly placeDep ROOT @types/babel__core@7.20.5 OK for: @vitejs/plugin-react@4.7.0 want: ^7.20.5
162 silly placeDep ROOT react-refresh@0.17.0 OK for: @vitejs/plugin-react@4.7.0 want: ^0.17.0
163 silly fetch manifest debug@^4.1.0
164 silly packumentCache full:https://registry.npmjs.org/debug cache-miss
165 silly fetch manifest json5@^2.2.3
166 silly packumentCache full:https://registry.npmjs.org/json5 cache-miss
167 silly fetch manifest semver@^6.3.1
168 silly packumentCache full:https://registry.npmjs.org/semver cache-miss
169 silly fetch manifest gensync@^1.0.0-beta.2
170 silly packumentCache full:https://registry.npmjs.org/gensync cache-miss
171 silly fetch manifest @babel/types@^7.29.0
172 silly packumentCache full:https://registry.npmjs.org/@babel%2ftypes cache-miss
173 silly fetch manifest @babel/parser@^7.29.0
174 silly packumentCache full:https://registry.npmjs.org/@babel%2fparser cache-miss
175 silly fetch manifest @babel/helpers@^7.28.6
176 silly packumentCache full:https://registry.npmjs.org/@babel%2fhelpers cache-miss
177 silly fetch manifest @babel/template@^7.28.6
178 silly packumentCache full:https://registry.npmjs.org/@babel%2ftemplate cache-miss
179 silly fetch manifest @babel/traverse@^7.29.0
180 silly packumentCache full:https://registry.npmjs.org/@babel%2ftraverse cache-miss
181 silly fetch manifest @babel/generator@^7.29.0
182 silly packumentCache full:https://registry.npmjs.org/@babel%2fgenerator cache-miss
183 silly fetch manifest @babel/code-frame@^7.29.0
184 silly packumentCache full:https://registry.npmjs.org/@babel%2fcode-frame cache-miss
185 http fetch GET 200 https://registry.npmjs.org/json5 319ms (cache miss)
186 silly packumentCache full:https://registry.npmjs.org/json5 set size:undefined disposed:false
187 silly fetch manifest convert-source-map@^2.0.0
188 silly packumentCache full:https://registry.npmjs.org/convert-source-map cache-miss
189 http fetch GET 200 https://registry.npmjs.org/@babel%2ftemplate 353ms (cache miss)
190 silly packumentCache full:https://registry.npmjs.org/@babel%2ftemplate set size:undefined disposed:false
191 silly fetch manifest @jridgewell/remapping@^2.3.5
192 silly packumentCache full:https://registry.npmjs.org/@jridgewell%2fremapping cache-miss
193 http fetch GET 200 https://registry.npmjs.org/gensync 428ms (cache miss)
194 silly packumentCache full:https://registry.npmjs.org/gensync set size:undefined disposed:false
195 silly fetch manifest @babel/helper-module-transforms@^7.28.6
196 silly packumentCache full:https://registry.npmjs.org/@babel%2fhelper-module-transforms cache-miss
197 http fetch GET 200 https://registry.npmjs.org/@jridgewell%2fremapping 229ms (cache miss)
198 silly packumentCache full:https://registry.npmjs.org/@jridgewell%2fremapping set size:undefined disposed:false
199 silly fetch manifest @babel/helper-compilation-targets@^7.28.6
200 silly packumentCache full:https://registry.npmjs.org/@babel%2fhelper-compilation-targets cache-miss
201 http fetch GET 200 https://registry.npmjs.org/@babel%2fcode-frame 617ms (cache miss)
202 silly packumentCache full:https://registry.npmjs.org/@babel%2fcode-frame set size:undefined disposed:false
203 silly fetch manifest @babel/helper-plugin-utils@^7.27.1
204 silly packumentCache full:https://registry.npmjs.org/@babel%2fhelper-plugin-utils cache-miss
205 http fetch GET 200 https://registry.npmjs.org/@babel%2ftypes 699ms (cache miss)
206 silly packumentCache full:https://registry.npmjs.org/@babel%2ftypes set size:undefined disposed:false
207 silly fetch manifest @babel/helper-plugin-utils@^7.27.1
208 silly packumentCache full:https://registry.npmjs.org/@babel%2fhelper-plugin-utils cache-miss
209 http fetch GET 200 https://registry.npmjs.org/@babel%2ftraverse 709ms (cache miss)
210 silly packumentCache full:https://registry.npmjs.org/@babel%2ftraverse set size:undefined disposed:false
211 silly fetch manifest @babel/types@^7.20.7
212 silly packumentCache full:https://registry.npmjs.org/@babel%2ftypes cache-miss
213 http fetch GET 200 https://registry.npmjs.org/@babel%2fhelpers 730ms (cache miss)
214 silly packumentCache full:https://registry.npmjs.org/@babel%2fhelpers set size:undefined disposed:false
215 silly fetch manifest @babel/parser@^7.20.7
216 silly packumentCache full:https://registry.npmjs.org/@babel%2fparser cache-miss
217 http cache https://registry.npmjs.org/@babel%2ftypes 24ms (cache hit)
218 silly packumentCache full:https://registry.npmjs.org/@babel%2ftypes set size:487885 disposed:false
219 silly fetch manifest @types/babel__template@*
220 silly packumentCache full:https://registry.npmjs.org/@types%2fbabel__template cache-miss
221 http fetch GET 200 https://registry.npmjs.org/semver 769ms (cache miss)
222 silly packumentCache full:https://registry.npmjs.org/semver set size:undefined disposed:false
223 silly fetch manifest @types/babel__traverse@*
224 silly packumentCache full:https://registry.npmjs.org/@types%2fbabel__traverse cache-miss
225 http fetch GET 200 https://registry.npmjs.org/convert-source-map 481ms (cache miss)
226 silly packumentCache full:https://registry.npmjs.org/convert-source-map set size:undefined disposed:false
227 silly fetch manifest @types/babel__generator@*
228 silly packumentCache full:https://registry.npmjs.org/@types%2fbabel__generator cache-miss
229 http fetch GET 200 https://registry.npmjs.org/@babel%2fgenerator 825ms (cache miss)
230 silly packumentCache full:https://registry.npmjs.org/@babel%2fgenerator set size:undefined disposed:false
231 http fetch GET 200 https://registry.npmjs.org/debug 870ms (cache miss)
232 silly packumentCache full:https://registry.npmjs.org/debug set size:undefined disposed:false
233 http fetch GET 200 https://registry.npmjs.org/@types%2fbabel__template 250ms (cache miss)
234 silly packumentCache full:https://registry.npmjs.org/@types%2fbabel__template set size:undefined disposed:false
235 http fetch GET 200 https://registry.npmjs.org/@types%2fbabel__traverse 300ms (cache miss)
236 silly packumentCache full:https://registry.npmjs.org/@types%2fbabel__traverse set size:undefined disposed:false
237 http fetch GET 200 https://registry.npmjs.org/@types%2fbabel__generator 279ms (cache miss)
238 silly packumentCache full:https://registry.npmjs.org/@types%2fbabel__generator set size:undefined disposed:false
239 http fetch GET 200 https://registry.npmjs.org/@babel%2fparser 1095ms (cache miss)
240 silly packumentCache full:https://registry.npmjs.org/@babel%2fparser set size:undefined disposed:false
241 http fetch GET 200 https://registry.npmjs.org/@babel%2fhelper-compilation-targets 520ms (cache miss)
242 silly packumentCache full:https://registry.npmjs.org/@babel%2fhelper-compilation-targets set size:undefined disposed:false
243 http fetch GET 200 https://registry.npmjs.org/@babel%2fhelper-plugin-utils 437ms (cache miss)
244 silly packumentCache full:https://registry.npmjs.org/@babel%2fhelper-plugin-utils set size:undefined disposed:false
245 http fetch GET 200 https://registry.npmjs.org/@babel%2fhelper-plugin-utils 784ms (cache miss)
246 silly packumentCache full:https://registry.npmjs.org/@babel%2fhelper-plugin-utils set size:undefined disposed:false
247 http fetch GET 200 https://registry.npmjs.org/@babel%2fparser 697ms (cache miss)
248 silly packumentCache full:https://registry.npmjs.org/@babel%2fparser set size:undefined disposed:false
249 http fetch GET 200 https://registry.npmjs.org/@babel%2fhelper-module-transforms 1113ms (cache miss)
250 silly packumentCache full:https://registry.npmjs.org/@babel%2fhelper-module-transforms set size:undefined disposed:false
251 silly fetch manifest @babel/core@^7.0.0
252 silly packumentCache full:https://registry.npmjs.org/@babel%2fcore cache-miss
253 http cache https://registry.npmjs.org/@babel%2fcore 25ms (cache hit)
254 silly packumentCache full:https://registry.npmjs.org/@babel%2fcore set size:760113 disposed:false
255 silly placeDep ROOT @babel/code-frame@7.29.0 OK for: @babel/core@7.29.0 want: ^7.29.0
256 silly placeDep ROOT @babel/generator@7.29.1 OK for: @babel/core@7.29.0 want: ^7.29.0
257 silly placeDep ROOT @babel/helper-compilation-targets@7.28.6 OK for: @babel/core@7.29.0 want: ^7.28.6
258 silly placeDep ROOT @babel/helper-module-transforms@7.28.6 OK for: @babel/core@7.29.0 want: ^7.28.6
259 silly placeDep ROOT @babel/helpers@7.29.2 OK for: @babel/core@7.29.0 want: ^7.28.6
260 silly placeDep ROOT @babel/parser@7.29.2 OK for: @babel/core@7.29.0 want: ^7.29.0
261 silly placeDep ROOT @babel/template@7.28.6 OK for: @babel/core@7.29.0 want: ^7.28.6
262 silly placeDep ROOT @babel/traverse@7.29.0 OK for: @babel/core@7.29.0 want: ^7.29.0
263 silly placeDep ROOT @babel/types@7.29.0 OK for: @babel/core@7.29.0 want: ^7.29.0
264 silly placeDep ROOT @jridgewell/remapping@2.3.5 OK for: @babel/core@7.29.0 want: ^2.3.5
265 silly placeDep ROOT convert-source-map@2.0.0 OK for: @babel/core@7.29.0 want: ^2.0.0
266 silly placeDep ROOT debug@4.4.3 OK for: @babel/core@7.29.0 want: ^4.1.0
267 silly placeDep ROOT gensync@1.0.0-beta.2 OK for: @babel/core@7.29.0 want: ^1.0.0-beta.2
268 silly placeDep ROOT json5@2.2.3 OK for: @babel/core@7.29.0 want: ^2.2.3
269 silly placeDep ROOT semver@6.3.1 OK for: @babel/core@7.29.0 want: ^6.3.1
270 silly fetch manifest js-tokens@^4.0.0
271 silly packumentCache full:https://registry.npmjs.org/js-tokens cache-miss
272 silly fetch manifest picocolors@^1.1.1
273 silly packumentCache full:https://registry.npmjs.org/picocolors cache-miss
274 silly fetch manifest @babel/helper-validator-identifier@^7.28.5
275 silly packumentCache full:https://registry.npmjs.org/@babel%2fhelper-validator-identifier cache-miss
276 silly fetch manifest jsesc@^3.0.2
277 silly packumentCache full:https://registry.npmjs.org/jsesc cache-miss
278 silly fetch manifest @jridgewell/gen-mapping@^0.3.12
279 silly packumentCache full:https://registry.npmjs.org/@jridgewell%2fgen-mapping cache-miss
280 silly fetch manifest @jridgewell/trace-mapping@^0.3.28
281 silly packumentCache full:https://registry.npmjs.org/@jridgewell%2ftrace-mapping cache-miss
282 silly fetch manifest lru-cache@^5.1.1
283 silly packumentCache full:https://registry.npmjs.org/lru-cache cache-miss
284 silly fetch manifest browserslist@^4.24.0
285 silly packumentCache full:https://registry.npmjs.org/browserslist cache-miss
286 silly fetch manifest @babel/compat-data@^7.28.6
287 silly packumentCache full:https://registry.npmjs.org/@babel%2fcompat-data cache-miss
288 silly fetch manifest @babel/helper-validator-option@^7.27.1
289 silly packumentCache full:https://registry.npmjs.org/@babel%2fhelper-validator-option cache-miss
290 silly fetch manifest @babel/traverse@^7.28.6
291 silly packumentCache full:https://registry.npmjs.org/@babel%2ftraverse cache-miss
292 http cache https://registry.npmjs.org/@babel%2ftraverse 21ms (cache hit)
293 silly packumentCache full:https://registry.npmjs.org/@babel%2ftraverse set size:548722 disposed:false
294 silly fetch manifest @babel/helper-module-imports@^7.28.6
295 silly packumentCache full:https://registry.npmjs.org/@babel%2fhelper-module-imports cache-miss
296 http fetch GET 200 https://registry.npmjs.org/picocolors 220ms (cache miss)
297 silly packumentCache full:https://registry.npmjs.org/picocolors set size:undefined disposed:false
298 silly fetch manifest @babel/helper-validator-identifier@^7.28.5
299 silly packumentCache full:https://registry.npmjs.org/@babel%2fhelper-validator-identifier cache-miss
300 http fetch GET 200 https://registry.npmjs.org/js-tokens 260ms (cache miss)
301 silly packumentCache full:https://registry.npmjs.org/js-tokens set size:undefined disposed:false
302 silly fetch manifest @babel/types@^7.28.6
303 silly packumentCache full:https://registry.npmjs.org/@babel%2ftypes cache-hit
304 silly fetch manifest debug@^4.3.1
305 silly packumentCache full:https://registry.npmjs.org/debug cache-miss
306 http cache https://registry.npmjs.org/debug 20ms (cache hit)
307 silly packumentCache full:https://registry.npmjs.org/debug set size:195840 disposed:false
308 silly fetch manifest @babel/helper-globals@^7.28.0
309 silly packumentCache full:https://registry.npmjs.org/@babel%2fhelper-globals cache-miss
310 http fetch GET 200 https://registry.npmjs.org/@jridgewell%2ftrace-mapping 329ms (cache miss)
311 silly packumentCache full:https://registry.npmjs.org/@jridgewell%2ftrace-mapping set size:undefined disposed:false
312 silly fetch manifest @babel/helper-string-parser@^7.27.1
313 silly packumentCache full:https://registry.npmjs.org/@babel%2fhelper-string-parser cache-miss
314 http fetch GET 200 https://registry.npmjs.org/@babel%2fhelper-validator-option 443ms (cache miss)
315 silly packumentCache full:https://registry.npmjs.org/@babel%2fhelper-validator-option set size:undefined disposed:false
316 silly fetch manifest @babel/helper-validator-identifier@^7.28.5
317 silly packumentCache full:https://registry.npmjs.org/@babel%2fhelper-validator-identifier cache-miss
318 http fetch GET 200 https://registry.npmjs.org/@babel%2fhelper-validator-identifier 243ms (cache miss)
319 silly packumentCache full:https://registry.npmjs.org/@babel%2fhelper-validator-identifier set size:undefined disposed:false
320 silly fetch manifest @jridgewell/gen-mapping@^0.3.5
321 silly packumentCache full:https://registry.npmjs.org/@jridgewell%2fgen-mapping cache-miss
322 http fetch GET 200 https://registry.npmjs.org/jsesc 516ms (cache miss)
323 silly packumentCache full:https://registry.npmjs.org/jsesc set size:undefined disposed:false
324 silly fetch manifest @jridgewell/trace-mapping@^0.3.24
325 silly packumentCache full:https://registry.npmjs.org/@jridgewell%2ftrace-mapping cache-miss
326 http fetch GET 200 https://registry.npmjs.org/@jridgewell%2fgen-mapping 534ms (cache miss)
327 silly packumentCache full:https://registry.npmjs.org/@jridgewell%2fgen-mapping set size:undefined disposed:false
328 silly fetch manifest ms@^2.1.3
329 silly packumentCache full:https://registry.npmjs.org/ms cache-miss
330 http fetch GET 200 https://registry.npmjs.org/@babel%2fhelper-globals 254ms (cache miss)
331 silly packumentCache full:https://registry.npmjs.org/@babel%2fhelper-globals set size:undefined disposed:false
332 http cache https://registry.npmjs.org/@jridgewell%2ftrace-mapping 35ms (cache hit)
333 silly packumentCache full:https://registry.npmjs.org/@jridgewell%2ftrace-mapping set size:170909 disposed:false
334 http fetch GET 200 https://registry.npmjs.org/lru-cache 565ms (cache miss)
335 silly packumentCache full:https://registry.npmjs.org/lru-cache set size:undefined disposed:false
336 http fetch GET 200 https://registry.npmjs.org/browserslist 667ms (cache miss)
337 silly packumentCache full:https://registry.npmjs.org/browserslist set size:undefined disposed:false
338 http fetch GET 200 https://registry.npmjs.org/@babel%2fhelper-string-parser 448ms (cache miss)
339 silly packumentCache full:https://registry.npmjs.org/@babel%2fhelper-string-parser set size:undefined disposed:false
340 http fetch GET 200 https://registry.npmjs.org/@jridgewell%2fgen-mapping 431ms (cache miss)
341 silly packumentCache full:https://registry.npmjs.org/@jridgewell%2fgen-mapping set size:undefined disposed:false
342 http fetch GET 200 https://registry.npmjs.org/@babel%2fhelper-module-imports 934ms (cache miss)
343 silly packumentCache full:https://registry.npmjs.org/@babel%2fhelper-module-imports set size:undefined disposed:false
344 http fetch GET 200 https://registry.npmjs.org/ms 474ms (cache miss)
345 silly packumentCache full:https://registry.npmjs.org/ms set size:undefined disposed:false
346 http fetch GET 200 https://registry.npmjs.org/@babel%2fhelper-validator-identifier 609ms (cache miss)
347 silly packumentCache full:https://registry.npmjs.org/@babel%2fhelper-validator-identifier set size:undefined disposed:false
348 http fetch GET 200 https://registry.npmjs.org/@babel%2fhelper-validator-identifier 1086ms (cache miss)
349 silly packumentCache full:https://registry.npmjs.org/@babel%2fhelper-validator-identifier set size:undefined disposed:false
350 http fetch GET 200 https://registry.npmjs.org/@babel%2fcompat-data 1093ms (cache miss)
351 silly packumentCache full:https://registry.npmjs.org/@babel%2fcompat-data set size:undefined disposed:false
352 silly placeDep ROOT @babel/helper-validator-identifier@7.28.5 OK for: @babel/code-frame@7.29.0 want: ^7.28.5
353 silly placeDep ROOT js-tokens@4.0.0 OK for: @babel/code-frame@7.29.0 want: ^4.0.0
354 silly placeDep ROOT picocolors@1.1.1 OK for: @babel/code-frame@7.29.0 want: ^1.1.1
355 silly placeDep ROOT @jridgewell/gen-mapping@0.3.13 OK for: @babel/generator@7.29.1 want: ^0.3.12
356 silly placeDep ROOT @jridgewell/trace-mapping@0.3.31 OK for: @babel/generator@7.29.1 want: ^0.3.28
357 silly placeDep ROOT jsesc@3.1.0 OK for: @babel/generator@7.29.1 want: ^3.0.2
358 silly fetch manifest @jridgewell/sourcemap-codec@^1.5.0
359 silly packumentCache full:https://registry.npmjs.org/@jridgewell%2fsourcemap-codec cache-miss
360 silly fetch manifest @jridgewell/resolve-uri@^3.1.0
361 silly packumentCache full:https://registry.npmjs.org/@jridgewell%2fresolve-uri cache-miss
362 silly fetch manifest @jridgewell/sourcemap-codec@^1.4.14
363 silly packumentCache full:https://registry.npmjs.org/@jridgewell%2fsourcemap-codec cache-miss
364 http fetch GET 200 https://registry.npmjs.org/@jridgewell%2fresolve-uri 242ms (cache miss)
365 silly packumentCache full:https://registry.npmjs.org/@jridgewell%2fresolve-uri set size:undefined disposed:false
366 http fetch GET 200 https://registry.npmjs.org/@jridgewell%2fsourcemap-codec 248ms (cache miss)
367 silly packumentCache full:https://registry.npmjs.org/@jridgewell%2fsourcemap-codec set size:undefined disposed:false
368 http fetch GET 200 https://registry.npmjs.org/@jridgewell%2fsourcemap-codec 474ms (cache miss)
369 silly packumentCache full:https://registry.npmjs.org/@jridgewell%2fsourcemap-codec set size:undefined disposed:false
370 silly placeDep ROOT @babel/compat-data@7.29.0 OK for: @babel/helper-compilation-targets@7.28.6 want: ^7.28.6
371 silly placeDep ROOT @babel/helper-validator-option@7.27.1 OK for: @babel/helper-compilation-targets@7.28.6 want: ^7.27.1
372 silly placeDep ROOT browserslist@4.28.1 OK for: @babel/helper-compilation-targets@7.28.6 want: ^4.24.0
373 silly placeDep ROOT lru-cache@5.1.1 OK for: @babel/helper-compilation-targets@7.28.6 want: ^5.1.1
374 silly fetch manifest baseline-browser-mapping@^2.9.0
375 silly packumentCache full:https://registry.npmjs.org/baseline-browser-mapping cache-miss
376 silly fetch manifest caniuse-lite@^1.0.30001759
377 silly packumentCache full:https://registry.npmjs.org/caniuse-lite cache-miss
378 silly fetch manifest electron-to-chromium@^1.5.263
379 silly packumentCache full:https://registry.npmjs.org/electron-to-chromium cache-miss
380 silly fetch manifest node-releases@^2.0.27
381 silly packumentCache full:https://registry.npmjs.org/node-releases cache-miss
382 silly fetch manifest update-browserslist-db@^1.2.0
383 silly packumentCache full:https://registry.npmjs.org/update-browserslist-db cache-miss
384 silly fetch manifest yallist@^3.0.2
385 silly packumentCache full:https://registry.npmjs.org/yallist cache-miss
386 http fetch GET 200 https://registry.npmjs.org/baseline-browser-mapping 488ms (cache miss)
387 silly packumentCache full:https://registry.npmjs.org/baseline-browser-mapping set size:undefined disposed:false
388 http fetch GET 200 https://registry.npmjs.org/update-browserslist-db 528ms (cache miss)
389 silly packumentCache full:https://registry.npmjs.org/update-browserslist-db set size:undefined disposed:false
390 http fetch GET 200 https://registry.npmjs.org/node-releases 1051ms (cache miss)
391 silly packumentCache full:https://registry.npmjs.org/node-releases set size:undefined disposed:false
392 http fetch GET 200 https://registry.npmjs.org/yallist 1767ms (cache miss)
393 silly packumentCache full:https://registry.npmjs.org/yallist set size:undefined disposed:false
394 http fetch GET 200 https://registry.npmjs.org/caniuse-lite 2479ms (cache miss)
395 silly packumentCache full:https://registry.npmjs.org/caniuse-lite set size:undefined disposed:false
396 http fetch GET 200 https://registry.npmjs.org/electron-to-chromium 2802ms (cache miss)
397 silly packumentCache full:https://registry.npmjs.org/electron-to-chromium set size:undefined disposed:false
398 silly placeDep ROOT @babel/helper-module-imports@7.28.6 OK for: @babel/helper-module-transforms@7.28.6 want: ^7.28.6
399 silly placeDep ROOT @babel/helper-plugin-utils@7.28.6 OK for: @babel/plugin-transform-react-jsx-self@7.27.1 want: ^7.27.1
400 silly placeDep ROOT @babel/helper-globals@7.28.0 OK for: @babel/traverse@7.29.0 want: ^7.28.0
401 silly placeDep ROOT @babel/helper-string-parser@7.27.1 OK for: @babel/types@7.29.0 want: ^7.27.1
402 silly placeDep ROOT @jridgewell/sourcemap-codec@1.5.5 OK for: @jridgewell/gen-mapping@0.3.13 want: ^1.5.0
403 silly placeDep ROOT @jridgewell/resolve-uri@3.1.2 OK for: @jridgewell/trace-mapping@0.3.31 want: ^3.1.0
404 silly placeDep ROOT @types/babel__generator@7.27.0 OK for: @types/babel__core@7.20.5 want: *
405 silly placeDep ROOT @types/babel__template@7.4.4 OK for: @types/babel__core@7.20.5 want: *
406 silly placeDep ROOT @types/babel__traverse@7.28.0 OK for: @types/babel__core@7.20.5 want: *
407 silly fetch manifest browserslist@>= 4.21.0
408 silly packumentCache full:https://registry.npmjs.org/browserslist cache-miss
409 http cache https://registry.npmjs.org/browserslist 14ms (cache hit)
410 silly packumentCache full:https://registry.npmjs.org/browserslist set size:502989 disposed:false
411 silly placeDep ROOT baseline-browser-mapping@2.10.12 OK for: browserslist@4.28.1 want: ^2.9.0
412 silly placeDep ROOT caniuse-lite@1.0.30001782 OK for: browserslist@4.28.1 want: ^1.0.30001759
413 silly placeDep ROOT electron-to-chromium@1.5.329 OK for: browserslist@4.28.1 want: ^1.5.263
414 silly placeDep ROOT node-releases@2.0.36 OK for: browserslist@4.28.1 want: ^2.0.27
415 silly placeDep ROOT update-browserslist-db@1.2.3 OK for: browserslist@4.28.1 want: ^1.2.0
416 silly fetch manifest escalade@^3.2.0
417 silly packumentCache full:https://registry.npmjs.org/escalade cache-miss
418 http fetch GET 200 https://registry.npmjs.org/escalade 424ms (cache miss)
419 silly packumentCache full:https://registry.npmjs.org/escalade set size:undefined disposed:false
420 silly placeDep ROOT ms@2.1.3 OK for: debug@4.4.3 want: ^2.1.3
421 silly placeDep ROOT yallist@3.1.1 OK for: lru-cache@5.1.1 want: ^3.0.2
422 silly placeDep ROOT loose-envify@1.4.0 OK for: react@18.3.1 want: ^1.1.0
423 silly placeDep ROOT scheduler@0.23.2 OK for: react-dom@18.3.1 want: ^0.23.2
424 silly fetch manifest react@>=16.8
425 silly packumentCache full:https://registry.npmjs.org/react cache-miss
426 http cache https://registry.npmjs.org/react 31ms (cache hit)
427 silly packumentCache full:https://registry.npmjs.org/react set size:6573158 disposed:false
428 silly placeDep ROOT @remix-run/router@1.23.2 OK for: react-router-dom@6.30.3 want: 1.23.2
429 silly placeDep ROOT react-router@6.30.3 OK for: react-router-dom@6.30.3 want: 6.30.3
430 silly placeDep ROOT escalade@3.2.0 OK for: update-browserslist-db@1.2.3 want: ^3.2.0
431 silly placeDep ROOT esbuild@0.21.5 OK for: vite@5.4.21 want: ^0.21.3
432 silly placeDep ROOT fsevents@2.3.3 OK for: vite@5.4.21 want: ~2.3.3
433 silly placeDep ROOT postcss@8.5.8 OK for: vite@5.4.21 want: ^8.4.43
434 silly placeDep ROOT rollup@4.60.1 OK for: vite@5.4.21 want: ^4.20.0
435 silly fetch manifest @esbuild/aix-ppc64@0.21.5
436 silly packumentCache full:https://registry.npmjs.org/@esbuild%2faix-ppc64 cache-miss
437 silly fetch manifest @esbuild/linux-arm@0.21.5
438 silly packumentCache full:https://registry.npmjs.org/@esbuild%2flinux-arm cache-miss
439 silly fetch manifest @esbuild/linux-x64@0.21.5
440 silly packumentCache full:https://registry.npmjs.org/@esbuild%2flinux-x64 cache-miss
441 silly fetch manifest @esbuild/sunos-x64@0.21.5
442 silly packumentCache full:https://registry.npmjs.org/@esbuild%2fsunos-x64 cache-miss
443 silly fetch manifest @esbuild/win32-x64@0.21.5
444 silly packumentCache full:https://registry.npmjs.org/@esbuild%2fwin32-x64 cache-miss
445 silly fetch manifest @esbuild/darwin-x64@0.21.5
446 silly packumentCache full:https://registry.npmjs.org/@esbuild%2fdarwin-x64 cache-miss
447 silly fetch manifest @esbuild/linux-ia32@0.21.5
448 silly packumentCache full:https://registry.npmjs.org/@esbuild%2flinux-ia32 cache-miss
449 silly fetch manifest @esbuild/netbsd-x64@0.21.5
450 silly packumentCache full:https://registry.npmjs.org/@esbuild%2fnetbsd-x64 cache-miss
451 silly fetch manifest @esbuild/win32-ia32@0.21.5
452 silly packumentCache full:https://registry.npmjs.org/@esbuild%2fwin32-ia32 cache-miss
453 silly fetch manifest @esbuild/android-arm@0.21.5
454 silly packumentCache full:https://registry.npmjs.org/@esbuild%2fandroid-arm cache-miss
455 silly fetch manifest @esbuild/android-x64@0.21.5
456 silly packumentCache full:https://registry.npmjs.org/@esbuild%2fandroid-x64 cache-miss
457 http fetch GET 200 https://registry.npmjs.org/@esbuild%2faix-ppc64 248ms (cache miss)
458 silly packumentCache full:https://registry.npmjs.org/@esbuild%2faix-ppc64 set size:undefined disposed:false
459 silly fetch manifest @esbuild/freebsd-x64@0.21.5
460 silly packumentCache full:https://registry.npmjs.org/@esbuild%2ffreebsd-x64 cache-miss
461 http fetch GET 200 https://registry.npmjs.org/@esbuild%2fsunos-x64 285ms (cache miss)
462 silly packumentCache full:https://registry.npmjs.org/@esbuild%2fsunos-x64 set size:undefined disposed:false
463 silly fetch manifest @esbuild/linux-arm64@0.21.5
464 silly packumentCache full:https://registry.npmjs.org/@esbuild%2flinux-arm64 cache-miss
465 http fetch GET 200 https://registry.npmjs.org/@esbuild%2fwin32-x64 452ms (cache miss)
466 silly packumentCache full:https://registry.npmjs.org/@esbuild%2fwin32-x64 set size:undefined disposed:false
467 silly fetch manifest @esbuild/linux-ppc64@0.21.5
468 silly packumentCache full:https://registry.npmjs.org/@esbuild%2flinux-ppc64 cache-miss
469 http fetch GET 200 https://registry.npmjs.org/@esbuild%2flinux-x64 469ms (cache miss)
470 silly packumentCache full:https://registry.npmjs.org/@esbuild%2flinux-x64 set size:undefined disposed:false
471 silly fetch manifest @esbuild/linux-s390x@0.21.5
472 silly packumentCache full:https://registry.npmjs.org/@esbuild%2flinux-s390x cache-miss
473 http fetch GET 200 https://registry.npmjs.org/@esbuild%2fandroid-arm 496ms (cache miss)
474 silly packumentCache full:https://registry.npmjs.org/@esbuild%2fandroid-arm set size:undefined disposed:false
475 silly fetch manifest @esbuild/openbsd-x64@0.21.5
476 silly packumentCache full:https://registry.npmjs.org/@esbuild%2fopenbsd-x64 cache-miss
477 http fetch GET 200 https://registry.npmjs.org/@esbuild%2fwin32-ia32 503ms (cache miss)
478 silly packumentCache full:https://registry.npmjs.org/@esbuild%2fwin32-ia32 set size:undefined disposed:false
479 silly fetch manifest @esbuild/win32-arm64@0.21.5
480 silly packumentCache full:https://registry.npmjs.org/@esbuild%2fwin32-arm64 cache-miss
481 http fetch GET 200 https://registry.npmjs.org/@esbuild%2fdarwin-x64 759ms (cache miss)
482 silly packumentCache full:https://registry.npmjs.org/@esbuild%2fdarwin-x64 set size:undefined disposed:false
483 silly fetch manifest @esbuild/darwin-arm64@0.21.5
484 silly packumentCache full:https://registry.npmjs.org/@esbuild%2fdarwin-arm64 cache-miss
485 http fetch GET 200 https://registry.npmjs.org/@esbuild%2flinux-arm64 514ms (cache miss)
486 silly packumentCache full:https://registry.npmjs.org/@esbuild%2flinux-arm64 set size:undefined disposed:false
487 silly fetch manifest @esbuild/android-arm64@0.21.5
488 silly packumentCache full:https://registry.npmjs.org/@esbuild%2fandroid-arm64 cache-miss
489 http fetch GET 200 https://registry.npmjs.org/@esbuild%2flinux-arm 857ms (cache miss)
490 silly packumentCache full:https://registry.npmjs.org/@esbuild%2flinux-arm set size:undefined disposed:false
491 silly fetch manifest @esbuild/freebsd-arm64@0.21.5
492 silly packumentCache full:https://registry.npmjs.org/@esbuild%2ffreebsd-arm64 cache-miss
493 http fetch GET 200 https://registry.npmjs.org/@esbuild%2fwin32-arm64 443ms (cache miss)
494 silly packumentCache full:https://registry.npmjs.org/@esbuild%2fwin32-arm64 set size:undefined disposed:false
495 silly fetch manifest @esbuild/linux-loong64@0.21.5
496 silly packumentCache full:https://registry.npmjs.org/@esbuild%2flinux-loong64 cache-miss
497 http fetch GET 200 https://registry.npmjs.org/@esbuild%2flinux-s390x 501ms (cache miss)
498 silly packumentCache full:https://registry.npmjs.org/@esbuild%2flinux-s390x set size:undefined disposed:false
499 silly fetch manifest @esbuild/linux-riscv64@0.21.5
500 silly packumentCache full:https://registry.npmjs.org/@esbuild%2flinux-riscv64 cache-miss
501 http fetch GET 200 https://registry.npmjs.org/@esbuild%2fopenbsd-x64 509ms (cache miss)
502 silly packumentCache full:https://registry.npmjs.org/@esbuild%2fopenbsd-x64 set size:undefined disposed:false
503 silly fetch manifest @esbuild/linux-mips64el@0.21.5
504 silly packumentCache full:https://registry.npmjs.org/@esbuild%2flinux-mips64el cache-miss
505 http fetch GET 200 https://registry.npmjs.org/@esbuild%2ffreebsd-x64 798ms (cache miss)
506 silly packumentCache full:https://registry.npmjs.org/@esbuild%2ffreebsd-x64 set size:undefined disposed:false
507 silly fetch manifest nanoid@^3.3.11
508 silly packumentCache full:https://registry.npmjs.org/nanoid cache-miss
509 http fetch GET 200 https://registry.npmjs.org/@esbuild%2flinux-ppc64 694ms (cache miss)
510 silly packumentCache full:https://registry.npmjs.org/@esbuild%2flinux-ppc64 set size:undefined disposed:false
511 silly fetch manifest source-map-js@^1.2.1
512 silly packumentCache full:https://registry.npmjs.org/source-map-js cache-miss
513 http fetch GET 200 https://registry.npmjs.org/@esbuild%2fnetbsd-x64 1211ms (cache miss)
514 silly packumentCache full:https://registry.npmjs.org/@esbuild%2fnetbsd-x64 set size:undefined disposed:false
515 silly fetch manifest @types/estree@1.0.8
516 silly packumentCache full:https://registry.npmjs.org/@types%2festree cache-miss
517 http fetch GET 200 https://registry.npmjs.org/@esbuild%2fandroid-x64 1253ms (cache miss)
518 silly packumentCache full:https://registry.npmjs.org/@esbuild%2fandroid-x64 set size:undefined disposed:false
519 silly fetch manifest @rollup/rollup-darwin-arm64@4.60.1
520 silly packumentCache full:https://registry.npmjs.org/@rollup%2frollup-darwin-arm64 cache-miss
521 http fetch GET 200 https://registry.npmjs.org/@esbuild%2flinux-ia32 1325ms (cache miss)
522 silly packumentCache full:https://registry.npmjs.org/@esbuild%2flinux-ia32 set size:undefined disposed:false
523 silly fetch manifest @rollup/rollup-android-arm64@4.60.1
524 silly packumentCache full:https://registry.npmjs.org/@rollup%2frollup-android-arm64 cache-miss
525 http fetch GET 200 https://registry.npmjs.org/@esbuild%2flinux-loong64 494ms (cache miss)
526 silly packumentCache full:https://registry.npmjs.org/@esbuild%2flinux-loong64 set size:undefined disposed:false
527 silly fetch manifest @rollup/rollup-win32-arm64-msvc@4.60.1
528 silly packumentCache full:https://registry.npmjs.org/@rollup%2frollup-win32-arm64-msvc cache-miss
529 http fetch GET 200 https://registry.npmjs.org/@esbuild%2flinux-riscv64 504ms (cache miss)
530 silly packumentCache full:https://registry.npmjs.org/@esbuild%2flinux-riscv64 set size:undefined disposed:false
531 silly fetch manifest @rollup/rollup-freebsd-arm64@4.60.1
532 silly packumentCache full:https://registry.npmjs.org/@rollup%2frollup-freebsd-arm64 cache-miss
533 http fetch GET 200 https://registry.npmjs.org/@esbuild%2fdarwin-arm64 725ms (cache miss)
534 silly packumentCache full:https://registry.npmjs.org/@esbuild%2fdarwin-arm64 set size:undefined disposed:false
535 silly fetch manifest @rollup/rollup-linux-arm64-gnu@4.60.1
536 silly packumentCache full:https://registry.npmjs.org/@rollup%2frollup-linux-arm64-gnu cache-miss
537 http fetch GET 200 https://registry.npmjs.org/@esbuild%2ffreebsd-arm64 642ms (cache miss)
538 silly packumentCache full:https://registry.npmjs.org/@esbuild%2ffreebsd-arm64 set size:undefined disposed:false
539 silly fetch manifest @rollup/rollup-linux-arm64-musl@4.60.1
540 silly packumentCache full:https://registry.npmjs.org/@rollup%2frollup-linux-arm64-musl cache-miss
541 http fetch GET 200 https://registry.npmjs.org/@esbuild%2flinux-mips64el 667ms (cache miss)
542 silly packumentCache full:https://registry.npmjs.org/@esbuild%2flinux-mips64el set size:undefined disposed:false
543 silly fetch manifest @rollup/rollup-android-arm-eabi@4.60.1
544 silly packumentCache full:https://registry.npmjs.org/@rollup%2frollup-android-arm-eabi cache-miss
545 http fetch GET 200 https://registry.npmjs.org/@rollup%2frollup-freebsd-arm64 461ms (cache miss)
546 silly packumentCache full:https://registry.npmjs.org/@rollup%2frollup-freebsd-arm64 set size:undefined disposed:false
547 silly fetch manifest @rollup/rollup-linux-arm-gnueabihf@4.60.1
548 silly packumentCache full:https://registry.npmjs.org/@rollup%2frollup-linux-arm-gnueabihf cache-miss
549 http fetch GET 200 https://registry.npmjs.org/@rollup%2frollup-win32-arm64-msvc 508ms (cache miss)
550 silly packumentCache full:https://registry.npmjs.org/@rollup%2frollup-win32-arm64-msvc set size:undefined disposed:false
551 silly fetch manifest @rollup/rollup-linux-arm-musleabihf@4.60.1
552 silly packumentCache full:https://registry.npmjs.org/@rollup%2frollup-linux-arm-musleabihf cache-miss
553 http fetch GET 200 https://registry.npmjs.org/@rollup%2frollup-linux-arm64-musl 490ms (cache miss)
554 silly packumentCache full:https://registry.npmjs.org/@rollup%2frollup-linux-arm64-musl set size:undefined disposed:false
555 silly fetch manifest @rollup/rollup-win32-ia32-msvc@4.60.1
556 silly packumentCache full:https://registry.npmjs.org/@rollup%2frollup-win32-ia32-msvc cache-miss
557 http fetch GET 200 https://registry.npmjs.org/@rollup%2frollup-darwin-arm64 790ms (cache miss)
558 silly packumentCache full:https://registry.npmjs.org/@rollup%2frollup-darwin-arm64 set size:undefined disposed:false
559 silly fetch manifest @rollup/rollup-linux-loong64-gnu@4.60.1
560 silly packumentCache full:https://registry.npmjs.org/@rollup%2frollup-linux-loong64-gnu cache-miss
561 http fetch GET 200 https://registry.npmjs.org/@rollup%2frollup-android-arm64 760ms (cache miss)
562 silly packumentCache full:https://registry.npmjs.org/@rollup%2frollup-android-arm64 set size:undefined disposed:false
563 silly fetch manifest @rollup/rollup-linux-loong64-musl@4.60.1
564 silly packumentCache full:https://registry.npmjs.org/@rollup%2frollup-linux-loong64-musl cache-miss
565 http fetch GET 200 https://registry.npmjs.org/@rollup%2frollup-linux-arm64-gnu 696ms (cache miss)
566 silly packumentCache full:https://registry.npmjs.org/@rollup%2frollup-linux-arm64-gnu set size:undefined disposed:false
567 silly fetch manifest @rollup/rollup-linux-riscv64-gnu@4.60.1
568 silly packumentCache full:https://registry.npmjs.org/@rollup%2frollup-linux-riscv64-gnu cache-miss
569 http fetch GET 200 https://registry.npmjs.org/@rollup%2frollup-android-arm-eabi 552ms (cache miss)
570 silly packumentCache full:https://registry.npmjs.org/@rollup%2frollup-android-arm-eabi set size:undefined disposed:false
571 silly fetch manifest @rollup/rollup-linux-riscv64-musl@4.60.1
572 silly packumentCache full:https://registry.npmjs.org/@rollup%2frollup-linux-riscv64-musl cache-miss
573 http fetch GET 200 https://registry.npmjs.org/@rollup%2frollup-linux-loong64-musl 253ms (cache miss)
574 silly packumentCache full:https://registry.npmjs.org/@rollup%2frollup-linux-loong64-musl set size:undefined disposed:false
575 silly fetch manifest @rollup/rollup-linux-ppc64-gnu@4.60.1
576 silly packumentCache full:https://registry.npmjs.org/@rollup%2frollup-linux-ppc64-gnu cache-miss
577 http fetch GET 200 https://registry.npmjs.org/source-map-js 1218ms (cache miss)
578 silly packumentCache full:https://registry.npmjs.org/source-map-js set size:undefined disposed:false
579 silly fetch manifest @rollup/rollup-linux-ppc64-musl@4.60.1
580 silly packumentCache full:https://registry.npmjs.org/@rollup%2frollup-linux-ppc64-musl cache-miss
581 http fetch GET 200 https://registry.npmjs.org/@types%2festree 1197ms (cache miss)
582 silly packumentCache full:https://registry.npmjs.org/@types%2festree set size:undefined disposed:false
583 silly fetch manifest @rollup/rollup-linux-s390x-gnu@4.60.1
584 silly packumentCache full:https://registry.npmjs.org/@rollup%2frollup-linux-s390x-gnu cache-miss
585 http fetch GET 200 https://registry.npmjs.org/@rollup%2frollup-linux-arm-musleabihf 465ms (cache miss)
586 silly packumentCache full:https://registry.npmjs.org/@rollup%2frollup-linux-arm-musleabihf set size:undefined disposed:false
587 silly fetch manifest @rollup/rollup-darwin-x64@4.60.1
588 silly packumentCache full:https://registry.npmjs.org/@rollup%2frollup-darwin-x64 cache-miss
589 http fetch GET 200 https://registry.npmjs.org/@rollup%2frollup-linux-loong64-gnu 439ms (cache miss)
590 silly packumentCache full:https://registry.npmjs.org/@rollup%2frollup-linux-loong64-gnu set size:undefined disposed:false
591 silly fetch manifest @rollup/rollup-win32-x64-gnu@4.60.1
592 silly packumentCache full:https://registry.npmjs.org/@rollup%2frollup-win32-x64-gnu cache-miss
593 http fetch GET 200 https://registry.npmjs.org/@rollup%2frollup-linux-arm-gnueabihf 637ms (cache miss)
594 silly packumentCache full:https://registry.npmjs.org/@rollup%2frollup-linux-arm-gnueabihf set size:undefined disposed:false
595 silly fetch manifest @rollup/rollup-win32-x64-msvc@4.60.1
596 silly packumentCache full:https://registry.npmjs.org/@rollup%2frollup-win32-x64-msvc cache-miss
597 http fetch GET 200 https://registry.npmjs.org/@rollup%2frollup-win32-ia32-msvc 652ms (cache miss)
598 silly packumentCache full:https://registry.npmjs.org/@rollup%2frollup-win32-ia32-msvc set size:undefined disposed:false
599 silly fetch manifest @rollup/rollup-freebsd-x64@4.60.1
600 silly packumentCache full:https://registry.npmjs.org/@rollup%2frollup-freebsd-x64 cache-miss
601 http fetch GET 200 https://registry.npmjs.org/nanoid 1613ms (cache miss)
602 silly packumentCache full:https://registry.npmjs.org/nanoid set size:undefined disposed:false
603 silly fetch manifest @rollup/rollup-linux-x64-gnu@4.60.1
604 silly packumentCache full:https://registry.npmjs.org/@rollup%2frollup-linux-x64-gnu cache-miss
605 http fetch GET 200 https://registry.npmjs.org/@rollup%2frollup-linux-riscv64-musl 443ms (cache miss)
606 silly packumentCache full:https://registry.npmjs.org/@rollup%2frollup-linux-riscv64-musl set size:undefined disposed:false
607 silly fetch manifest @rollup/rollup-linux-x64-musl@4.60.1
608 silly packumentCache full:https://registry.npmjs.org/@rollup%2frollup-linux-x64-musl cache-miss
609 http fetch GET 200 https://registry.npmjs.org/@rollup%2frollup-linux-riscv64-gnu 504ms (cache miss)
610 silly packumentCache full:https://registry.npmjs.org/@rollup%2frollup-linux-riscv64-gnu set size:undefined disposed:false
611 silly fetch manifest @rollup/rollup-openbsd-x64@4.60.1
612 silly packumentCache full:https://registry.npmjs.org/@rollup%2frollup-openbsd-x64 cache-miss
613 http fetch GET 200 https://registry.npmjs.org/@rollup%2frollup-openbsd-x64 251ms (cache miss)
614 silly packumentCache full:https://registry.npmjs.org/@rollup%2frollup-openbsd-x64 set size:undefined disposed:false
615 silly fetch manifest @rollup/rollup-openharmony-arm64@4.60.1
616 silly packumentCache full:https://registry.npmjs.org/@rollup%2frollup-openharmony-arm64 cache-miss
617 http fetch GET 200 https://registry.npmjs.org/@rollup%2frollup-linux-s390x-gnu 562ms (cache miss)
618 silly packumentCache full:https://registry.npmjs.org/@rollup%2frollup-linux-s390x-gnu set size:undefined disposed:false
619 http fetch GET 200 https://registry.npmjs.org/@rollup%2frollup-linux-ppc64-musl 615ms (cache miss)
620 silly packumentCache full:https://registry.npmjs.org/@rollup%2frollup-linux-ppc64-musl set size:undefined disposed:false
621 http fetch GET 200 https://registry.npmjs.org/@rollup%2frollup-win32-x64-gnu 515ms (cache miss)
622 silly packumentCache full:https://registry.npmjs.org/@rollup%2frollup-win32-x64-gnu set size:undefined disposed:false
623 http fetch GET 200 https://registry.npmjs.org/@rollup%2frollup-freebsd-x64 476ms (cache miss)
624 silly packumentCache full:https://registry.npmjs.org/@rollup%2frollup-freebsd-x64 set size:undefined disposed:false
625 http fetch GET 200 https://registry.npmjs.org/@rollup%2frollup-linux-ppc64-gnu 847ms (cache miss)
626 silly packumentCache full:https://registry.npmjs.org/@rollup%2frollup-linux-ppc64-gnu set size:undefined disposed:false
627 http fetch GET 200 https://registry.npmjs.org/@rollup%2frollup-openharmony-arm64 264ms (cache miss)
628 silly packumentCache full:https://registry.npmjs.org/@rollup%2frollup-openharmony-arm64 set size:undefined disposed:false
629 http fetch GET 200 https://registry.npmjs.org/@rollup%2frollup-linux-x64-musl 533ms (cache miss)
630 silly packumentCache full:https://registry.npmjs.org/@rollup%2frollup-linux-x64-musl set size:undefined disposed:false
631 http fetch GET 200 https://registry.npmjs.org/@rollup%2frollup-darwin-x64 842ms (cache miss)
632 silly packumentCache full:https://registry.npmjs.org/@rollup%2frollup-darwin-x64 set size:undefined disposed:false
633 http fetch GET 200 https://registry.npmjs.org/@rollup%2frollup-win32-x64-msvc 757ms (cache miss)
634 silly packumentCache full:https://registry.npmjs.org/@rollup%2frollup-win32-x64-msvc set size:undefined disposed:false
635 http fetch GET 200 https://registry.npmjs.org/@esbuild%2fandroid-arm64 2645ms (cache miss)
636 silly packumentCache full:https://registry.npmjs.org/@esbuild%2fandroid-arm64 set size:undefined disposed:false
637 http fetch GET 200 https://registry.npmjs.org/@rollup%2frollup-linux-x64-gnu 1171ms (cache miss)
638 silly packumentCache full:https://registry.npmjs.org/@rollup%2frollup-linux-x64-gnu set size:undefined disposed:false
639 silly placeDep ROOT @esbuild/aix-ppc64@0.21.5 OK for: esbuild@0.21.5 want: 0.21.5
640 silly placeDep ROOT @esbuild/android-arm@0.21.5 OK for: esbuild@0.21.5 want: 0.21.5
641 silly placeDep ROOT @esbuild/android-arm64@0.21.5 OK for: esbuild@0.21.5 want: 0.21.5
642 silly placeDep ROOT @esbuild/android-x64@0.21.5 OK for: esbuild@0.21.5 want: 0.21.5
643 silly placeDep ROOT @esbuild/darwin-arm64@0.21.5 OK for: esbuild@0.21.5 want: 0.21.5
644 silly placeDep ROOT @esbuild/darwin-x64@0.21.5 OK for: esbuild@0.21.5 want: 0.21.5
645 silly placeDep ROOT @esbuild/freebsd-arm64@0.21.5 OK for: esbuild@0.21.5 want: 0.21.5
646 silly placeDep ROOT @esbuild/freebsd-x64@0.21.5 OK for: esbuild@0.21.5 want: 0.21.5
647 silly placeDep ROOT @esbuild/linux-arm@0.21.5 OK for: esbuild@0.21.5 want: 0.21.5
648 silly placeDep ROOT @esbuild/linux-arm64@0.21.5 OK for: esbuild@0.21.5 want: 0.21.5
649 silly placeDep ROOT @esbuild/linux-ia32@0.21.5 OK for: esbuild@0.21.5 want: 0.21.5
650 silly placeDep ROOT @esbuild/linux-loong64@0.21.5 OK for: esbuild@0.21.5 want: 0.21.5
651 silly placeDep ROOT @esbuild/linux-mips64el@0.21.5 OK for: esbuild@0.21.5 want: 0.21.5
652 silly placeDep ROOT @esbuild/linux-ppc64@0.21.5 OK for: esbuild@0.21.5 want: 0.21.5
653 silly placeDep ROOT @esbuild/linux-riscv64@0.21.5 OK for: esbuild@0.21.5 want: 0.21.5
654 silly placeDep ROOT @esbuild/linux-s390x@0.21.5 OK for: esbuild@0.21.5 want: 0.21.5
655 silly placeDep ROOT @esbuild/linux-x64@0.21.5 OK for: esbuild@0.21.5 want: 0.21.5
656 silly placeDep ROOT @esbuild/netbsd-x64@0.21.5 OK for: esbuild@0.21.5 want: 0.21.5
657 silly placeDep ROOT @esbuild/openbsd-x64@0.21.5 OK for: esbuild@0.21.5 want: 0.21.5
658 silly placeDep ROOT @esbuild/sunos-x64@0.21.5 OK for: esbuild@0.21.5 want: 0.21.5
659 silly placeDep ROOT @esbuild/win32-arm64@0.21.5 OK for: esbuild@0.21.5 want: 0.21.5
660 silly placeDep ROOT @esbuild/win32-ia32@0.21.5 OK for: esbuild@0.21.5 want: 0.21.5
661 silly placeDep ROOT @esbuild/win32-x64@0.21.5 OK for: esbuild@0.21.5 want: 0.21.5
662 silly placeDep ROOT nanoid@3.3.11 OK for: postcss@8.5.8 want: ^3.3.11
663 silly placeDep ROOT source-map-js@1.2.1 OK for: postcss@8.5.8 want: ^1.2.1
664 silly placeDep ROOT @rollup/rollup-android-arm-eabi@4.60.1 OK for: rollup@4.60.1 want: 4.60.1
665 silly placeDep ROOT @rollup/rollup-android-arm64@4.60.1 OK for: rollup@4.60.1 want: 4.60.1
666 silly placeDep ROOT @rollup/rollup-darwin-arm64@4.60.1 OK for: rollup@4.60.1 want: 4.60.1
667 silly placeDep ROOT @rollup/rollup-darwin-x64@4.60.1 OK for: rollup@4.60.1 want: 4.60.1
668 silly placeDep ROOT @rollup/rollup-freebsd-arm64@4.60.1 OK for: rollup@4.60.1 want: 4.60.1
669 silly placeDep ROOT @rollup/rollup-freebsd-x64@4.60.1 OK for: rollup@4.60.1 want: 4.60.1
670 silly placeDep ROOT @rollup/rollup-linux-arm-gnueabihf@4.60.1 OK for: rollup@4.60.1 want: 4.60.1
671 silly placeDep ROOT @rollup/rollup-linux-arm-musleabihf@4.60.1 OK for: rollup@4.60.1 want: 4.60.1
672 silly placeDep ROOT @rollup/rollup-linux-arm64-gnu@4.60.1 OK for: rollup@4.60.1 want: 4.60.1
673 silly placeDep ROOT @rollup/rollup-linux-arm64-musl@4.60.1 OK for: rollup@4.60.1 want: 4.60.1
674 silly placeDep ROOT @rollup/rollup-linux-loong64-gnu@4.60.1 OK for: rollup@4.60.1 want: 4.60.1
675 silly placeDep ROOT @rollup/rollup-linux-loong64-musl@4.60.1 OK for: rollup@4.60.1 want: 4.60.1
676 silly placeDep ROOT @rollup/rollup-linux-ppc64-gnu@4.60.1 OK for: rollup@4.60.1 want: 4.60.1
677 silly placeDep ROOT @rollup/rollup-linux-ppc64-musl@4.60.1 OK for: rollup@4.60.1 want: 4.60.1
678 silly placeDep ROOT @rollup/rollup-linux-riscv64-gnu@4.60.1 OK for: rollup@4.60.1 want: 4.60.1
679 silly placeDep ROOT @rollup/rollup-linux-riscv64-musl@4.60.1 OK for: rollup@4.60.1 want: 4.60.1
680 silly placeDep ROOT @rollup/rollup-linux-s390x-gnu@4.60.1 OK for: rollup@4.60.1 want: 4.60.1
681 silly placeDep ROOT @rollup/rollup-linux-x64-gnu@4.60.1 OK for: rollup@4.60.1 want: 4.60.1
682 silly placeDep ROOT @rollup/rollup-linux-x64-musl@4.60.1 OK for: rollup@4.60.1 want: 4.60.1
683 silly placeDep ROOT @rollup/rollup-openbsd-x64@4.60.1 OK for: rollup@4.60.1 want: 4.60.1
684 silly placeDep ROOT @rollup/rollup-openharmony-arm64@4.60.1 OK for: rollup@4.60.1 want: 4.60.1
685 silly placeDep ROOT @rollup/rollup-win32-arm64-msvc@4.60.1 OK for: rollup@4.60.1 want: 4.60.1
686 silly placeDep ROOT @rollup/rollup-win32-ia32-msvc@4.60.1 OK for: rollup@4.60.1 want: 4.60.1
687 silly placeDep ROOT @rollup/rollup-win32-x64-gnu@4.60.1 OK for: rollup@4.60.1 want: 4.60.1
688 silly placeDep ROOT @rollup/rollup-win32-x64-msvc@4.60.1 OK for: rollup@4.60.1 want: 4.60.1
689 silly placeDep ROOT @types/estree@1.0.8 OK for: rollup@4.60.1 want: 1.0.8
690 silly reify moves {}
691 silly audit bulk request {
691 silly audit   '@types/react': [ '18.3.28' ],
691 silly audit   '@types/react-dom': [ '18.3.7' ],
691 silly audit   '@vitejs/plugin-react': [ '4.7.0' ],
691 silly audit   vite: [ '5.4.21' ],
691 silly audit   react: [ '18.3.1' ],
691 silly audit   'react-dom': [ '18.3.1' ],
691 silly audit   'react-router-dom': [ '6.30.3' ],
691 silly audit   typescript: [ '5.9.3' ],
691 silly audit   '@types/prop-types': [ '15.7.15' ],
691 silly audit   csstype: [ '3.2.3' ],
691 silly audit   '@babel/core': [ '7.29.0' ],
691 silly audit   '@babel/plugin-transform-react-jsx-self': [ '7.27.1' ],
691 silly audit   '@babel/plugin-transform-react-jsx-source': [ '7.27.1' ],
691 silly audit   '@rolldown/pluginutils': [ '1.0.0-beta.27' ],
691 silly audit   '@types/babel__core': [ '7.20.5' ],
691 silly audit   'react-refresh': [ '0.17.0' ],
691 silly audit   '@babel/code-frame': [ '7.29.0' ],
691 silly audit   '@babel/generator': [ '7.29.1' ],
691 silly audit   '@babel/helper-compilation-targets': [ '7.28.6' ],
691 silly audit   '@babel/helper-module-transforms': [ '7.28.6' ],
691 silly audit   '@babel/helpers': [ '7.29.2' ],
691 silly audit   '@babel/parser': [ '7.29.2' ],
691 silly audit   '@babel/template': [ '7.28.6' ],
691 silly audit   '@babel/traverse': [ '7.29.0' ],
691 silly audit   '@babel/types': [ '7.29.0' ],
691 silly audit   '@jridgewell/remapping': [ '2.3.5' ],
691 silly audit   'convert-source-map': [ '2.0.0' ],
691 silly audit   debug: [ '4.4.3' ],
691 silly audit   gensync: [ '1.0.0-beta.2' ],
691 silly audit   json5: [ '2.2.3' ],
691 silly audit   semver: [ '6.3.1' ],
691 silly audit   '@babel/helper-validator-identifier': [ '7.28.5' ],
691 silly audit   'js-tokens': [ '4.0.0' ],
691 silly audit   picocolors: [ '1.1.1' ],
691 silly audit   '@jridgewell/gen-mapping': [ '0.3.13' ],
691 silly audit   '@jridgewell/trace-mapping': [ '0.3.31' ],
691 silly audit   jsesc: [ '3.1.0' ],
691 silly audit   '@babel/compat-data': [ '7.29.0' ],
691 silly audit   '@babel/helper-validator-option': [ '7.27.1' ],
691 silly audit   browserslist: [ '4.28.1' ],
691 silly audit   'lru-cache': [ '5.1.1' ],
691 silly audit   '@babel/helper-module-imports': [ '7.28.6' ],
691 silly audit   '@babel/helper-plugin-utils': [ '7.28.6' ],
691 silly audit   '@babel/helper-globals': [ '7.28.0' ],
691 silly audit   '@babel/helper-string-parser': [ '7.27.1' ],
691 silly audit   '@jridgewell/sourcemap-codec': [ '1.5.5' ],
691 silly audit   '@jridgewell/resolve-uri': [ '3.1.2' ],
691 silly audit   '@types/babel__generator': [ '7.27.0' ],
691 silly audit   '@types/babel__template': [ '7.4.4' ],
691 silly audit   '@types/babel__traverse': [ '7.28.0' ],
691 silly audit   'baseline-browser-mapping': [ '2.10.12' ],
691 silly audit   'caniuse-lite': [ '1.0.30001782' ],
691 silly audit   'electron-to-chromium': [ '1.5.329' ],
691 silly audit   'node-releases': [ '2.0.36' ],
691 silly audit   'update-browserslist-db': [ '1.2.3' ],
691 silly audit   ms: [ '2.1.3' ],
691 silly audit   yallist: [ '3.1.1' ],
691 silly audit   'loose-envify': [ '1.4.0' ],
691 silly audit   scheduler: [ '0.23.2' ],
691 silly audit   '@remix-run/router': [ '1.23.2' ],
691 silly audit   'react-router': [ '6.30.3' ],
691 silly audit   escalade: [ '3.2.0' ],
691 silly audit   esbuild: [ '0.21.5' ],
691 silly audit   fsevents: [ '2.3.3' ],
691 silly audit   postcss: [ '8.5.8' ],
691 silly audit   rollup: [ '4.60.1' ],
691 silly audit   '@esbuild/aix-ppc64': [ '0.21.5' ],
691 silly audit   '@esbuild/android-arm': [ '0.21.5' ],
691 silly audit   '@esbuild/android-arm64': [ '0.21.5' ],
691 silly audit   '@esbuild/android-x64': [ '0.21.5' ],
691 silly audit   '@esbuild/darwin-arm64': [ '0.21.5' ],
691 silly audit   '@esbuild/darwin-x64': [ '0.21.5' ],
691 silly audit   '@esbuild/freebsd-arm64': [ '0.21.5' ],
691 silly audit   '@esbuild/freebsd-x64': [ '0.21.5' ],
691 silly audit   '@esbuild/linux-arm': [ '0.21.5' ],
691 silly audit   '@esbuild/linux-arm64': [ '0.21.5' ],
691 silly audit   '@esbuild/linux-ia32': [ '0.21.5' ],
691 silly audit   '@esbuild/linux-loong64': [ '0.21.5' ],
691 silly audit   '@esbuild/linux-mips64el': [ '0.21.5' ],
691 silly audit   '@esbuild/linux-ppc64': [ '0.21.5' ],
691 silly audit   '@esbuild/linux-riscv64': [ '0.21.5' ],
691 silly audit   '@esbuild/linux-s390x': [ '0.21.5' ],
691 silly audit   '@esbuild/linux-x64': [ '0.21.5' ],
691 silly audit   '@esbuild/netbsd-x64': [ '0.21.5' ],
691 silly audit   '@esbuild/openbsd-x64': [ '0.21.5' ],
691 silly audit   '@esbuild/sunos-x64': [ '0.21.5' ],
691 silly audit   '@esbuild/win32-arm64': [ '0.21.5' ],
691 silly audit   '@esbuild/win32-ia32': [ '0.21.5' ],
691 silly audit   '@esbuild/win32-x64': [ '0.21.5' ],
691 silly audit   nanoid: [ '3.3.11' ],
691 silly audit   'source-map-js': [ '1.2.1' ],
691 silly audit   '@rollup/rollup-android-arm-eabi': [ '4.60.1' ],
691 silly audit   '@rollup/rollup-android-arm64': [ '4.60.1' ],
691 silly audit   '@rollup/rollup-darwin-arm64': [ '4.60.1' ],
691 silly audit   '@rollup/rollup-darwin-x64': [ '4.60.1' ],
691 silly audit   '@rollup/rollup-freebsd-arm64': [ '4.60.1' ],
691 silly audit   '@rollup/rollup-freebsd-x64': [ '4.60.1' ],
691 silly audit   '@rollup/rollup-linux-arm-gnueabihf': [ '4.60.1' ],
691 silly audit   '@rollup/rollup-linux-arm-musleabihf': [ '4.60.1' ],
691 silly audit   '@rollup/rollup-linux-arm64-gnu': [ '4.60.1' ],
691 silly audit   '@rollup/rollup-linux-arm64-musl': [ '4.60.1' ],
691 silly audit   '@rollup/rollup-linux-loong64-gnu': [ '4.60.1' ],
691 silly audit   '@rollup/rollup-linux-loong64-musl': [ '4.60.1' ],
691 silly audit   '@rollup/rollup-linux-ppc64-gnu': [ '4.60.1' ],
691 silly audit   '@rollup/rollup-linux-ppc64-musl': [ '4.60.1' ],
691 silly audit   '@rollup/rollup-linux-riscv64-gnu': [ '4.60.1' ],
691 silly audit   '@rollup/rollup-linux-riscv64-musl': [ '4.60.1' ],
691 silly audit   '@rollup/rollup-linux-s390x-gnu': [ '4.60.1' ],
691 silly audit   '@rollup/rollup-linux-x64-gnu': [ '4.60.1' ],
691 silly audit   '@rollup/rollup-linux-x64-musl': [ '4.60.1' ],
691 silly audit   '@rollup/rollup-openbsd-x64': [ '4.60.1' ],
691 silly audit   '@rollup/rollup-openharmony-arm64': [ '4.60.1' ],
691 silly audit   '@rollup/rollup-win32-arm64-msvc': [ '4.60.1' ],
691 silly audit   '@rollup/rollup-win32-ia32-msvc': [ '4.60.1' ],
691 silly audit   '@rollup/rollup-win32-x64-gnu': [ '4.60.1' ],
691 silly audit   '@rollup/rollup-win32-x64-msvc': [ '4.60.1' ],
691 silly audit   '@types/estree': [ '1.0.8' ]
691 silly audit }
692 http cache @rollup/rollup-win32-x64-gnu@https://registry.npmjs.org/@rollup/rollup-win32-x64-gnu/-/rollup-win32-x64-gnu-4.60.1.tgz 0ms (cache hit)
693 http cache @types/estree@https://registry.npmjs.org/@types/estree/-/estree-1.0.8.tgz 0ms (cache hit)
694 http cache source-map-js@https://registry.npmjs.org/source-map-js/-/source-map-js-1.2.1.tgz 0ms (cache hit)
695 http cache @rollup/rollup-win32-x64-msvc@https://registry.npmjs.org/@rollup/rollup-win32-x64-msvc/-/rollup-win32-x64-msvc-4.60.1.tgz 0ms (cache hit)
696 http cache postcss@https://registry.npmjs.org/postcss/-/postcss-8.5.8.tgz 0ms (cache hit)
697 http cache nanoid@https://registry.npmjs.org/nanoid/-/nanoid-3.3.11.tgz 0ms (cache hit)
698 http cache @esbuild/win32-x64@https://registry.npmjs.org/@esbuild/win32-x64/-/win32-x64-0.21.5.tgz 0ms (cache hit)
699 http cache rollup@https://registry.npmjs.org/rollup/-/rollup-4.60.1.tgz 0ms (cache hit)
700 http cache esbuild@https://registry.npmjs.org/esbuild/-/esbuild-0.21.5.tgz 0ms (cache hit)
701 http cache escalade@https://registry.npmjs.org/escalade/-/escalade-3.2.0.tgz 0ms (cache hit)
702 http cache react-router@https://registry.npmjs.org/react-router/-/react-router-6.30.3.tgz 0ms (cache hit)
703 http cache @remix-run/router@https://registry.npmjs.org/@remix-run/router/-/router-1.23.2.tgz 0ms (cache hit)
704 http cache loose-envify@https://registry.npmjs.org/loose-envify/-/loose-envify-1.4.0.tgz 0ms (cache hit)
705 http cache scheduler@https://registry.npmjs.org/scheduler/-/scheduler-0.23.2.tgz 0ms (cache hit)
706 http cache yallist@https://registry.npmjs.org/yallist/-/yallist-3.1.1.tgz 0ms (cache hit)
707 http cache ms@https://registry.npmjs.org/ms/-/ms-2.1.3.tgz 0ms (cache hit)
708 http cache update-browserslist-db@https://registry.npmjs.org/update-browserslist-db/-/update-browserslist-db-1.2.3.tgz 0ms (cache hit)
709 http cache node-releases@https://registry.npmjs.org/node-releases/-/node-releases-2.0.36.tgz 0ms (cache hit)
710 http cache electron-to-chromium@https://registry.npmjs.org/electron-to-chromium/-/electron-to-chromium-1.5.329.tgz 0ms (cache hit)
711 http cache caniuse-lite@https://registry.npmjs.org/caniuse-lite/-/caniuse-lite-1.0.30001782.tgz 0ms (cache hit)
712 http cache baseline-browser-mapping@https://registry.npmjs.org/baseline-browser-mapping/-/baseline-browser-mapping-2.10.12.tgz 0ms (cache hit)
713 http cache @types/babel__traverse@https://registry.npmjs.org/@types/babel__traverse/-/babel__traverse-7.28.0.tgz 0ms (cache hit)
714 http cache @types/babel__template@https://registry.npmjs.org/@types/babel__template/-/babel__template-7.4.4.tgz 0ms (cache hit)
715 http cache @types/babel__generator@https://registry.npmjs.org/@types/babel__generator/-/babel__generator-7.27.0.tgz 0ms (cache hit)
716 http cache @jridgewell/sourcemap-codec@https://registry.npmjs.org/@jridgewell/sourcemap-codec/-/sourcemap-codec-1.5.5.tgz 0ms (cache hit)
717 http cache @jridgewell/resolve-uri@https://registry.npmjs.org/@jridgewell/resolve-uri/-/resolve-uri-3.1.2.tgz 0ms (cache hit)
718 http cache @babel/helper-string-parser@https://registry.npmjs.org/@babel/helper-string-parser/-/helper-string-parser-7.27.1.tgz 0ms (cache hit)
719 http cache @babel/helper-plugin-utils@https://registry.npmjs.org/@babel/helper-plugin-utils/-/helper-plugin-utils-7.28.6.tgz 0ms (cache hit)
720 http cache @babel/helper-globals@https://registry.npmjs.org/@babel/helper-globals/-/helper-globals-7.28.0.tgz 0ms (cache hit)
721 http cache @babel/helper-module-imports@https://registry.npmjs.org/@babel/helper-module-imports/-/helper-module-imports-7.28.6.tgz 0ms (cache hit)
722 http cache lru-cache@https://registry.npmjs.org/lru-cache/-/lru-cache-5.1.1.tgz 0ms (cache hit)
723 http cache @babel/helper-validator-option@https://registry.npmjs.org/@babel/helper-validator-option/-/helper-validator-option-7.27.1.tgz 0ms (cache hit)
724 http cache @babel/compat-data@https://registry.npmjs.org/@babel/compat-data/-/compat-data-7.29.0.tgz 0ms (cache hit)
725 http cache browserslist@https://registry.npmjs.org/browserslist/-/browserslist-4.28.1.tgz 0ms (cache hit)
726 http cache jsesc@https://registry.npmjs.org/jsesc/-/jsesc-3.1.0.tgz 0ms (cache hit)
727 http cache @jridgewell/trace-mapping@https://registry.npmjs.org/@jridgewell/trace-mapping/-/trace-mapping-0.3.31.tgz 0ms (cache hit)
728 http cache picocolors@https://registry.npmjs.org/picocolors/-/picocolors-1.1.1.tgz 0ms (cache hit)
729 http cache @jridgewell/gen-mapping@https://registry.npmjs.org/@jridgewell/gen-mapping/-/gen-mapping-0.3.13.tgz 0ms (cache hit)
730 http cache js-tokens@https://registry.npmjs.org/js-tokens/-/js-tokens-4.0.0.tgz 0ms (cache hit)
731 http cache @babel/helper-validator-identifier@https://registry.npmjs.org/@babel/helper-validator-identifier/-/helper-validator-identifier-7.28.5.tgz 0ms (cache hit)
732 http cache semver@https://registry.npmjs.org/semver/-/semver-6.3.1.tgz 1ms (cache hit)
733 http cache json5@https://registry.npmjs.org/json5/-/json5-2.2.3.tgz 0ms (cache hit)
734 http cache gensync@https://registry.npmjs.org/gensync/-/gensync-1.0.0-beta.2.tgz 0ms (cache hit)
735 http cache debug@https://registry.npmjs.org/debug/-/debug-4.4.3.tgz 0ms (cache hit)
736 http cache convert-source-map@https://registry.npmjs.org/convert-source-map/-/convert-source-map-2.0.0.tgz 0ms (cache hit)
737 http cache @babel/types@https://registry.npmjs.org/@babel/types/-/types-7.29.0.tgz 0ms (cache hit)
738 http cache @jridgewell/remapping@https://registry.npmjs.org/@jridgewell/remapping/-/remapping-2.3.5.tgz 0ms (cache hit)
739 http cache @babel/traverse@https://registry.npmjs.org/@babel/traverse/-/traverse-7.29.0.tgz 0ms (cache hit)
740 http cache @babel/parser@https://registry.npmjs.org/@babel/parser/-/parser-7.29.2.tgz 0ms (cache hit)
741 http cache @babel/template@https://registry.npmjs.org/@babel/template/-/template-7.28.6.tgz 0ms (cache hit)
742 http cache @babel/helpers@https://registry.npmjs.org/@babel/helpers/-/helpers-7.29.2.tgz 0ms (cache hit)
743 http cache @babel/helper-module-transforms@https://registry.npmjs.org/@babel/helper-module-transforms/-/helper-module-transforms-7.28.6.tgz 0ms (cache hit)
744 http cache @babel/generator@https://registry.npmjs.org/@babel/generator/-/generator-7.29.1.tgz 0ms (cache hit)
745 http cache @babel/helper-compilation-targets@https://registry.npmjs.org/@babel/helper-compilation-targets/-/helper-compilation-targets-7.28.6.tgz 0ms (cache hit)
746 http cache @babel/code-frame@https://registry.npmjs.org/@babel/code-frame/-/code-frame-7.29.0.tgz 0ms (cache hit)
747 http cache @types/babel__core@https://registry.npmjs.org/@types/babel__core/-/babel__core-7.20.5.tgz 0ms (cache hit)
748 http cache react-refresh@https://registry.npmjs.org/react-refresh/-/react-refresh-0.17.0.tgz 0ms (cache hit)
749 http cache @babel/plugin-transform-react-jsx-source@https://registry.npmjs.org/@babel/plugin-transform-react-jsx-source/-/plugin-transform-react-jsx-source-7.27.1.tgz 0ms (cache hit)
750 http cache @rolldown/pluginutils@https://registry.npmjs.org/@rolldown/pluginutils/-/pluginutils-1.0.0-beta.27.tgz 0ms (cache hit)
751 http cache @babel/plugin-transform-react-jsx-self@https://registry.npmjs.org/@babel/plugin-transform-react-jsx-self/-/plugin-transform-react-jsx-self-7.27.1.tgz 0ms (cache hit)
752 http cache @babel/core@https://registry.npmjs.org/@babel/core/-/core-7.29.0.tgz 0ms (cache hit)
753 http cache @types/prop-types@https://registry.npmjs.org/@types/prop-types/-/prop-types-15.7.15.tgz 0ms (cache hit)
754 http cache typescript@https://registry.npmjs.org/typescript/-/typescript-5.9.3.tgz 0ms (cache hit)
755 http cache csstype@https://registry.npmjs.org/csstype/-/csstype-3.2.3.tgz 0ms (cache hit)
756 http cache react-router-dom@https://registry.npmjs.org/react-router-dom/-/react-router-dom-6.30.3.tgz 0ms (cache hit)
757 http cache react-dom@https://registry.npmjs.org/react-dom/-/react-dom-18.3.1.tgz 0ms (cache hit)
758 http cache @vitejs/plugin-react@https://registry.npmjs.org/@vitejs/plugin-react/-/plugin-react-4.7.0.tgz 0ms (cache hit)
759 http cache @types/react-dom@https://registry.npmjs.org/@types/react-dom/-/react-dom-18.3.7.tgz 0ms (cache hit)
760 http cache react@https://registry.npmjs.org/react/-/react-18.3.1.tgz 0ms (cache hit)
761 http cache vite@https://registry.npmjs.org/vite/-/vite-5.4.21.tgz 0ms (cache hit)
762 http cache @types/react@https://registry.npmjs.org/@types/react/-/react-18.3.28.tgz 0ms (cache hit)
763 silly tarball no local data for @rollup/rollup-win32-x64-gnu@https://registry.npmjs.org/@rollup/rollup-win32-x64-gnu/-/rollup-win32-x64-gnu-4.60.1.tgz. Extracting by manifest.
764 silly tarball no local data for @types/estree@https://registry.npmjs.org/@types/estree/-/estree-1.0.8.tgz. Extracting by manifest.
765 silly tarball no local data for source-map-js@https://registry.npmjs.org/source-map-js/-/source-map-js-1.2.1.tgz. Extracting by manifest.
766 silly tarball no local data for @rollup/rollup-win32-x64-msvc@https://registry.npmjs.org/@rollup/rollup-win32-x64-msvc/-/rollup-win32-x64-msvc-4.60.1.tgz. Extracting by manifest.
767 silly tarball no local data for postcss@https://registry.npmjs.org/postcss/-/postcss-8.5.8.tgz. Extracting by manifest.
768 silly tarball no local data for nanoid@https://registry.npmjs.org/nanoid/-/nanoid-3.3.11.tgz. Extracting by manifest.
769 silly tarball no local data for @esbuild/win32-x64@https://registry.npmjs.org/@esbuild/win32-x64/-/win32-x64-0.21.5.tgz. Extracting by manifest.
770 silly tarball no local data for rollup@https://registry.npmjs.org/rollup/-/rollup-4.60.1.tgz. Extracting by manifest.
771 silly tarball no local data for esbuild@https://registry.npmjs.org/esbuild/-/esbuild-0.21.5.tgz. Extracting by manifest.
772 silly tarball no local data for escalade@https://registry.npmjs.org/escalade/-/escalade-3.2.0.tgz. Extracting by manifest.
773 silly tarball no local data for react-router@https://registry.npmjs.org/react-router/-/react-router-6.30.3.tgz. Extracting by manifest.
774 silly tarball no local data for @remix-run/router@https://registry.npmjs.org/@remix-run/router/-/router-1.23.2.tgz. Extracting by manifest.
775 silly tarball no local data for loose-envify@https://registry.npmjs.org/loose-envify/-/loose-envify-1.4.0.tgz. Extracting by manifest.
776 silly tarball no local data for scheduler@https://registry.npmjs.org/scheduler/-/scheduler-0.23.2.tgz. Extracting by manifest.
777 silly tarball no local data for yallist@https://registry.npmjs.org/yallist/-/yallist-3.1.1.tgz. Extracting by manifest.
778 silly tarball no local data for ms@https://registry.npmjs.org/ms/-/ms-2.1.3.tgz. Extracting by manifest.
779 silly tarball no local data for update-browserslist-db@https://registry.npmjs.org/update-browserslist-db/-/update-browserslist-db-1.2.3.tgz. Extracting by manifest.
780 silly tarball no local data for node-releases@https://registry.npmjs.org/node-releases/-/node-releases-2.0.36.tgz. Extracting by manifest.
781 silly tarball no local data for electron-to-chromium@https://registry.npmjs.org/electron-to-chromium/-/electron-to-chromium-1.5.329.tgz. Extracting by manifest.
782 silly tarball no local data for caniuse-lite@https://registry.npmjs.org/caniuse-lite/-/caniuse-lite-1.0.30001782.tgz. Extracting by manifest.
783 silly tarball no local data for baseline-browser-mapping@https://registry.npmjs.org/baseline-browser-mapping/-/baseline-browser-mapping-2.10.12.tgz. Extracting by manifest.
784 silly tarball no local data for @types/babel__traverse@https://registry.npmjs.org/@types/babel__traverse/-/babel__traverse-7.28.0.tgz. Extracting by manifest.
785 silly tarball no local data for @types/babel__template@https://registry.npmjs.org/@types/babel__template/-/babel__template-7.4.4.tgz. Extracting by manifest.
786 silly tarball no local data for @types/babel__generator@https://registry.npmjs.org/@types/babel__generator/-/babel__generator-7.27.0.tgz. Extracting by manifest.
787 silly tarball no local data for @jridgewell/sourcemap-codec@https://registry.npmjs.org/@jridgewell/sourcemap-codec/-/sourcemap-codec-1.5.5.tgz. Extracting by manifest.
788 silly tarball no local data for @jridgewell/resolve-uri@https://registry.npmjs.org/@jridgewell/resolve-uri/-/resolve-uri-3.1.2.tgz. Extracting by manifest.
789 silly tarball no local data for @babel/helper-string-parser@https://registry.npmjs.org/@babel/helper-string-parser/-/helper-string-parser-7.27.1.tgz. Extracting by manifest.
790 silly tarball no local data for @babel/helper-plugin-utils@https://registry.npmjs.org/@babel/helper-plugin-utils/-/helper-plugin-utils-7.28.6.tgz. Extracting by manifest.
791 silly tarball no local data for @babel/helper-globals@https://registry.npmjs.org/@babel/helper-globals/-/helper-globals-7.28.0.tgz. Extracting by manifest.
792 silly tarball no local data for @babel/helper-module-imports@https://registry.npmjs.org/@babel/helper-module-imports/-/helper-module-imports-7.28.6.tgz. Extracting by manifest.
793 silly tarball no local data for lru-cache@https://registry.npmjs.org/lru-cache/-/lru-cache-5.1.1.tgz. Extracting by manifest.
794 silly tarball no local data for @babel/helper-validator-option@https://registry.npmjs.org/@babel/helper-validator-option/-/helper-validator-option-7.27.1.tgz. Extracting by manifest.
795 silly tarball no local data for @babel/compat-data@https://registry.npmjs.org/@babel/compat-data/-/compat-data-7.29.0.tgz. Extracting by manifest.
796 silly tarball no local data for browserslist@https://registry.npmjs.org/browserslist/-/browserslist-4.28.1.tgz. Extracting by manifest.
797 silly tarball no local data for jsesc@https://registry.npmjs.org/jsesc/-/jsesc-3.1.0.tgz. Extracting by manifest.
798 silly tarball no local data for @jridgewell/trace-mapping@https://registry.npmjs.org/@jridgewell/trace-mapping/-/trace-mapping-0.3.31.tgz. Extracting by manifest.
799 silly tarball no local data for picocolors@https://registry.npmjs.org/picocolors/-/picocolors-1.1.1.tgz. Extracting by manifest.
800 silly tarball no local data for @jridgewell/gen-mapping@https://registry.npmjs.org/@jridgewell/gen-mapping/-/gen-mapping-0.3.13.tgz. Extracting by manifest.
801 silly tarball no local data for js-tokens@https://registry.npmjs.org/js-tokens/-/js-tokens-4.0.0.tgz. Extracting by manifest.
802 silly tarball no local data for @babel/helper-validator-identifier@https://registry.npmjs.org/@babel/helper-validator-identifier/-/helper-validator-identifier-7.28.5.tgz. Extracting by manifest.
803 silly tarball no local data for semver@https://registry.npmjs.org/semver/-/semver-6.3.1.tgz. Extracting by manifest.
804 silly tarball no local data for json5@https://registry.npmjs.org/json5/-/json5-2.2.3.tgz. Extracting by manifest.
805 silly tarball no local data for gensync@https://registry.npmjs.org/gensync/-/gensync-1.0.0-beta.2.tgz. Extracting by manifest.
806 silly tarball no local data for debug@https://registry.npmjs.org/debug/-/debug-4.4.3.tgz. Extracting by manifest.
807 silly tarball no local data for convert-source-map@https://registry.npmjs.org/convert-source-map/-/convert-source-map-2.0.0.tgz. Extracting by manifest.
808 silly tarball no local data for @babel/types@https://registry.npmjs.org/@babel/types/-/types-7.29.0.tgz. Extracting by manifest.
809 silly tarball no local data for @jridgewell/remapping@https://registry.npmjs.org/@jridgewell/remapping/-/remapping-2.3.5.tgz. Extracting by manifest.
810 silly tarball no local data for @babel/traverse@https://registry.npmjs.org/@babel/traverse/-/traverse-7.29.0.tgz. Extracting by manifest.
811 silly tarball no local data for @babel/parser@https://registry.npmjs.org/@babel/parser/-/parser-7.29.2.tgz. Extracting by manifest.
812 silly tarball no local data for @babel/template@https://registry.npmjs.org/@babel/template/-/template-7.28.6.tgz. Extracting by manifest.
813 silly tarball no local data for @babel/helpers@https://registry.npmjs.org/@babel/helpers/-/helpers-7.29.2.tgz. Extracting by manifest.
814 silly tarball no local data for @babel/helper-module-transforms@https://registry.npmjs.org/@babel/helper-module-transforms/-/helper-module-transforms-7.28.6.tgz. Extracting by manifest.
815 silly tarball no local data for @babel/generator@https://registry.npmjs.org/@babel/generator/-/generator-7.29.1.tgz. Extracting by manifest.
816 silly tarball no local data for @babel/helper-compilation-targets@https://registry.npmjs.org/@babel/helper-compilation-targets/-/helper-compilation-targets-7.28.6.tgz. Extracting by manifest.
817 silly tarball no local data for @babel/code-frame@https://registry.npmjs.org/@babel/code-frame/-/code-frame-7.29.0.tgz. Extracting by manifest.
818 silly tarball no local data for @types/babel__core@https://registry.npmjs.org/@types/babel__core/-/babel__core-7.20.5.tgz. Extracting by manifest.
819 silly tarball no local data for react-refresh@https://registry.npmjs.org/react-refresh/-/react-refresh-0.17.0.tgz. Extracting by manifest.
820 silly tarball no local data for @babel/plugin-transform-react-jsx-source@https://registry.npmjs.org/@babel/plugin-transform-react-jsx-source/-/plugin-transform-react-jsx-source-7.27.1.tgz. Extracting by manifest.
821 silly tarball no local data for @rolldown/pluginutils@https://registry.npmjs.org/@rolldown/pluginutils/-/pluginutils-1.0.0-beta.27.tgz. Extracting by manifest.
822 silly tarball no local data for @babel/plugin-transform-react-jsx-self@https://registry.npmjs.org/@babel/plugin-transform-react-jsx-self/-/plugin-transform-react-jsx-self-7.27.1.tgz. Extracting by manifest.
823 silly tarball no local data for @babel/core@https://registry.npmjs.org/@babel/core/-/core-7.29.0.tgz. Extracting by manifest.
824 silly tarball no local data for @types/prop-types@https://registry.npmjs.org/@types/prop-types/-/prop-types-15.7.15.tgz. Extracting by manifest.
825 silly tarball no local data for typescript@https://registry.npmjs.org/typescript/-/typescript-5.9.3.tgz. Extracting by manifest.
826 silly tarball no local data for csstype@https://registry.npmjs.org/csstype/-/csstype-3.2.3.tgz. Extracting by manifest.
827 silly tarball no local data for react-router-dom@https://registry.npmjs.org/react-router-dom/-/react-router-dom-6.30.3.tgz. Extracting by manifest.
828 silly tarball no local data for react-dom@https://registry.npmjs.org/react-dom/-/react-dom-18.3.1.tgz. Extracting by manifest.
829 silly tarball no local data for @vitejs/plugin-react@https://registry.npmjs.org/@vitejs/plugin-react/-/plugin-react-4.7.0.tgz. Extracting by manifest.
830 silly tarball no local data for @types/react-dom@https://registry.npmjs.org/@types/react-dom/-/react-dom-18.3.7.tgz. Extracting by manifest.
831 silly tarball no local data for react@https://registry.npmjs.org/react/-/react-18.3.1.tgz. Extracting by manifest.
832 silly tarball no local data for vite@https://registry.npmjs.org/vite/-/vite-5.4.21.tgz. Extracting by manifest.
833 silly tarball no local data for @types/react@https://registry.npmjs.org/@types/react/-/react-18.3.28.tgz. Extracting by manifest.
834 http fetch POST 200 https://registry.npmjs.org/-/npm/v1/security/advisories/bulk 243ms
835 silly audit report {
835 silly audit report   esbuild: [
835 silly audit report     {
835 silly audit report       id: 1102341,
835 silly audit report       url: 'https://github.com/advisories/GHSA-67mh-4wv8-2f99',
835 silly audit report       title: 'esbuild enables any website to send any requests to the development server and read the response',
835 silly audit report       severity: 'moderate',
835 silly audit report       vulnerable_versions: '<=0.24.2',
835 silly audit report       cwe: [Array],
835 silly audit report       cvss: [Object]
835 silly audit report     }
835 silly audit report   ]
835 silly audit report }
836 silly packumentCache corgi:https://registry.npmjs.org/esbuild cache-miss
837 http fetch GET 200 https://registry.npmjs.org/escalade/-/escalade-3.2.0.tgz 348ms (cache miss)
838 http fetch GET 200 https://registry.npmjs.org/ms/-/ms-2.1.3.tgz 554ms (cache miss)
839 http fetch GET 200 https://registry.npmjs.org/source-map-js/-/source-map-js-1.2.1.tgz 607ms (cache miss)
840 http fetch GET 200 https://registry.npmjs.org/postcss/-/postcss-8.5.8.tgz 719ms (cache miss)
841 http fetch GET 200 https://registry.npmjs.org/@types/estree/-/estree-1.0.8.tgz 728ms (cache miss)
842 http fetch GET 200 https://registry.npmjs.org/node-releases/-/node-releases-2.0.36.tgz 818ms (cache miss)
843 http fetch GET 200 https://registry.npmjs.org/loose-envify/-/loose-envify-1.4.0.tgz 836ms (cache miss)
844 http fetch GET 200 https://registry.npmjs.org/scheduler/-/scheduler-0.23.2.tgz 911ms (cache miss)
845 http fetch GET 200 https://registry.npmjs.org/update-browserslist-db/-/update-browserslist-db-1.2.3.tgz 956ms (cache miss)
846 http fetch GET 200 https://registry.npmjs.org/yallist/-/yallist-3.1.1.tgz 990ms (cache miss)
847 http fetch GET 200 https://registry.npmjs.org/@types/babel__template/-/babel__template-7.4.4.tgz 1033ms (cache miss)
848 http fetch GET 200 https://registry.npmjs.org/@types/babel__traverse/-/babel__traverse-7.28.0.tgz 1044ms (cache miss)
849 http fetch GET 200 https://registry.npmjs.org/@types/babel__generator/-/babel__generator-7.27.0.tgz 1173ms (cache miss)
850 http fetch GET 200 https://registry.npmjs.org/@babel/helper-string-parser/-/helper-string-parser-7.27.1.tgz 1242ms (cache miss)
851 http fetch GET 200 https://registry.npmjs.org/nanoid/-/nanoid-3.3.11.tgz 1372ms (cache miss)
852 http fetch GET 200 https://registry.npmjs.org/@jridgewell/sourcemap-codec/-/sourcemap-codec-1.5.5.tgz 1369ms (cache miss)
853 http fetch GET 200 https://registry.npmjs.org/esbuild/-/esbuild-0.21.5.tgz 1403ms (cache miss)
854 http fetch GET 200 https://registry.npmjs.org/@babel/helper-plugin-utils/-/helper-plugin-utils-7.28.6.tgz 1385ms (cache miss)
855 http fetch GET 200 https://registry.npmjs.org/@babel/helper-globals/-/helper-globals-7.28.0.tgz 1434ms (cache miss)
856 http fetch GET 200 https://registry.npmjs.org/lru-cache/-/lru-cache-5.1.1.tgz 1581ms (cache miss)
857 http fetch GET 200 https://registry.npmjs.org/@babel/compat-data/-/compat-data-7.29.0.tgz 1615ms (cache miss)
858 http fetch GET 200 https://registry.npmjs.org/@babel/helper-validator-option/-/helper-validator-option-7.27.1.tgz 1694ms (cache miss)
859 http fetch GET 200 https://registry.npmjs.org/@babel/helper-module-imports/-/helper-module-imports-7.28.6.tgz 1764ms (cache miss)
860 http fetch GET 200 https://registry.npmjs.org/browserslist/-/browserslist-4.28.1.tgz 1798ms (cache miss)
861 http fetch GET 200 https://registry.npmjs.org/jsesc/-/jsesc-3.1.0.tgz 1823ms (cache miss)
862 http fetch GET 200 https://registry.npmjs.org/picocolors/-/picocolors-1.1.1.tgz 1958ms (cache miss)
863 http fetch GET 200 https://registry.npmjs.org/js-tokens/-/js-tokens-4.0.0.tgz 1986ms (cache miss)
864 http fetch GET 200 https://registry.npmjs.org/@jridgewell/resolve-uri/-/resolve-uri-3.1.2.tgz 2004ms (cache miss)
865 http fetch GET 200 https://registry.npmjs.org/react-router/-/react-router-6.30.3.tgz 2092ms (cache miss)
866 http fetch GET 200 https://registry.npmjs.org/@jridgewell/trace-mapping/-/trace-mapping-0.3.31.tgz 2188ms (cache miss)
867 http fetch GET 200 https://registry.npmjs.org/baseline-browser-mapping/-/baseline-browser-mapping-2.10.12.tgz 2295ms (cache miss)
868 http fetch GET 200 https://registry.npmjs.org/@babel/helper-validator-identifier/-/helper-validator-identifier-7.28.5.tgz 2321ms (cache miss)
869 http fetch GET 200 https://registry.npmjs.org/convert-source-map/-/convert-source-map-2.0.0.tgz 2382ms (cache miss)
870 http fetch GET 200 https://registry.npmjs.org/debug/-/debug-4.4.3.tgz 2405ms (cache miss)
871 http fetch GET 200 https://registry.npmjs.org/json5/-/json5-2.2.3.tgz 2420ms (cache miss)
872 http fetch GET 200 https://registry.npmjs.org/electron-to-chromium/-/electron-to-chromium-1.5.329.tgz 2533ms (cache miss)
873 http fetch GET 200 https://registry.npmjs.org/gensync/-/gensync-1.0.0-beta.2.tgz 2559ms (cache miss)
874 http fetch GET 200 https://registry.npmjs.org/@jridgewell/remapping/-/remapping-2.3.5.tgz 2624ms (cache miss)
875 http fetch GET 200 https://registry.npmjs.org/@babel/template/-/template-7.28.6.tgz 2671ms (cache miss)
876 http fetch GET 200 https://registry.npmjs.org/semver/-/semver-6.3.1.tgz 2763ms (cache miss)
877 http fetch GET 200 https://registry.npmjs.org/@remix-run/router/-/router-1.23.2.tgz 2981ms (cache miss)
878 http fetch GET 200 https://registry.npmjs.org/@jridgewell/gen-mapping/-/gen-mapping-0.3.13.tgz 2990ms (cache miss)
879 http fetch GET 200 https://registry.npmjs.org/@babel/helper-module-transforms/-/helper-module-transforms-7.28.6.tgz 2996ms (cache miss)
880 http fetch GET 200 https://registry.npmjs.org/@babel/helper-compilation-targets/-/helper-compilation-targets-7.28.6.tgz 3025ms (cache miss)
881 http fetch GET 200 https://registry.npmjs.org/@types/babel__core/-/babel__core-7.20.5.tgz 3090ms (cache miss)
882 http fetch GET 200 https://registry.npmjs.org/@babel/traverse/-/traverse-7.29.0.tgz 3106ms (cache miss)
883 http fetch GET 200 https://registry.npmjs.org/@babel/plugin-transform-react-jsx-source/-/plugin-transform-react-jsx-source-7.27.1.tgz 3148ms (cache miss)
884 http fetch GET 200 https://registry.npmjs.org/@rolldown/pluginutils/-/pluginutils-1.0.0-beta.27.tgz 3198ms (cache miss)
885 http fetch GET 200 https://registry.npmjs.org/@babel/code-frame/-/code-frame-7.29.0.tgz 3206ms (cache miss)
886 http fetch GET 200 https://registry.npmjs.org/@babel/plugin-transform-react-jsx-self/-/plugin-transform-react-jsx-self-7.27.1.tgz 3266ms (cache miss)
887 http fetch GET 200 https://registry.npmjs.org/react-refresh/-/react-refresh-0.17.0.tgz 3331ms (cache miss)
888 http fetch GET 200 https://registry.npmjs.org/rollup/-/rollup-4.60.1.tgz 3488ms (cache miss)
889 http fetch GET 200 https://registry.npmjs.org/@babel/generator/-/generator-7.29.1.tgz 3660ms (cache miss)
890 http fetch GET 200 https://registry.npmjs.org/@vitejs/plugin-react/-/plugin-react-4.7.0.tgz 3666ms (cache miss)
891 http fetch GET 200 https://registry.npmjs.org/@types/prop-types/-/prop-types-15.7.15.tgz 3895ms (cache miss)
892 http fetch GET 200 https://registry.npmjs.org/@types/react-dom/-/react-dom-18.3.7.tgz 3989ms (cache miss)
893 http fetch GET 200 https://registry.npmjs.org/react-router-dom/-/react-router-dom-6.30.3.tgz 4245ms (cache miss)
894 http fetch GET 200 https://registry.npmjs.org/react/-/react-18.3.1.tgz 4330ms (cache miss)
895 http fetch GET 200 https://registry.npmjs.org/@babel/helpers/-/helpers-7.29.2.tgz 4516ms (cache miss)
896 http fetch GET 200 https://registry.npmjs.org/caniuse-lite/-/caniuse-lite-1.0.30001782.tgz 4846ms (cache miss)
897 http fetch GET 200 https://registry.npmjs.org/@babel/core/-/core-7.29.0.tgz 4992ms (cache miss)
898 http fetch GET 200 https://registry.npmjs.org/@types/react/-/react-18.3.28.tgz 5233ms (cache miss)
899 http fetch GET 200 https://registry.npmjs.org/@babel/parser/-/parser-7.29.2.tgz 5697ms (cache miss)
900 http fetch GET 200 https://registry.npmjs.org/@babel/types/-/types-7.29.0.tgz 5849ms (cache miss)
901 http fetch GET 200 https://registry.npmjs.org/esbuild 6039ms (cache miss)
902 silly packumentCache corgi:https://registry.npmjs.org/esbuild set size:undefined disposed:false
903 http fetch GET 200 https://registry.npmjs.org/react-dom/-/react-dom-18.3.1.tgz 6172ms (cache miss)
904 silly packumentCache corgi:https://registry.npmjs.org/vite cache-miss
905 http fetch GET 200 https://registry.npmjs.org/csstype/-/csstype-3.2.3.tgz 6300ms (cache miss)
906 http fetch GET 200 https://registry.npmjs.org/@rollup/rollup-win32-x64-msvc/-/rollup-win32-x64-msvc-4.60.1.tgz 6644ms (cache miss)
907 http fetch GET 200 https://registry.npmjs.org/vite/-/vite-5.4.21.tgz 7010ms (cache miss)
908 http fetch GET 200 https://registry.npmjs.org/@rollup/rollup-win32-x64-gnu/-/rollup-win32-x64-gnu-4.60.1.tgz 8513ms (cache miss)
909 http fetch GET 200 https://registry.npmjs.org/vite 2528ms (cache miss)
910 silly packumentCache corgi:https://registry.npmjs.org/vite set size:undefined disposed:false
911 silly packumentCache corgi:https://registry.npmjs.org/@vitejs%2fplugin-react cache-miss
912 http fetch GET 200 https://registry.npmjs.org/@vitejs%2fplugin-react 425ms (cache miss)
913 silly packumentCache corgi:https://registry.npmjs.org/@vitejs%2fplugin-react set size:undefined disposed:false
914 http fetch GET 200 https://registry.npmjs.org/typescript/-/typescript-5.9.3.tgz 9682ms (cache miss)
915 http fetch GET 200 https://registry.npmjs.org/@esbuild/win32-x64/-/win32-x64-0.21.5.tgz 16200ms (cache miss)
916 info run esbuild@0.21.5 postinstall node_modules/esbuild node install.js
917 info run esbuild@0.21.5 postinstall { code: 1, signal: null }
918 verbose stack Error: command failed
918 verbose stack     at promiseSpawn (C:\Program Files\nodejs\node_modules\npm\node_modules\@npmcli\promise-spawn\lib\index.js:22:22)
918 verbose stack     at spawnWithShell (C:\Program Files\nodejs\node_modules\npm\node_modules\@npmcli\promise-spawn\lib\index.js:124:10)
918 verbose stack     at promiseSpawn (C:\Program Files\nodejs\node_modules\npm\node_modules\@npmcli\promise-spawn\lib\index.js:12:12)
918 verbose stack     at runScriptPkg (C:\Program Files\nodejs\node_modules\npm\node_modules\@npmcli\run-script\lib\run-script-pkg.js:79:13)
918 verbose stack     at runScript (C:\Program Files\nodejs\node_modules\npm\node_modules\@npmcli\run-script\lib\run-script.js:9:12)
918 verbose stack     at C:\Program Files\nodejs\node_modules\npm\node_modules\@npmcli\arborist\lib\arborist\rebuild.js:327:17
918 verbose stack     at run (C:\Program Files\nodejs\node_modules\npm\node_modules\promise-call-limit\dist\commonjs\index.js:67:22)
918 verbose stack     at C:\Program Files\nodejs\node_modules\npm\node_modules\promise-call-limit\dist\commonjs\index.js:84:9
918 verbose stack     at new Promise (<anonymous>)
918 verbose stack     at callLimit (C:\Program Files\nodejs\node_modules\npm\node_modules\promise-call-limit\dist\commonjs\index.js:35:69)
919 verbose pkgid esbuild@0.21.5
920 error code 1
921 error path D:\easy-harness-v1\node_modules\esbuild
922 error command failed
923 error command C:\Windows\system32\cmd.exe /d /s /c node install.js
924 error 'node' is not recognized as an internal or external command,
924 error operable program or batch file.
925 silly unfinished npm timer reify 1774932073457
926 silly unfinished npm timer reify:build 1774932133662
927 silly unfinished npm timer build 1774932133662
928 silly unfinished npm timer build:deps 1774932133662
929 silly unfinished npm timer build:run:postinstall 1774932133724
930 silly unfinished npm timer build:run:postinstall:node_modules/esbuild 1774932133724
931 verbose cwd D:\easy-harness-v1
932 verbose os Windows_NT 10.0.19045
933 verbose node v24.14.1
934 verbose npm  v11.11.0
935 notice
935 notice New minor version of npm available! 11.11.0 -> 11.12.1
935 notice Changelog: https://github.com/npm/cli/releases/tag/v11.12.1
935 notice To update run: npm install -g npm@11.12.1
935 notice  { force: true, Symbol(proc-log.meta): true }
936 verbose exit 1
937 verbose code 1
938 error A complete log of this run can be found in: D:\easy-harness-v1\.npm-cache\_logs\2026-03-31T04_41_11_675Z-debug-0.log
