0 verbose cli C:\Program Files\nodejs\node.exe C:\Program Files\nodejs\node_modules\npm\bin\npm-cli.js
1 info using npm@11.11.0
2 info using node@v24.14.1
3 silly config load:file:C:\Program Files\nodejs\node_modules\npm\npmrc
4 silly config load:file:D:\easy-harness-v1\.npmrc
5 silly config load:file:C:\Users\User\.npmrc
6 silly config load:file:C:\Users\User\AppData\Roaming\npm\etc\npmrc
7 verbose title npm install
8 verbose argv "install" "--cache" "D:\\easy-harness-v1\\.npm-cache"
9 verbose logfile logs-max:10 dir:D:\easy-harness-v1\.npm-cache\_logs\2026-03-31T04_42_30_933Z-
10 verbose logfile D:\easy-harness-v1\.npm-cache\_logs\2026-03-31T04_42_30_933Z-debug-0.log
11 silly logfile done cleaning log files
12 silly packumentCache heap:4496293888 maxSize:1124073472 maxEntrySize:562036736
13 silly idealTree buildDeps
14 silly fetch manifest react@^18.3.1
15 silly packumentCache full:https://registry.npmjs.org/react cache-miss
16 http cache https://registry.npmjs.org/react 53ms (cache hit)
17 silly packumentCache full:https://registry.npmjs.org/react set size:6573158 disposed:false
18 silly fetch manifest react-dom@^18.3.1
19 silly packumentCache full:https://registry.npmjs.org/react-dom cache-miss
20 http cache https://registry.npmjs.org/react-dom 41ms (cache hit)
21 silly packumentCache full:https://registry.npmjs.org/react-dom set size:8735853 disposed:false
22 silly fetch manifest react-router-dom@^6.30.0
23 silly packumentCache full:https://registry.npmjs.org/react-router-dom cache-miss
24 http cache https://registry.npmjs.org/react-router-dom 42ms (cache hit)
25 silly packumentCache full:https://registry.npmjs.org/react-router-dom set size:2816674 disposed:false
26 silly fetch manifest @types/react@^18.3.12
27 silly packumentCache full:https://registry.npmjs.org/@types%2freact cache-miss
28 http cache https://registry.npmjs.org/@types%2freact 18ms (cache hit)
29 silly packumentCache full:https://registry.npmjs.org/@types%2freact set size:2588986 disposed:false
30 silly fetch manifest @types/react-dom@^18.3.1
31 silly packumentCache full:https://registry.npmjs.org/@types%2freact-dom cache-miss
32 http cache https://registry.npmjs.org/@types%2freact-dom 10ms (cache hit)
33 silly packumentCache full:https://registry.npmjs.org/@types%2freact-dom set size:429026 disposed:false
34 silly fetch manifest @vitejs/plugin-react@^4.3.3
35 silly packumentCache full:https://registry.npmjs.org/@vitejs%2fplugin-react cache-miss
36 http cache https://registry.npmjs.org/@vitejs%2fplugin-react 16ms (cache hit)
37 silly packumentCache full:https://registry.npmjs.org/@vitejs%2fplugin-react set size:264287 disposed:false
38 silly fetch manifest vite@^5.4.10
39 silly packumentCache full:https://registry.npmjs.org/vite cache-miss
40 http cache https://registry.npmjs.org/vite 136ms (cache hit)
41 silly packumentCache full:https://registry.npmjs.org/vite set size:38767948 disposed:false
42 silly fetch manifest @types/node@^18.0.0 || >=20.0.0
43 silly packumentCache full:https://registry.npmjs.org/@types%2fnode cache-miss
44 http cache https://registry.npmjs.org/@types%2fnode 89ms (cache hit)
45 silly packumentCache full:https://registry.npmjs.org/@types%2fnode set size:10939971 disposed:false
46 silly fetch manifest less@*
47 silly packumentCache full:https://registry.npmjs.org/less cache-miss
48 http cache https://registry.npmjs.org/less 11ms (cache hit)
49 silly packumentCache full:https://registry.npmjs.org/less set size:461684 disposed:false
50 silly fetch manifest lightningcss@^1.21.0
51 silly packumentCache full:https://registry.npmjs.org/lightningcss cache-miss
52 http cache https://registry.npmjs.org/lightningcss 10ms (cache hit)
53 silly packumentCache full:https://registry.npmjs.org/lightningcss set size:186753 disposed:false
54 silly fetch manifest sass@*
55 silly packumentCache full:https://registry.npmjs.org/sass cache-miss
56 http cache https://registry.npmjs.org/sass 9ms (cache hit)
57 silly packumentCache full:https://registry.npmjs.org/sass set size:724154 disposed:false
58 silly fetch manifest sass-embedded@*
59 silly packumentCache full:https://registry.npmjs.org/sass-embedded cache-miss
60 http cache https://registry.npmjs.org/sass-embedded 10ms (cache hit)
61 silly packumentCache full:https://registry.npmjs.org/sass-embedded set size:411496 disposed:false
62 silly fetch manifest stylus@*
63 silly packumentCache full:https://registry.npmjs.org/stylus cache-miss
64 http cache https://registry.npmjs.org/stylus 10ms (cache hit)
65 silly packumentCache full:https://registry.npmjs.org/stylus set size:286766 disposed:false
66 silly fetch manifest sugarss@*
67 silly packumentCache full:https://registry.npmjs.org/sugarss cache-miss
68 http cache https://registry.npmjs.org/sugarss 9ms (cache hit)
69 silly packumentCache full:https://registry.npmjs.org/sugarss set size:44975 disposed:false
70 silly fetch manifest postcss@^8.3.3
71 silly packumentCache full:https://registry.npmjs.org/postcss cache-miss
72 http cache https://registry.npmjs.org/postcss 10ms (cache hit)
73 silly packumentCache full:https://registry.npmjs.org/postcss set size:702266 disposed:false
74 silly fetch manifest terser@^5.4.0
75 silly packumentCache full:https://registry.npmjs.org/terser cache-miss
76 http cache https://registry.npmjs.org/terser 12ms (cache hit)
77 silly packumentCache full:https://registry.npmjs.org/terser set size:789927 disposed:false
78 silly fetch manifest typescript@^5.6.3
79 silly packumentCache full:https://registry.npmjs.org/typescript cache-miss
80 http cache https://registry.npmjs.org/typescript 74ms (cache hit)
81 silly packumentCache full:https://registry.npmjs.org/typescript set size:15395755 disposed:false
82 silly placeDep ROOT @types/react@18.3.28 OK for: easy-harness-v1@0.1.0 want: ^18.3.12
83 silly placeDep ROOT @types/react-dom@18.3.7 OK for: easy-harness-v1@0.1.0 want: ^18.3.1
84 silly placeDep ROOT @vitejs/plugin-react@4.7.0 OK for: easy-harness-v1@0.1.0 want: ^4.3.3
85 silly placeDep ROOT vite@5.4.21 OK for: @vitejs/plugin-react@4.7.0 want: ^4.2.0 || ^5.0.0 || ^6.0.0 || ^7.0.0
86 silly placeDep ROOT react@18.3.1 OK for: easy-harness-v1@0.1.0 want: ^18.3.1
87 silly placeDep ROOT react-dom@18.3.1 OK for: easy-harness-v1@0.1.0 want: ^18.3.1
88 silly placeDep ROOT react-router-dom@6.30.3 OK for: easy-harness-v1@0.1.0 want: ^6.30.0
89 silly placeDep ROOT typescript@5.9.3 OK for: easy-harness-v1@0.1.0 want: ^5.6.3
90 silly fetch manifest csstype@^3.2.2
91 silly packumentCache full:https://registry.npmjs.org/csstype cache-miss
92 silly fetch manifest @types/prop-types@*
93 silly packumentCache full:https://registry.npmjs.org/@types%2fprop-types cache-miss
94 silly fetch manifest @babel/core@^7.28.0
95 silly packumentCache full:https://registry.npmjs.org/@babel%2fcore cache-miss
96 silly fetch manifest react-refresh@^0.17.0
97 silly packumentCache full:https://registry.npmjs.org/react-refresh cache-miss
98 silly fetch manifest @types/babel__core@^7.20.5
99 silly packumentCache full:https://registry.npmjs.org/@types%2fbabel__core cache-miss
100 silly fetch manifest @rolldown/pluginutils@1.0.0-beta.27
101 silly packumentCache full:https://registry.npmjs.org/@rolldown%2fpluginutils cache-miss
102 silly fetch manifest @babel/plugin-transform-react-jsx-self@^7.27.1
103 silly packumentCache full:https://registry.npmjs.org/@babel%2fplugin-transform-react-jsx-self cache-miss
104 silly fetch manifest @babel/plugin-transform-react-jsx-source@^7.27.1
105 silly packumentCache full:https://registry.npmjs.org/@babel%2fplugin-transform-react-jsx-source cache-miss
106 silly fetch manifest rollup@^4.20.0
107 silly packumentCache full:https://registry.npmjs.org/rollup cache-miss
108 silly fetch manifest esbuild@^0.21.3
109 silly packumentCache full:https://registry.npmjs.org/esbuild cache-miss
110 silly fetch manifest postcss@^8.4.43
111 silly packumentCache full:https://registry.npmjs.org/postcss cache-hit
112 silly fetch manifest fsevents@~2.3.3
113 silly packumentCache full:https://registry.npmjs.org/fsevents cache-miss
114 http cache https://registry.npmjs.org/@types%2fbabel__core 39ms (cache hit)
115 silly packumentCache full:https://registry.npmjs.org/@types%2fbabel__core set size:88676 disposed:false
116 silly fetch manifest loose-envify@^1.1.0
117 silly packumentCache full:https://registry.npmjs.org/loose-envify cache-miss
118 http cache https://registry.npmjs.org/@babel%2fplugin-transform-react-jsx-self 40ms (cache hit)
119 silly packumentCache full:https://registry.npmjs.org/@babel%2fplugin-transform-react-jsx-self set size:198119 disposed:false
120 silly fetch manifest scheduler@^0.23.2
121 silly packumentCache full:https://registry.npmjs.org/scheduler cache-miss
122 http cache https://registry.npmjs.org/@types%2fprop-types 48ms (cache hit)
123 silly packumentCache full:https://registry.npmjs.org/@types%2fprop-types set size:53942 disposed:false
124 silly fetch manifest loose-envify@^1.1.0
125 silly packumentCache full:https://registry.npmjs.org/loose-envify cache-miss
126 http cache https://registry.npmjs.org/@babel%2fcore 54ms (cache hit)
127 silly packumentCache full:https://registry.npmjs.org/@babel%2fcore set size:760113 disposed:false
128 silly fetch manifest react-router@6.30.3
129 silly packumentCache full:https://registry.npmjs.org/react-router cache-miss
130 http cache https://registry.npmjs.org/csstype 66ms (cache hit)
131 silly packumentCache full:https://registry.npmjs.org/csstype set size:274189 disposed:false
132 silly fetch manifest @remix-run/router@1.23.2
133 silly packumentCache full:https://registry.npmjs.org/@remix-run%2frouter cache-miss
134 http cache https://registry.npmjs.org/@babel%2fplugin-transform-react-jsx-source 69ms (cache hit)
135 silly packumentCache full:https://registry.npmjs.org/@babel%2fplugin-transform-react-jsx-source set size:203114 disposed:false
136 http cache https://registry.npmjs.org/@rolldown%2fpluginutils 76ms (cache hit)
137 silly packumentCache full:https://registry.npmjs.org/@rolldown%2fpluginutils set size:276936 disposed:false
138 http cache https://registry.npmjs.org/react-refresh 102ms (cache hit)
139 silly packumentCache full:https://registry.npmjs.org/react-refresh set size:6268118 disposed:false
140 http cache https://registry.npmjs.org/fsevents 184ms (cache hit)
141 silly packumentCache full:https://registry.npmjs.org/fsevents set size:182472 disposed:false
142 http cache https://registry.npmjs.org/esbuild 203ms (cache hit)
143 silly packumentCache full:https://registry.npmjs.org/esbuild set size:1244751 disposed:false
144 http cache https://registry.npmjs.org/rollup 255ms (cache hit)
145 silly packumentCache full:https://registry.npmjs.org/rollup set size:6157860 disposed:false
146 http cache https://registry.npmjs.org/loose-envify 302ms (cache hit)
147 silly packumentCache full:https://registry.npmjs.org/loose-envify set size:12559 disposed:false
148 http cache https://registry.npmjs.org/@remix-run%2frouter 275ms (cache hit)
149 silly packumentCache full:https://registry.npmjs.org/@remix-run%2frouter set size:502004 disposed:false
150 http cache https://registry.npmjs.org/react-router 300ms (cache hit)
151 silly packumentCache full:https://registry.npmjs.org/react-router set size:3900245 disposed:false
152 http cache https://registry.npmjs.org/loose-envify 357ms (cache hit)
153 silly packumentCache full:https://registry.npmjs.org/loose-envify set size:12559 disposed:false
154 silly packumentCache full:https://registry.npmjs.org/loose-envify dispose
155 http cache https://registry.npmjs.org/scheduler 379ms (cache hit)
156 silly packumentCache full:https://registry.npmjs.org/scheduler set size:5453491 disposed:false
157 silly placeDep ROOT @types/prop-types@15.7.15 OK for: @types/react@18.3.28 want: *
158 silly placeDep ROOT csstype@3.2.3 OK for: @types/react@18.3.28 want: ^3.2.2
159 silly placeDep ROOT @babel/core@7.29.0 OK for: @vitejs/plugin-react@4.7.0 want: ^7.28.0
160 silly placeDep ROOT @babel/plugin-transform-react-jsx-self@7.27.1 OK for: @vitejs/plugin-react@4.7.0 want: ^7.27.1
161 silly placeDep ROOT @babel/plugin-transform-react-jsx-source@7.27.1 OK for: @vitejs/plugin-react@4.7.0 want: ^7.27.1
162 silly placeDep ROOT @rolldown/pluginutils@1.0.0-beta.27 OK for: @vitejs/plugin-react@4.7.0 want: 1.0.0-beta.27
163 silly placeDep ROOT @types/babel__core@7.20.5 OK for: @vitejs/plugin-react@4.7.0 want: ^7.20.5
164 silly placeDep ROOT react-refresh@0.17.0 OK for: @vitejs/plugin-react@4.7.0 want: ^0.17.0
165 silly fetch manifest debug@^4.1.0
166 silly packumentCache full:https://registry.npmjs.org/debug cache-miss
167 silly fetch manifest json5@^2.2.3
168 silly packumentCache full:https://registry.npmjs.org/json5 cache-miss
169 silly fetch manifest semver@^6.3.1
170 silly packumentCache full:https://registry.npmjs.org/semver cache-miss
171 silly fetch manifest gensync@^1.0.0-beta.2
172 silly packumentCache full:https://registry.npmjs.org/gensync cache-miss
173 silly fetch manifest @babel/types@^7.29.0
174 silly packumentCache full:https://registry.npmjs.org/@babel%2ftypes cache-miss
175 silly fetch manifest @babel/parser@^7.29.0
176 silly packumentCache full:https://registry.npmjs.org/@babel%2fparser cache-miss
177 silly fetch manifest @babel/helpers@^7.28.6
178 silly packumentCache full:https://registry.npmjs.org/@babel%2fhelpers cache-miss
179 silly fetch manifest @babel/template@^7.28.6
180 silly packumentCache full:https://registry.npmjs.org/@babel%2ftemplate cache-miss
181 silly fetch manifest @babel/traverse@^7.29.0
182 silly packumentCache full:https://registry.npmjs.org/@babel%2ftraverse cache-miss
183 silly fetch manifest @babel/generator@^7.29.0
184 silly packumentCache full:https://registry.npmjs.org/@babel%2fgenerator cache-miss
185 silly fetch manifest @babel/code-frame@^7.29.0
186 silly packumentCache full:https://registry.npmjs.org/@babel%2fcode-frame cache-miss
187 http cache https://registry.npmjs.org/semver 36ms (cache hit)
188 silly packumentCache full:https://registry.npmjs.org/semver set size:229620 disposed:false
189 silly fetch manifest convert-source-map@^2.0.0
190 silly packumentCache full:https://registry.npmjs.org/convert-source-map cache-miss
191 http cache https://registry.npmjs.org/gensync 44ms (cache hit)
192 silly packumentCache full:https://registry.npmjs.org/gensync set size:15068 disposed:false
193 silly fetch manifest @jridgewell/remapping@^2.3.5
194 silly packumentCache full:https://registry.npmjs.org/@jridgewell%2fremapping cache-miss
195 http cache https://registry.npmjs.org/json5 50ms (cache hit)
196 silly packumentCache full:https://registry.npmjs.org/json5 set size:86136 disposed:false
197 silly fetch manifest @babel/helper-module-transforms@^7.28.6
198 silly packumentCache full:https://registry.npmjs.org/@babel%2fhelper-module-transforms cache-miss
199 http cache https://registry.npmjs.org/debug 55ms (cache hit)
200 silly packumentCache full:https://registry.npmjs.org/debug set size:195840 disposed:false
201 silly fetch manifest @babel/helper-compilation-targets@^7.28.6
202 silly packumentCache full:https://registry.npmjs.org/@babel%2fhelper-compilation-targets cache-miss
203 http cache https://registry.npmjs.org/@babel%2ftypes 61ms (cache hit)
204 silly packumentCache full:https://registry.npmjs.org/@babel%2ftypes set size:487885 disposed:false
205 silly fetch manifest @babel/helper-plugin-utils@^7.27.1
206 silly packumentCache full:https://registry.npmjs.org/@babel%2fhelper-plugin-utils cache-miss
207 http cache https://registry.npmjs.org/@babel%2ftraverse 70ms (cache hit)
208 silly packumentCache full:https://registry.npmjs.org/@babel%2ftraverse set size:548722 disposed:false
209 silly fetch manifest @babel/helper-plugin-utils@^7.27.1
210 silly packumentCache full:https://registry.npmjs.org/@babel%2fhelper-plugin-utils cache-miss
211 http cache https://registry.npmjs.org/@babel%2fparser 83ms (cache hit)
212 silly packumentCache full:https://registry.npmjs.org/@babel%2fparser set size:718758 disposed:false
213 silly fetch manifest @babel/types@^7.20.7
214 silly packumentCache full:https://registry.npmjs.org/@babel%2ftypes cache-hit
215 silly fetch manifest @babel/parser@^7.20.7
216 silly packumentCache full:https://registry.npmjs.org/@babel%2fparser cache-hit
217 silly fetch manifest @types/babel__template@*
218 silly packumentCache full:https://registry.npmjs.org/@types%2fbabel__template cache-miss
219 http cache https://registry.npmjs.org/@babel%2ftemplate 97ms (cache hit)
220 silly packumentCache full:https://registry.npmjs.org/@babel%2ftemplate set size:227169 disposed:false
221 silly fetch manifest @types/babel__traverse@*
222 silly packumentCache full:https://registry.npmjs.org/@types%2fbabel__traverse cache-miss
223 http cache https://registry.npmjs.org/@babel%2fgenerator 103ms (cache hit)
224 silly packumentCache full:https://registry.npmjs.org/@babel%2fgenerator set size:507107 disposed:false
225 silly fetch manifest @types/babel__generator@*
226 silly packumentCache full:https://registry.npmjs.org/@types%2fbabel__generator cache-miss
227 http cache https://registry.npmjs.org/@babel%2fhelpers 115ms (cache hit)
228 silly packumentCache full:https://registry.npmjs.org/@babel%2fhelpers set size:388224 disposed:false
229 http cache https://registry.npmjs.org/@babel%2fcode-frame 121ms (cache hit)
230 silly packumentCache full:https://registry.npmjs.org/@babel%2fcode-frame set size:196196 disposed:false
231 http cache https://registry.npmjs.org/@babel%2fhelper-compilation-targets 91ms (cache hit)
232 silly packumentCache full:https://registry.npmjs.org/@babel%2fhelper-compilation-targets set size:218757 disposed:false
233 http cache https://registry.npmjs.org/@jridgewell%2fremapping 107ms (cache hit)
234 silly packumentCache full:https://registry.npmjs.org/@jridgewell%2fremapping set size:23809 disposed:false
235 http cache https://registry.npmjs.org/convert-source-map 114ms (cache hit)
236 silly packumentCache full:https://registry.npmjs.org/convert-source-map set size:66997 disposed:false
237 http cache https://registry.npmjs.org/@babel%2fhelper-module-transforms 107ms (cache hit)
238 silly packumentCache full:https://registry.npmjs.org/@babel%2fhelper-module-transforms set size:333553 disposed:false
239 http cache https://registry.npmjs.org/@babel%2fhelper-plugin-utils 100ms (cache hit)
240 silly packumentCache full:https://registry.npmjs.org/@babel%2fhelper-plugin-utils set size:163951 disposed:false
241 http cache https://registry.npmjs.org/@types%2fbabel__template 78ms (cache hit)
242 silly packumentCache full:https://registry.npmjs.org/@types%2fbabel__template set size:22631 disposed:false
243 http cache https://registry.npmjs.org/@babel%2fhelper-plugin-utils 96ms (cache hit)
244 silly packumentCache full:https://registry.npmjs.org/@babel%2fhelper-plugin-utils set size:163951 disposed:false
245 silly packumentCache full:https://registry.npmjs.org/@babel%2fhelper-plugin-utils dispose
246 http cache https://registry.npmjs.org/@types%2fbabel__generator 67ms (cache hit)
247 silly packumentCache full:https://registry.npmjs.org/@types%2fbabel__generator set size:31587 disposed:false
248 http cache https://registry.npmjs.org/@types%2fbabel__traverse 79ms (cache hit)
249 silly packumentCache full:https://registry.npmjs.org/@types%2fbabel__traverse set size:107819 disposed:false
250 silly fetch manifest @babel/core@^7.0.0
251 silly packumentCache full:https://registry.npmjs.org/@babel%2fcore cache-hit
252 silly placeDep ROOT @babel/code-frame@7.29.0 OK for: @babel/core@7.29.0 want: ^7.29.0
253 silly placeDep ROOT @babel/generator@7.29.1 OK for: @babel/core@7.29.0 want: ^7.29.0
254 silly placeDep ROOT @babel/helper-compilation-targets@7.28.6 OK for: @babel/core@7.29.0 want: ^7.28.6
255 silly placeDep ROOT @babel/helper-module-transforms@7.28.6 OK for: @babel/core@7.29.0 want: ^7.28.6
256 silly placeDep ROOT @babel/helpers@7.29.2 OK for: @babel/core@7.29.0 want: ^7.28.6
257 silly placeDep ROOT @babel/parser@7.29.2 OK for: @babel/core@7.29.0 want: ^7.29.0
258 silly placeDep ROOT @babel/template@7.28.6 OK for: @babel/core@7.29.0 want: ^7.28.6
259 silly placeDep ROOT @babel/traverse@7.29.0 OK for: @babel/core@7.29.0 want: ^7.29.0
260 silly placeDep ROOT @babel/types@7.29.0 OK for: @babel/core@7.29.0 want: ^7.29.0
261 silly placeDep ROOT @jridgewell/remapping@2.3.5 OK for: @babel/core@7.29.0 want: ^2.3.5
262 silly placeDep ROOT convert-source-map@2.0.0 OK for: @babel/core@7.29.0 want: ^2.0.0
263 silly placeDep ROOT debug@4.4.3 OK for: @babel/core@7.29.0 want: ^4.1.0
264 silly placeDep ROOT gensync@1.0.0-beta.2 OK for: @babel/core@7.29.0 want: ^1.0.0-beta.2
265 silly placeDep ROOT json5@2.2.3 OK for: @babel/core@7.29.0 want: ^2.2.3
266 silly placeDep ROOT semver@6.3.1 OK for: @babel/core@7.29.0 want: ^6.3.1
267 silly fetch manifest js-tokens@^4.0.0
268 silly packumentCache full:https://registry.npmjs.org/js-tokens cache-miss
269 silly fetch manifest picocolors@^1.1.1
270 silly packumentCache full:https://registry.npmjs.org/picocolors cache-miss
271 silly fetch manifest @babel/helper-validator-identifier@^7.28.5
272 silly packumentCache full:https://registry.npmjs.org/@babel%2fhelper-validator-identifier cache-miss
273 silly fetch manifest jsesc@^3.0.2
274 silly packumentCache full:https://registry.npmjs.org/jsesc cache-miss
275 silly fetch manifest @jridgewell/gen-mapping@^0.3.12
276 silly packumentCache full:https://registry.npmjs.org/@jridgewell%2fgen-mapping cache-miss
277 silly fetch manifest @jridgewell/trace-mapping@^0.3.28
278 silly packumentCache full:https://registry.npmjs.org/@jridgewell%2ftrace-mapping cache-miss
279 silly fetch manifest lru-cache@^5.1.1
280 silly packumentCache full:https://registry.npmjs.org/lru-cache cache-miss
281 silly fetch manifest browserslist@^4.24.0
282 silly packumentCache full:https://registry.npmjs.org/browserslist cache-miss
283 silly fetch manifest @babel/compat-data@^7.28.6
284 silly packumentCache full:https://registry.npmjs.org/@babel%2fcompat-data cache-miss
285 silly fetch manifest @babel/helper-validator-option@^7.27.1
286 silly packumentCache full:https://registry.npmjs.org/@babel%2fhelper-validator-option cache-miss
287 silly fetch manifest @babel/traverse@^7.28.6
288 silly packumentCache full:https://registry.npmjs.org/@babel%2ftraverse cache-hit
289 silly fetch manifest @babel/helper-module-imports@^7.28.6
290 silly packumentCache full:https://registry.npmjs.org/@babel%2fhelper-module-imports cache-miss
291 http cache https://registry.npmjs.org/@babel%2fhelper-validator-identifier 40ms (cache hit)
292 silly packumentCache full:https://registry.npmjs.org/@babel%2fhelper-validator-identifier set size:116299 disposed:false
293 silly fetch manifest @babel/types@^7.28.6
294 silly packumentCache full:https://registry.npmjs.org/@babel%2ftypes cache-hit
295 silly fetch manifest debug@^4.3.1
296 silly packumentCache full:https://registry.npmjs.org/debug cache-hit
297 silly fetch manifest @babel/helper-globals@^7.28.0
298 silly packumentCache full:https://registry.npmjs.org/@babel%2fhelper-globals cache-miss
299 http cache https://registry.npmjs.org/js-tokens 49ms (cache hit)
300 silly packumentCache full:https://registry.npmjs.org/js-tokens set size:41947 disposed:false
301 silly fetch manifest @babel/helper-string-parser@^7.27.1
302 silly packumentCache full:https://registry.npmjs.org/@babel%2fhelper-string-parser cache-miss
303 http cache https://registry.npmjs.org/jsesc 53ms (cache hit)
304 silly packumentCache full:https://registry.npmjs.org/jsesc set size:61512 disposed:false
305 silly fetch manifest @jridgewell/gen-mapping@^0.3.5
306 silly packumentCache full:https://registry.npmjs.org/@jridgewell%2fgen-mapping cache-miss
307 http cache https://registry.npmjs.org/picocolors 59ms (cache hit)
308 silly packumentCache full:https://registry.npmjs.org/picocolors set size:16648 disposed:false
309 silly fetch manifest @jridgewell/trace-mapping@^0.3.24
310 silly packumentCache full:https://registry.npmjs.org/@jridgewell%2ftrace-mapping cache-miss
311 http cache https://registry.npmjs.org/@babel%2fhelper-validator-option 53ms (cache hit)
312 silly packumentCache full:https://registry.npmjs.org/@babel%2fhelper-validator-option set size:92248 disposed:false
313 silly fetch manifest ms@^2.1.3
314 silly packumentCache full:https://registry.npmjs.org/ms cache-miss
315 http cache https://registry.npmjs.org/browserslist 63ms (cache hit)
316 silly packumentCache full:https://registry.npmjs.org/browserslist set size:502989 disposed:false
317 http cache https://registry.npmjs.org/lru-cache 106ms (cache hit)
318 silly packumentCache full:https://registry.npmjs.org/lru-cache set size:416454 disposed:false
319 http cache https://registry.npmjs.org/@babel%2fcompat-data 116ms (cache hit)
320 silly packumentCache full:https://registry.npmjs.org/@babel%2fcompat-data set size:305632 disposed:false
321 http cache https://registry.npmjs.org/@jridgewell%2ftrace-mapping 128ms (cache hit)
322 silly packumentCache full:https://registry.npmjs.org/@jridgewell%2ftrace-mapping set size:170909 disposed:false
323 http cache https://registry.npmjs.org/@babel%2fhelper-module-imports 125ms (cache hit)
324 silly packumentCache full:https://registry.npmjs.org/@babel%2fhelper-module-imports set size:193449 disposed:false
325 http cache https://registry.npmjs.org/@jridgewell%2fgen-mapping 139ms (cache hit)
326 silly packumentCache full:https://registry.npmjs.org/@jridgewell%2fgen-mapping set size:80719 disposed:false
327 http cache https://registry.npmjs.org/@jridgewell%2fgen-mapping 97ms (cache hit)
328 silly packumentCache full:https://registry.npmjs.org/@jridgewell%2fgen-mapping set size:80719 disposed:false
329 silly packumentCache full:https://registry.npmjs.org/@jridgewell%2fgen-mapping dispose
330 http cache https://registry.npmjs.org/@jridgewell%2ftrace-mapping 102ms (cache hit)
331 silly packumentCache full:https://registry.npmjs.org/@jridgewell%2ftrace-mapping set size:170909 disposed:false
332 silly packumentCache full:https://registry.npmjs.org/@jridgewell%2ftrace-mapping dispose
333 http cache https://registry.npmjs.org/@babel%2fhelper-globals 119ms (cache hit)
334 silly packumentCache full:https://registry.npmjs.org/@babel%2fhelper-globals set size:15475 disposed:false
335 http cache https://registry.npmjs.org/ms 102ms (cache hit)
336 silly packumentCache full:https://registry.npmjs.org/ms set size:92208 disposed:false
337 http cache https://registry.npmjs.org/@babel%2fhelper-string-parser 118ms (cache hit)
338 silly packumentCache full:https://registry.npmjs.org/@babel%2fhelper-string-parser set size:82028 disposed:false
339 silly placeDep ROOT @babel/helper-validator-identifier@7.28.5 OK for: @babel/code-frame@7.29.0 want: ^7.28.5
340 silly placeDep ROOT js-tokens@4.0.0 OK for: @babel/code-frame@7.29.0 want: ^4.0.0
341 silly placeDep ROOT picocolors@1.1.1 OK for: @babel/code-frame@7.29.0 want: ^1.1.1
342 silly placeDep ROOT @jridgewell/gen-mapping@0.3.13 OK for: @babel/generator@7.29.1 want: ^0.3.12
343 silly placeDep ROOT @jridgewell/trace-mapping@0.3.31 OK for: @babel/generator@7.29.1 want: ^0.3.28
344 silly placeDep ROOT jsesc@3.1.0 OK for: @babel/generator@7.29.1 want: ^3.0.2
345 silly fetch manifest @jridgewell/sourcemap-codec@^1.5.0
346 silly packumentCache full:https://registry.npmjs.org/@jridgewell%2fsourcemap-codec cache-miss
347 silly fetch manifest @jridgewell/resolve-uri@^3.1.0
348 silly packumentCache full:https://registry.npmjs.org/@jridgewell%2fresolve-uri cache-miss
349 silly fetch manifest @jridgewell/sourcemap-codec@^1.4.14
350 silly packumentCache full:https://registry.npmjs.org/@jridgewell%2fsourcemap-codec cache-miss
351 http cache https://registry.npmjs.org/@jridgewell%2fsourcemap-codec 12ms (cache hit)
352 silly packumentCache full:https://registry.npmjs.org/@jridgewell%2fsourcemap-codec set size:59275 disposed:false
353 http cache https://registry.npmjs.org/@jridgewell%2fresolve-uri 15ms (cache hit)
354 silly packumentCache full:https://registry.npmjs.org/@jridgewell%2fresolve-uri set size:57361 disposed:false
355 http cache https://registry.npmjs.org/@jridgewell%2fsourcemap-codec 17ms (cache hit)
356 silly packumentCache full:https://registry.npmjs.org/@jridgewell%2fsourcemap-codec set size:59275 disposed:false
357 silly packumentCache full:https://registry.npmjs.org/@jridgewell%2fsourcemap-codec dispose
358 silly placeDep ROOT @babel/compat-data@7.29.0 OK for: @babel/helper-compilation-targets@7.28.6 want: ^7.28.6
359 silly placeDep ROOT @babel/helper-validator-option@7.27.1 OK for: @babel/helper-compilation-targets@7.28.6 want: ^7.27.1
360 silly placeDep ROOT browserslist@4.28.1 OK for: @babel/helper-compilation-targets@7.28.6 want: ^4.24.0
361 silly placeDep ROOT lru-cache@5.1.1 OK for: @babel/helper-compilation-targets@7.28.6 want: ^5.1.1
362 silly fetch manifest baseline-browser-mapping@^2.9.0
363 silly packumentCache full:https://registry.npmjs.org/baseline-browser-mapping cache-miss
364 silly fetch manifest caniuse-lite@^1.0.30001759
365 silly packumentCache full:https://registry.npmjs.org/caniuse-lite cache-miss
366 silly fetch manifest electron-to-chromium@^1.5.263
367 silly packumentCache full:https://registry.npmjs.org/electron-to-chromium cache-miss
368 silly fetch manifest node-releases@^2.0.27
369 silly packumentCache full:https://registry.npmjs.org/node-releases cache-miss
370 silly fetch manifest update-browserslist-db@^1.2.0
371 silly packumentCache full:https://registry.npmjs.org/update-browserslist-db cache-miss
372 silly fetch manifest yallist@^3.0.2
373 silly packumentCache full:https://registry.npmjs.org/yallist cache-miss
374 http cache https://registry.npmjs.org/node-releases 14ms (cache hit)
375 silly packumentCache full:https://registry.npmjs.org/node-releases set size:270656 disposed:false
376 http cache https://registry.npmjs.org/caniuse-lite 28ms (cache hit)
377 silly packumentCache full:https://registry.npmjs.org/caniuse-lite set size:2274989 disposed:false
378 http cache https://registry.npmjs.org/yallist 48ms (cache hit)
379 silly packumentCache full:https://registry.npmjs.org/yallist set size:34610 disposed:false
380 http cache https://registry.npmjs.org/baseline-browser-mapping 57ms (cache hit)
381 silly packumentCache full:https://registry.npmjs.org/baseline-browser-mapping set size:417071 disposed:false
382 http cache https://registry.npmjs.org/update-browserslist-db 61ms (cache hit)
383 silly packumentCache full:https://registry.npmjs.org/update-browserslist-db set size:62000 disposed:false
384 http cache https://registry.npmjs.org/electron-to-chromium 76ms (cache hit)
385 silly packumentCache full:https://registry.npmjs.org/electron-to-chromium set size:4739087 disposed:false
386 silly placeDep ROOT @babel/helper-module-imports@7.28.6 OK for: @babel/helper-module-transforms@7.28.6 want: ^7.28.6
387 silly placeDep ROOT @babel/helper-plugin-utils@7.28.6 OK for: @babel/plugin-transform-react-jsx-self@7.27.1 want: ^7.27.1
388 silly placeDep ROOT @babel/helper-globals@7.28.0 OK for: @babel/traverse@7.29.0 want: ^7.28.0
389 silly placeDep ROOT @babel/helper-string-parser@7.27.1 OK for: @babel/types@7.29.0 want: ^7.27.1
390 silly placeDep ROOT @jridgewell/sourcemap-codec@1.5.5 OK for: @jridgewell/gen-mapping@0.3.13 want: ^1.5.0
391 silly placeDep ROOT @jridgewell/resolve-uri@3.1.2 OK for: @jridgewell/trace-mapping@0.3.31 want: ^3.1.0
392 silly placeDep ROOT @types/babel__generator@7.27.0 OK for: @types/babel__core@7.20.5 want: *
393 silly placeDep ROOT @types/babel__template@7.4.4 OK for: @types/babel__core@7.20.5 want: *
394 silly placeDep ROOT @types/babel__traverse@7.28.0 OK for: @types/babel__core@7.20.5 want: *
395 silly fetch manifest browserslist@>= 4.21.0
396 silly packumentCache full:https://registry.npmjs.org/browserslist cache-hit
397 silly placeDep ROOT baseline-browser-mapping@2.10.12 OK for: browserslist@4.28.1 want: ^2.9.0
398 silly placeDep ROOT caniuse-lite@1.0.30001782 OK for: browserslist@4.28.1 want: ^1.0.30001759
399 silly placeDep ROOT electron-to-chromium@1.5.329 OK for: browserslist@4.28.1 want: ^1.5.263
400 silly placeDep ROOT node-releases@2.0.36 OK for: browserslist@4.28.1 want: ^2.0.27
401 silly placeDep ROOT update-browserslist-db@1.2.3 OK for: browserslist@4.28.1 want: ^1.2.0
402 silly fetch manifest escalade@^3.2.0
403 silly packumentCache full:https://registry.npmjs.org/escalade cache-miss
404 http cache https://registry.npmjs.org/escalade 9ms (cache hit)
405 silly packumentCache full:https://registry.npmjs.org/escalade set size:33724 disposed:false
406 silly placeDep ROOT ms@2.1.3 OK for: debug@4.4.3 want: ^2.1.3
407 silly placeDep ROOT yallist@3.1.1 OK for: lru-cache@5.1.1 want: ^3.0.2
408 silly placeDep ROOT loose-envify@1.4.0 OK for: react@18.3.1 want: ^1.1.0
409 silly placeDep ROOT scheduler@0.23.2 OK for: react-dom@18.3.1 want: ^0.23.2
410 silly fetch manifest react@>=16.8
411 silly packumentCache full:https://registry.npmjs.org/react cache-miss
412 http cache https://registry.npmjs.org/react 33ms (cache hit)
413 silly packumentCache full:https://registry.npmjs.org/react set size:6573158 disposed:false
414 silly placeDep ROOT @remix-run/router@1.23.2 OK for: react-router-dom@6.30.3 want: 1.23.2
415 silly placeDep ROOT react-router@6.30.3 OK for: react-router-dom@6.30.3 want: 6.30.3
416 silly placeDep ROOT escalade@3.2.0 OK for: update-browserslist-db@1.2.3 want: ^3.2.0
417 silly placeDep ROOT esbuild@0.21.5 OK for: vite@5.4.21 want: ^0.21.3
418 silly placeDep ROOT fsevents@2.3.3 OK for: vite@5.4.21 want: ~2.3.3
419 silly placeDep ROOT postcss@8.5.8 OK for: vite@5.4.21 want: ^8.4.43
420 silly placeDep ROOT rollup@4.60.1 OK for: vite@5.4.21 want: ^4.20.0
421 silly fetch manifest @esbuild/aix-ppc64@0.21.5
422 silly packumentCache full:https://registry.npmjs.org/@esbuild%2faix-ppc64 cache-miss
423 silly fetch manifest @esbuild/linux-arm@0.21.5
424 silly packumentCache full:https://registry.npmjs.org/@esbuild%2flinux-arm cache-miss
425 silly fetch manifest @esbuild/linux-x64@0.21.5
426 silly packumentCache full:https://registry.npmjs.org/@esbuild%2flinux-x64 cache-miss
427 silly fetch manifest @esbuild/sunos-x64@0.21.5
428 silly packumentCache full:https://registry.npmjs.org/@esbuild%2fsunos-x64 cache-miss
429 silly fetch manifest @esbuild/win32-x64@0.21.5
430 silly packumentCache full:https://registry.npmjs.org/@esbuild%2fwin32-x64 cache-miss
431 silly fetch manifest @esbuild/darwin-x64@0.21.5
432 silly packumentCache full:https://registry.npmjs.org/@esbuild%2fdarwin-x64 cache-miss
433 silly fetch manifest @esbuild/linux-ia32@0.21.5
434 silly packumentCache full:https://registry.npmjs.org/@esbuild%2flinux-ia32 cache-miss
435 silly fetch manifest @esbuild/netbsd-x64@0.21.5
436 silly packumentCache full:https://registry.npmjs.org/@esbuild%2fnetbsd-x64 cache-miss
437 silly fetch manifest @esbuild/win32-ia32@0.21.5
438 silly packumentCache full:https://registry.npmjs.org/@esbuild%2fwin32-ia32 cache-miss
439 silly fetch manifest @esbuild/android-arm@0.21.5
440 silly packumentCache full:https://registry.npmjs.org/@esbuild%2fandroid-arm cache-miss
441 silly fetch manifest @esbuild/android-x64@0.21.5
442 silly packumentCache full:https://registry.npmjs.org/@esbuild%2fandroid-x64 cache-miss
443 http cache https://registry.npmjs.org/@esbuild%2flinux-x64 207ms (cache hit)
444 silly packumentCache full:https://registry.npmjs.org/@esbuild%2flinux-x64 set size:188891 disposed:false
445 silly fetch manifest @esbuild/freebsd-x64@0.21.5
446 silly packumentCache full:https://registry.npmjs.org/@esbuild%2ffreebsd-x64 cache-miss
447 http cache https://registry.npmjs.org/@esbuild%2fsunos-x64 264ms (cache hit)
448 silly packumentCache full:https://registry.npmjs.org/@esbuild%2fsunos-x64 set size:189123 disposed:false
449 silly fetch manifest @esbuild/linux-arm64@0.21.5
450 silly packumentCache full:https://registry.npmjs.org/@esbuild%2flinux-arm64 cache-miss
451 http cache https://registry.npmjs.org/@esbuild%2fwin32-x64 293ms (cache hit)
452 silly packumentCache full:https://registry.npmjs.org/@esbuild%2fwin32-x64 set size:189125 disposed:false
453 silly fetch manifest @esbuild/linux-ppc64@0.21.5
454 silly packumentCache full:https://registry.npmjs.org/@esbuild%2flinux-ppc64 cache-miss
455 http cache https://registry.npmjs.org/@esbuild%2fdarwin-x64 306ms (cache hit)
456 silly packumentCache full:https://registry.npmjs.org/@esbuild%2fdarwin-x64 set size:189577 disposed:false
457 silly fetch manifest @esbuild/linux-s390x@0.21.5
458 silly packumentCache full:https://registry.npmjs.org/@esbuild%2flinux-s390x cache-miss
459 http cache https://registry.npmjs.org/@esbuild%2flinux-arm 329ms (cache hit)
460 silly packumentCache full:https://registry.npmjs.org/@esbuild%2flinux-arm set size:188561 disposed:false
461 silly fetch manifest @esbuild/openbsd-x64@0.21.5
462 silly packumentCache full:https://registry.npmjs.org/@esbuild%2fopenbsd-x64 cache-miss
463 http cache https://registry.npmjs.org/@esbuild%2flinux-ia32 325ms (cache hit)
464 silly packumentCache full:https://registry.npmjs.org/@esbuild%2flinux-ia32 set size:189532 disposed:false
465 silly fetch manifest @esbuild/win32-arm64@0.21.5
466 silly packumentCache full:https://registry.npmjs.org/@esbuild%2fwin32-arm64 cache-miss
467 http cache https://registry.npmjs.org/@esbuild%2faix-ppc64 352ms (cache hit)
468 silly packumentCache full:https://registry.npmjs.org/@esbuild%2faix-ppc64 set size:57686 disposed:false
469 silly fetch manifest @esbuild/darwin-arm64@0.21.5
470 silly packumentCache full:https://registry.npmjs.org/@esbuild%2fdarwin-arm64 cache-miss
471 http cache https://registry.npmjs.org/@esbuild%2fnetbsd-x64 335ms (cache hit)
472 silly packumentCache full:https://registry.npmjs.org/@esbuild%2fnetbsd-x64 set size:187362 disposed:false
473 silly fetch manifest @esbuild/android-arm64@0.21.5
474 silly packumentCache full:https://registry.npmjs.org/@esbuild%2fandroid-arm64 cache-miss
475 http cache https://registry.npmjs.org/@esbuild%2fwin32-ia32 358ms (cache hit)
476 silly packumentCache full:https://registry.npmjs.org/@esbuild%2fwin32-ia32 set size:189750 disposed:false
477 silly fetch manifest @esbuild/freebsd-arm64@0.21.5
478 silly packumentCache full:https://registry.npmjs.org/@esbuild%2ffreebsd-arm64 cache-miss
479 http cache https://registry.npmjs.org/@esbuild%2fandroid-x64 366ms (cache hit)
480 silly packumentCache full:https://registry.npmjs.org/@esbuild%2fandroid-x64 set size:188956 disposed:false
481 silly fetch manifest @esbuild/linux-loong64@0.21.5
482 silly packumentCache full:https://registry.npmjs.org/@esbuild%2flinux-loong64 cache-miss
483 http cache https://registry.npmjs.org/@esbuild%2fandroid-arm 387ms (cache hit)
484 silly packumentCache full:https://registry.npmjs.org/@esbuild%2fandroid-arm set size:215153 disposed:false
485 silly fetch manifest @esbuild/linux-riscv64@0.21.5
486 silly packumentCache full:https://registry.npmjs.org/@esbuild%2flinux-riscv64 cache-miss
487 http cache https://registry.npmjs.org/@esbuild%2flinux-arm64 185ms (cache hit)
488 silly packumentCache full:https://registry.npmjs.org/@esbuild%2flinux-arm64 set size:190613 disposed:false
489 silly fetch manifest @esbuild/linux-mips64el@0.21.5
490 silly packumentCache full:https://registry.npmjs.org/@esbuild%2flinux-mips64el cache-miss
491 http cache https://registry.npmjs.org/@esbuild%2flinux-ppc64 187ms (cache hit)
492 silly packumentCache full:https://registry.npmjs.org/@esbuild%2flinux-ppc64 set size:192578 disposed:false
493 silly fetch manifest nanoid@^3.3.11
494 silly packumentCache full:https://registry.npmjs.org/nanoid cache-miss
495 http cache https://registry.npmjs.org/@esbuild%2flinux-s390x 187ms (cache hit)
496 silly packumentCache full:https://registry.npmjs.org/@esbuild%2flinux-s390x set size:192070 disposed:false
497 silly fetch manifest source-map-js@^1.2.1
498 silly packumentCache full:https://registry.npmjs.org/source-map-js cache-miss
499 http cache https://registry.npmjs.org/@esbuild%2fandroid-arm64 151ms (cache hit)
500 silly packumentCache full:https://registry.npmjs.org/@esbuild%2fandroid-arm64 set size:193961 disposed:false
501 silly fetch manifest @types/estree@1.0.8
502 silly packumentCache full:https://registry.npmjs.org/@types%2festree cache-miss
503 http cache https://registry.npmjs.org/@esbuild%2ffreebsd-x64 285ms (cache hit)
504 silly packumentCache full:https://registry.npmjs.org/@esbuild%2ffreebsd-x64 set size:190419 disposed:false
505 silly fetch manifest @rollup/rollup-darwin-arm64@4.60.1
506 silly packumentCache full:https://registry.npmjs.org/@rollup%2frollup-darwin-arm64 cache-miss
507 http cache https://registry.npmjs.org/@esbuild%2fwin32-arm64 216ms (cache hit)
508 silly packumentCache full:https://registry.npmjs.org/@esbuild%2fwin32-arm64 set size:190835 disposed:false
509 silly fetch manifest @rollup/rollup-android-arm64@4.60.1
510 silly packumentCache full:https://registry.npmjs.org/@rollup%2frollup-android-arm64 cache-miss
511 http cache https://registry.npmjs.org/@esbuild%2fdarwin-arm64 220ms (cache hit)
512 silly packumentCache full:https://registry.npmjs.org/@esbuild%2fdarwin-arm64 set size:191268 disposed:false
513 silly fetch manifest @rollup/rollup-win32-arm64-msvc@4.60.1
514 silly packumentCache full:https://registry.npmjs.org/@rollup%2frollup-win32-arm64-msvc cache-miss
515 http cache https://registry.npmjs.org/@esbuild%2fopenbsd-x64 248ms (cache hit)
516 silly packumentCache full:https://registry.npmjs.org/@esbuild%2fopenbsd-x64 set size:190425 disposed:false
517 silly fetch manifest @rollup/rollup-freebsd-arm64@4.60.1
518 silly packumentCache full:https://registry.npmjs.org/@rollup%2frollup-freebsd-arm64 cache-miss
519 http cache https://registry.npmjs.org/@esbuild%2flinux-loong64 194ms (cache hit)
520 silly packumentCache full:https://registry.npmjs.org/@esbuild%2flinux-loong64 set size:245468 disposed:false
521 silly fetch manifest @rollup/rollup-linux-arm64-gnu@4.60.1
522 silly packumentCache full:https://registry.npmjs.org/@rollup%2frollup-linux-arm64-gnu cache-miss
523 http cache https://registry.npmjs.org/@esbuild%2flinux-riscv64 184ms (cache hit)
524 silly packumentCache full:https://registry.npmjs.org/@esbuild%2flinux-riscv64 set size:192251 disposed:false
525 silly fetch manifest @rollup/rollup-linux-arm64-musl@4.60.1
526 silly packumentCache full:https://registry.npmjs.org/@rollup%2frollup-linux-arm64-musl cache-miss
527 http cache https://registry.npmjs.org/@esbuild%2ffreebsd-arm64 231ms (cache hit)
528 silly packumentCache full:https://registry.npmjs.org/@esbuild%2ffreebsd-arm64 set size:192128 disposed:false
529 silly fetch manifest @rollup/rollup-android-arm-eabi@4.60.1
530 silly packumentCache full:https://registry.npmjs.org/@rollup%2frollup-android-arm-eabi cache-miss
531 http cache https://registry.npmjs.org/source-map-js 154ms (cache hit)
532 silly packumentCache full:https://registry.npmjs.org/source-map-js set size:62640 disposed:false
533 silly fetch manifest @rollup/rollup-linux-arm-gnueabihf@4.60.1
534 silly packumentCache full:https://registry.npmjs.org/@rollup%2frollup-linux-arm-gnueabihf cache-miss
535 http cache https://registry.npmjs.org/@esbuild%2flinux-mips64el 199ms (cache hit)
536 silly packumentCache full:https://registry.npmjs.org/@esbuild%2flinux-mips64el set size:194259 disposed:false
537 silly fetch manifest @rollup/rollup-linux-arm-musleabihf@4.60.1
538 silly packumentCache full:https://registry.npmjs.org/@rollup%2frollup-linux-arm-musleabihf cache-miss
539 http cache https://registry.npmjs.org/@types%2festree 172ms (cache hit)
540 silly packumentCache full:https://registry.npmjs.org/@types%2festree set size:74091 disposed:false
541 silly fetch manifest @rollup/rollup-win32-ia32-msvc@4.60.1
542 silly packumentCache full:https://registry.npmjs.org/@rollup%2frollup-win32-ia32-msvc cache-miss
543 http cache https://registry.npmjs.org/@rollup%2frollup-darwin-arm64 154ms (cache hit)
544 silly packumentCache full:https://registry.npmjs.org/@rollup%2frollup-darwin-arm64 set size:332157 disposed:false
545 silly fetch manifest @rollup/rollup-linux-loong64-gnu@4.60.1
546 silly packumentCache full:https://registry.npmjs.org/@rollup%2frollup-linux-loong64-gnu cache-miss
547 http cache https://registry.npmjs.org/nanoid 221ms (cache hit)
548 silly packumentCache full:https://registry.npmjs.org/nanoid set size:300313 disposed:false
549 silly fetch manifest @rollup/rollup-linux-loong64-musl@4.60.1
550 silly packumentCache full:https://registry.npmjs.org/@rollup%2frollup-linux-loong64-musl cache-miss
551 http cache https://registry.npmjs.org/@rollup%2frollup-android-arm64 181ms (cache hit)
552 silly packumentCache full:https://registry.npmjs.org/@rollup%2frollup-android-arm64 set size:333635 disposed:false
553 silly fetch manifest @rollup/rollup-linux-riscv64-gnu@4.60.1
554 silly packumentCache full:https://registry.npmjs.org/@rollup%2frollup-linux-riscv64-gnu cache-miss
555 http cache https://registry.npmjs.org/@rollup%2frollup-linux-arm64-gnu 152ms (cache hit)
556 silly packumentCache full:https://registry.npmjs.org/@rollup%2frollup-linux-arm64-gnu set size:339193 disposed:false
557 silly fetch manifest @rollup/rollup-linux-riscv64-musl@4.60.1
558 silly packumentCache full:https://registry.npmjs.org/@rollup%2frollup-linux-riscv64-musl cache-miss
559 http cache https://registry.npmjs.org/@rollup%2frollup-freebsd-arm64 186ms (cache hit)
560 silly packumentCache full:https://registry.npmjs.org/@rollup%2frollup-freebsd-arm64 set size:181840 disposed:false
561 silly fetch manifest @rollup/rollup-linux-ppc64-gnu@4.60.1
562 silly packumentCache full:https://registry.npmjs.org/@rollup%2frollup-linux-ppc64-gnu cache-miss
563 http cache https://registry.npmjs.org/@rollup%2frollup-win32-arm64-msvc 217ms (cache hit)
564 silly packumentCache full:https://registry.npmjs.org/@rollup%2frollup-win32-arm64-msvc set size:336975 disposed:false
565 silly fetch manifest @rollup/rollup-linux-ppc64-musl@4.60.1
566 silly packumentCache full:https://registry.npmjs.org/@rollup%2frollup-linux-ppc64-musl cache-miss
567 http cache https://registry.npmjs.org/@rollup%2frollup-linux-arm64-musl 199ms (cache hit)
568 silly packumentCache full:https://registry.npmjs.org/@rollup%2frollup-linux-arm64-musl set size:294560 disposed:false
569 silly fetch manifest @rollup/rollup-linux-s390x-gnu@4.60.1
570 silly packumentCache full:https://registry.npmjs.org/@rollup%2frollup-linux-s390x-gnu cache-miss
571 http cache https://registry.npmjs.org/@rollup%2frollup-android-arm-eabi 197ms (cache hit)
572 silly packumentCache full:https://registry.npmjs.org/@rollup%2frollup-android-arm-eabi set size:336982 disposed:false
573 silly fetch manifest @rollup/rollup-darwin-x64@4.60.1
574 silly packumentCache full:https://registry.npmjs.org/@rollup%2frollup-darwin-x64 cache-miss
575 http cache https://registry.npmjs.org/@rollup%2frollup-linux-loong64-gnu 139ms (cache hit)
576 silly packumentCache full:https://registry.npmjs.org/@rollup%2frollup-linux-loong64-gnu set size:63604 disposed:false
577 silly fetch manifest @rollup/rollup-win32-x64-gnu@4.60.1
578 silly packumentCache full:https://registry.npmjs.org/@rollup%2frollup-win32-x64-gnu cache-miss
579 http cache https://registry.npmjs.org/@rollup%2frollup-linux-arm-musleabihf 166ms (cache hit)
580 silly packumentCache full:https://registry.npmjs.org/@rollup%2frollup-linux-arm-musleabihf set size:236768 disposed:false
581 silly fetch manifest @rollup/rollup-win32-x64-msvc@4.60.1
582 silly packumentCache full:https://registry.npmjs.org/@rollup%2frollup-win32-x64-msvc cache-miss
583 http cache https://registry.npmjs.org/@rollup%2frollup-win32-ia32-msvc 168ms (cache hit)
584 silly packumentCache full:https://registry.npmjs.org/@rollup%2frollup-win32-ia32-msvc set size:335514 disposed:false
585 silly fetch manifest @rollup/rollup-freebsd-x64@4.60.1
586 silly packumentCache full:https://registry.npmjs.org/@rollup%2frollup-freebsd-x64 cache-miss
587 http cache https://registry.npmjs.org/@rollup%2frollup-linux-riscv64-musl 110ms (cache hit)
588 silly packumentCache full:https://registry.npmjs.org/@rollup%2frollup-linux-riscv64-musl set size:111256 disposed:false
589 silly fetch manifest @rollup/rollup-linux-x64-gnu@4.60.1
590 silly packumentCache full:https://registry.npmjs.org/@rollup%2frollup-linux-x64-gnu cache-miss
591 http cache https://registry.npmjs.org/@rollup%2frollup-linux-arm-gnueabihf 207ms (cache hit)
592 silly packumentCache full:https://registry.npmjs.org/@rollup%2frollup-linux-arm-gnueabihf set size:342609 disposed:false
593 silly fetch manifest @rollup/rollup-linux-x64-musl@4.60.1
594 silly packumentCache full:https://registry.npmjs.org/@rollup%2frollup-linux-x64-musl cache-miss
595 http cache https://registry.npmjs.org/@rollup%2frollup-linux-loong64-musl 160ms (cache hit)
596 silly packumentCache full:https://registry.npmjs.org/@rollup%2frollup-linux-loong64-musl set size:25591 disposed:false
597 silly fetch manifest @rollup/rollup-openbsd-x64@4.60.1
598 silly packumentCache full:https://registry.npmjs.org/@rollup%2frollup-openbsd-x64 cache-miss
599 http cache https://registry.npmjs.org/@rollup%2frollup-linux-riscv64-gnu 152ms (cache hit)
600 silly packumentCache full:https://registry.npmjs.org/@rollup%2frollup-linux-riscv64-gnu set size:265290 disposed:false
601 silly fetch manifest @rollup/rollup-openharmony-arm64@4.60.1
602 silly packumentCache full:https://registry.npmjs.org/@rollup%2frollup-openharmony-arm64 cache-miss
603 http cache https://registry.npmjs.org/@rollup%2frollup-linux-ppc64-gnu 129ms (cache hit)
604 silly packumentCache full:https://registry.npmjs.org/@rollup%2frollup-linux-ppc64-gnu set size:83870 disposed:false
605 http cache https://registry.npmjs.org/@rollup%2frollup-linux-ppc64-musl 117ms (cache hit)
606 silly packumentCache full:https://registry.npmjs.org/@rollup%2frollup-linux-ppc64-musl set size:25379 disposed:false
607 http cache https://registry.npmjs.org/@rollup%2frollup-linux-s390x-gnu 115ms (cache hit)
608 silly packumentCache full:https://registry.npmjs.org/@rollup%2frollup-linux-s390x-gnu set size:239039 disposed:false
609 http cache https://registry.npmjs.org/@rollup%2frollup-darwin-x64 114ms (cache hit)
610 silly packumentCache full:https://registry.npmjs.org/@rollup%2frollup-darwin-x64 set size:327406 disposed:false
611 http cache https://registry.npmjs.org/@rollup%2frollup-linux-x64-gnu 91ms (cache hit)
612 silly packumentCache full:https://registry.npmjs.org/@rollup%2frollup-linux-x64-gnu set size:334376 disposed:false
613 http cache https://registry.npmjs.org/@rollup%2frollup-win32-x64-gnu 131ms (cache hit)
614 silly packumentCache full:https://registry.npmjs.org/@rollup%2frollup-win32-x64-gnu set size:55291 disposed:false
615 http cache https://registry.npmjs.org/@rollup%2frollup-freebsd-x64 115ms (cache hit)
616 silly packumentCache full:https://registry.npmjs.org/@rollup%2frollup-freebsd-x64 set size:179982 disposed:false
617 http cache https://registry.npmjs.org/@rollup%2frollup-win32-x64-msvc 137ms (cache hit)
618 silly packumentCache full:https://registry.npmjs.org/@rollup%2frollup-win32-x64-msvc set size:332186 disposed:false
619 http cache https://registry.npmjs.org/@rollup%2frollup-linux-x64-musl 125ms (cache hit)
620 silly packumentCache full:https://registry.npmjs.org/@rollup%2frollup-linux-x64-musl set size:333710 disposed:false
621 http cache https://registry.npmjs.org/@rollup%2frollup-openbsd-x64 128ms (cache hit)
622 silly packumentCache full:https://registry.npmjs.org/@rollup%2frollup-openbsd-x64 set size:24724 disposed:false
623 http cache https://registry.npmjs.org/@rollup%2frollup-openharmony-arm64 120ms (cache hit)
624 silly packumentCache full:https://registry.npmjs.org/@rollup%2frollup-openharmony-arm64 set size:64522 disposed:false
625 silly placeDep ROOT @esbuild/aix-ppc64@0.21.5 OK for: esbuild@0.21.5 want: 0.21.5
626 silly placeDep ROOT @esbuild/android-arm@0.21.5 OK for: esbuild@0.21.5 want: 0.21.5
627 silly placeDep ROOT @esbuild/android-arm64@0.21.5 OK for: esbuild@0.21.5 want: 0.21.5
628 silly placeDep ROOT @esbuild/android-x64@0.21.5 OK for: esbuild@0.21.5 want: 0.21.5
629 silly placeDep ROOT @esbuild/darwin-arm64@0.21.5 OK for: esbuild@0.21.5 want: 0.21.5
630 silly placeDep ROOT @esbuild/darwin-x64@0.21.5 OK for: esbuild@0.21.5 want: 0.21.5
631 silly placeDep ROOT @esbuild/freebsd-arm64@0.21.5 OK for: esbuild@0.21.5 want: 0.21.5
632 silly placeDep ROOT @esbuild/freebsd-x64@0.21.5 OK for: esbuild@0.21.5 want: 0.21.5
633 silly placeDep ROOT @esbuild/linux-arm@0.21.5 OK for: esbuild@0.21.5 want: 0.21.5
634 silly placeDep ROOT @esbuild/linux-arm64@0.21.5 OK for: esbuild@0.21.5 want: 0.21.5
635 silly placeDep ROOT @esbuild/linux-ia32@0.21.5 OK for: esbuild@0.21.5 want: 0.21.5
636 silly placeDep ROOT @esbuild/linux-loong64@0.21.5 OK for: esbuild@0.21.5 want: 0.21.5
637 silly placeDep ROOT @esbuild/linux-mips64el@0.21.5 OK for: esbuild@0.21.5 want: 0.21.5
638 silly placeDep ROOT @esbuild/linux-ppc64@0.21.5 OK for: esbuild@0.21.5 want: 0.21.5
639 silly placeDep ROOT @esbuild/linux-riscv64@0.21.5 OK for: esbuild@0.21.5 want: 0.21.5
640 silly placeDep ROOT @esbuild/linux-s390x@0.21.5 OK for: esbuild@0.21.5 want: 0.21.5
641 silly placeDep ROOT @esbuild/linux-x64@0.21.5 OK for: esbuild@0.21.5 want: 0.21.5
642 silly placeDep ROOT @esbuild/netbsd-x64@0.21.5 OK for: esbuild@0.21.5 want: 0.21.5
643 silly placeDep ROOT @esbuild/openbsd-x64@0.21.5 OK for: esbuild@0.21.5 want: 0.21.5
644 silly placeDep ROOT @esbuild/sunos-x64@0.21.5 OK for: esbuild@0.21.5 want: 0.21.5
645 silly placeDep ROOT @esbuild/win32-arm64@0.21.5 OK for: esbuild@0.21.5 want: 0.21.5
646 silly placeDep ROOT @esbuild/win32-ia32@0.21.5 OK for: esbuild@0.21.5 want: 0.21.5
647 silly placeDep ROOT @esbuild/win32-x64@0.21.5 OK for: esbuild@0.21.5 want: 0.21.5
648 silly placeDep ROOT nanoid@3.3.11 OK for: postcss@8.5.8 want: ^3.3.11
649 silly placeDep ROOT source-map-js@1.2.1 OK for: postcss@8.5.8 want: ^1.2.1
650 silly placeDep ROOT @rollup/rollup-android-arm-eabi@4.60.1 OK for: rollup@4.60.1 want: 4.60.1
651 silly placeDep ROOT @rollup/rollup-android-arm64@4.60.1 OK for: rollup@4.60.1 want: 4.60.1
652 silly placeDep ROOT @rollup/rollup-darwin-arm64@4.60.1 OK for: rollup@4.60.1 want: 4.60.1
653 silly placeDep ROOT @rollup/rollup-darwin-x64@4.60.1 OK for: rollup@4.60.1 want: 4.60.1
654 silly placeDep ROOT @rollup/rollup-freebsd-arm64@4.60.1 OK for: rollup@4.60.1 want: 4.60.1
655 silly placeDep ROOT @rollup/rollup-freebsd-x64@4.60.1 OK for: rollup@4.60.1 want: 4.60.1
656 silly placeDep ROOT @rollup/rollup-linux-arm-gnueabihf@4.60.1 OK for: rollup@4.60.1 want: 4.60.1
657 silly placeDep ROOT @rollup/rollup-linux-arm-musleabihf@4.60.1 OK for: rollup@4.60.1 want: 4.60.1
658 silly placeDep ROOT @rollup/rollup-linux-arm64-gnu@4.60.1 OK for: rollup@4.60.1 want: 4.60.1
659 silly placeDep ROOT @rollup/rollup-linux-arm64-musl@4.60.1 OK for: rollup@4.60.1 want: 4.60.1
660 silly placeDep ROOT @rollup/rollup-linux-loong64-gnu@4.60.1 OK for: rollup@4.60.1 want: 4.60.1
661 silly placeDep ROOT @rollup/rollup-linux-loong64-musl@4.60.1 OK for: rollup@4.60.1 want: 4.60.1
662 silly placeDep ROOT @rollup/rollup-linux-ppc64-gnu@4.60.1 OK for: rollup@4.60.1 want: 4.60.1
663 silly placeDep ROOT @rollup/rollup-linux-ppc64-musl@4.60.1 OK for: rollup@4.60.1 want: 4.60.1
664 silly placeDep ROOT @rollup/rollup-linux-riscv64-gnu@4.60.1 OK for: rollup@4.60.1 want: 4.60.1
665 silly placeDep ROOT @rollup/rollup-linux-riscv64-musl@4.60.1 OK for: rollup@4.60.1 want: 4.60.1
666 silly placeDep ROOT @rollup/rollup-linux-s390x-gnu@4.60.1 OK for: rollup@4.60.1 want: 4.60.1
667 silly placeDep ROOT @rollup/rollup-linux-x64-gnu@4.60.1 OK for: rollup@4.60.1 want: 4.60.1
668 silly placeDep ROOT @rollup/rollup-linux-x64-musl@4.60.1 OK for: rollup@4.60.1 want: 4.60.1
669 silly placeDep ROOT @rollup/rollup-openbsd-x64@4.60.1 OK for: rollup@4.60.1 want: 4.60.1
670 silly placeDep ROOT @rollup/rollup-openharmony-arm64@4.60.1 OK for: rollup@4.60.1 want: 4.60.1
671 silly placeDep ROOT @rollup/rollup-win32-arm64-msvc@4.60.1 OK for: rollup@4.60.1 want: 4.60.1
672 silly placeDep ROOT @rollup/rollup-win32-ia32-msvc@4.60.1 OK for: rollup@4.60.1 want: 4.60.1
673 silly placeDep ROOT @rollup/rollup-win32-x64-gnu@4.60.1 OK for: rollup@4.60.1 want: 4.60.1
674 silly placeDep ROOT @rollup/rollup-win32-x64-msvc@4.60.1 OK for: rollup@4.60.1 want: 4.60.1
675 silly placeDep ROOT @types/estree@1.0.8 OK for: rollup@4.60.1 want: 1.0.8
676 silly reify moves {}
677 silly audit bulk request {
677 silly audit   '@types/react': [ '18.3.28' ],
677 silly audit   '@types/react-dom': [ '18.3.7' ],
677 silly audit   '@vitejs/plugin-react': [ '4.7.0' ],
677 silly audit   vite: [ '5.4.21' ],
677 silly audit   react: [ '18.3.1' ],
677 silly audit   'react-dom': [ '18.3.1' ],
677 silly audit   'react-router-dom': [ '6.30.3' ],
677 silly audit   typescript: [ '5.9.3' ],
677 silly audit   '@types/prop-types': [ '15.7.15' ],
677 silly audit   csstype: [ '3.2.3' ],
677 silly audit   '@babel/core': [ '7.29.0' ],
677 silly audit   '@babel/plugin-transform-react-jsx-self': [ '7.27.1' ],
677 silly audit   '@babel/plugin-transform-react-jsx-source': [ '7.27.1' ],
677 silly audit   '@rolldown/pluginutils': [ '1.0.0-beta.27' ],
677 silly audit   '@types/babel__core': [ '7.20.5' ],
677 silly audit   'react-refresh': [ '0.17.0' ],
677 silly audit   '@babel/code-frame': [ '7.29.0' ],
677 silly audit   '@babel/generator': [ '7.29.1' ],
677 silly audit   '@babel/helper-compilation-targets': [ '7.28.6' ],
677 silly audit   '@babel/helper-module-transforms': [ '7.28.6' ],
677 silly audit   '@babel/helpers': [ '7.29.2' ],
677 silly audit   '@babel/parser': [ '7.29.2' ],
677 silly audit   '@babel/template': [ '7.28.6' ],
677 silly audit   '@babel/traverse': [ '7.29.0' ],
677 silly audit   '@babel/types': [ '7.29.0' ],
677 silly audit   '@jridgewell/remapping': [ '2.3.5' ],
677 silly audit   'convert-source-map': [ '2.0.0' ],
677 silly audit   debug: [ '4.4.3' ],
677 silly audit   gensync: [ '1.0.0-beta.2' ],
677 silly audit   json5: [ '2.2.3' ],
677 silly audit   semver: [ '6.3.1' ],
677 silly audit   '@babel/helper-validator-identifier': [ '7.28.5' ],
677 silly audit   'js-tokens': [ '4.0.0' ],
677 silly audit   picocolors: [ '1.1.1' ],
677 silly audit   '@jridgewell/gen-mapping': [ '0.3.13' ],
677 silly audit   '@jridgewell/trace-mapping': [ '0.3.31' ],
677 silly audit   jsesc: [ '3.1.0' ],
677 silly audit   '@babel/compat-data': [ '7.29.0' ],
677 silly audit   '@babel/helper-validator-option': [ '7.27.1' ],
677 silly audit   browserslist: [ '4.28.1' ],
677 silly audit   'lru-cache': [ '5.1.1' ],
677 silly audit   '@babel/helper-module-imports': [ '7.28.6' ],
677 silly audit   '@babel/helper-plugin-utils': [ '7.28.6' ],
677 silly audit   '@babel/helper-globals': [ '7.28.0' ],
677 silly audit   '@babel/helper-string-parser': [ '7.27.1' ],
677 silly audit   '@jridgewell/sourcemap-codec': [ '1.5.5' ],
677 silly audit   '@jridgewell/resolve-uri': [ '3.1.2' ],
677 silly audit   '@types/babel__generator': [ '7.27.0' ],
677 silly audit   '@types/babel__template': [ '7.4.4' ],
677 silly audit   '@types/babel__traverse': [ '7.28.0' ],
677 silly audit   'baseline-browser-mapping': [ '2.10.12' ],
677 silly audit   'caniuse-lite': [ '1.0.30001782' ],
677 silly audit   'electron-to-chromium': [ '1.5.329' ],
677 silly audit   'node-releases': [ '2.0.36' ],
677 silly audit   'update-browserslist-db': [ '1.2.3' ],
677 silly audit   ms: [ '2.1.3' ],
677 silly audit   yallist: [ '3.1.1' ],
677 silly audit   'loose-envify': [ '1.4.0' ],
677 silly audit   scheduler: [ '0.23.2' ],
677 silly audit   '@remix-run/router': [ '1.23.2' ],
677 silly audit   'react-router': [ '6.30.3' ],
677 silly audit   escalade: [ '3.2.0' ],
677 silly audit   esbuild: [ '0.21.5' ],
677 silly audit   fsevents: [ '2.3.3' ],
677 silly audit   postcss: [ '8.5.8' ],
677 silly audit   rollup: [ '4.60.1' ],
677 silly audit   '@esbuild/aix-ppc64': [ '0.21.5' ],
677 silly audit   '@esbuild/android-arm': [ '0.21.5' ],
677 silly audit   '@esbuild/android-arm64': [ '0.21.5' ],
677 silly audit   '@esbuild/android-x64': [ '0.21.5' ],
677 silly audit   '@esbuild/darwin-arm64': [ '0.21.5' ],
677 silly audit   '@esbuild/darwin-x64': [ '0.21.5' ],
677 silly audit   '@esbuild/freebsd-arm64': [ '0.21.5' ],
677 silly audit   '@esbuild/freebsd-x64': [ '0.21.5' ],
677 silly audit   '@esbuild/linux-arm': [ '0.21.5' ],
677 silly audit   '@esbuild/linux-arm64': [ '0.21.5' ],
677 silly audit   '@esbuild/linux-ia32': [ '0.21.5' ],
677 silly audit   '@esbuild/linux-loong64': [ '0.21.5' ],
677 silly audit   '@esbuild/linux-mips64el': [ '0.21.5' ],
677 silly audit   '@esbuild/linux-ppc64': [ '0.21.5' ],
677 silly audit   '@esbuild/linux-riscv64': [ '0.21.5' ],
677 silly audit   '@esbuild/linux-s390x': [ '0.21.5' ],
677 silly audit   '@esbuild/linux-x64': [ '0.21.5' ],
677 silly audit   '@esbuild/netbsd-x64': [ '0.21.5' ],
677 silly audit   '@esbuild/openbsd-x64': [ '0.21.5' ],
677 silly audit   '@esbuild/sunos-x64': [ '0.21.5' ],
677 silly audit   '@esbuild/win32-arm64': [ '0.21.5' ],
677 silly audit   '@esbuild/win32-ia32': [ '0.21.5' ],
677 silly audit   '@esbuild/win32-x64': [ '0.21.5' ],
677 silly audit   nanoid: [ '3.3.11' ],
677 silly audit   'source-map-js': [ '1.2.1' ],
677 silly audit   '@rollup/rollup-android-arm-eabi': [ '4.60.1' ],
677 silly audit   '@rollup/rollup-android-arm64': [ '4.60.1' ],
677 silly audit   '@rollup/rollup-darwin-arm64': [ '4.60.1' ],
677 silly audit   '@rollup/rollup-darwin-x64': [ '4.60.1' ],
677 silly audit   '@rollup/rollup-freebsd-arm64': [ '4.60.1' ],
677 silly audit   '@rollup/rollup-freebsd-x64': [ '4.60.1' ],
677 silly audit   '@rollup/rollup-linux-arm-gnueabihf': [ '4.60.1' ],
677 silly audit   '@rollup/rollup-linux-arm-musleabihf': [ '4.60.1' ],
677 silly audit   '@rollup/rollup-linux-arm64-gnu': [ '4.60.1' ],
677 silly audit   '@rollup/rollup-linux-arm64-musl': [ '4.60.1' ],
677 silly audit   '@rollup/rollup-linux-loong64-gnu': [ '4.60.1' ],
677 silly audit   '@rollup/rollup-linux-loong64-musl': [ '4.60.1' ],
677 silly audit   '@rollup/rollup-linux-ppc64-gnu': [ '4.60.1' ],
677 silly audit   '@rollup/rollup-linux-ppc64-musl': [ '4.60.1' ],
677 silly audit   '@rollup/rollup-linux-riscv64-gnu': [ '4.60.1' ],
677 silly audit   '@rollup/rollup-linux-riscv64-musl': [ '4.60.1' ],
677 silly audit   '@rollup/rollup-linux-s390x-gnu': [ '4.60.1' ],
677 silly audit   '@rollup/rollup-linux-x64-gnu': [ '4.60.1' ],
677 silly audit   '@rollup/rollup-linux-x64-musl': [ '4.60.1' ],
677 silly audit   '@rollup/rollup-openbsd-x64': [ '4.60.1' ],
677 silly audit   '@rollup/rollup-openharmony-arm64': [ '4.60.1' ],
677 silly audit   '@rollup/rollup-win32-arm64-msvc': [ '4.60.1' ],
677 silly audit   '@rollup/rollup-win32-ia32-msvc': [ '4.60.1' ],
677 silly audit   '@rollup/rollup-win32-x64-gnu': [ '4.60.1' ],
677 silly audit   '@rollup/rollup-win32-x64-msvc': [ '4.60.1' ],
677 silly audit   '@types/estree': [ '1.0.8' ]
677 silly audit }
678 http cache @types/estree@https://registry.npmjs.org/@types/estree/-/estree-1.0.8.tgz 0ms (cache hit)
679 http cache @rollup/rollup-win32-x64-msvc@https://registry.npmjs.org/@rollup/rollup-win32-x64-msvc/-/rollup-win32-x64-msvc-4.60.1.tgz 0ms (cache hit)
680 http cache @rollup/rollup-win32-x64-gnu@https://registry.npmjs.org/@rollup/rollup-win32-x64-gnu/-/rollup-win32-x64-gnu-4.60.1.tgz 0ms (cache hit)
681 http cache source-map-js@https://registry.npmjs.org/source-map-js/-/source-map-js-1.2.1.tgz 0ms (cache hit)
682 http cache nanoid@https://registry.npmjs.org/nanoid/-/nanoid-3.3.11.tgz 0ms (cache hit)
683 http cache @esbuild/win32-x64@https://registry.npmjs.org/@esbuild/win32-x64/-/win32-x64-0.21.5.tgz 0ms (cache hit)
684 http cache esbuild@https://registry.npmjs.org/esbuild/-/esbuild-0.21.5.tgz 0ms (cache hit)
685 http cache rollup@https://registry.npmjs.org/rollup/-/rollup-4.60.1.tgz 0ms (cache hit)
686 http cache postcss@https://registry.npmjs.org/postcss/-/postcss-8.5.8.tgz 0ms (cache hit)
687 http cache escalade@https://registry.npmjs.org/escalade/-/escalade-3.2.0.tgz 1ms (cache hit)
688 http cache @remix-run/router@https://registry.npmjs.org/@remix-run/router/-/router-1.23.2.tgz 0ms (cache hit)
689 http cache react-router@https://registry.npmjs.org/react-router/-/react-router-6.30.3.tgz 0ms (cache hit)
690 http cache scheduler@https://registry.npmjs.org/scheduler/-/scheduler-0.23.2.tgz 0ms (cache hit)
691 http cache yallist@https://registry.npmjs.org/yallist/-/yallist-3.1.1.tgz 0ms (cache hit)
692 http cache loose-envify@https://registry.npmjs.org/loose-envify/-/loose-envify-1.4.0.tgz 0ms (cache hit)
693 http cache ms@https://registry.npmjs.org/ms/-/ms-2.1.3.tgz 0ms (cache hit)
694 http cache node-releases@https://registry.npmjs.org/node-releases/-/node-releases-2.0.36.tgz 0ms (cache hit)
695 http cache update-browserslist-db@https://registry.npmjs.org/update-browserslist-db/-/update-browserslist-db-1.2.3.tgz 0ms (cache hit)
696 http cache electron-to-chromium@https://registry.npmjs.org/electron-to-chromium/-/electron-to-chromium-1.5.329.tgz 0ms (cache hit)
697 http cache caniuse-lite@https://registry.npmjs.org/caniuse-lite/-/caniuse-lite-1.0.30001782.tgz 0ms (cache hit)
698 http cache baseline-browser-mapping@https://registry.npmjs.org/baseline-browser-mapping/-/baseline-browser-mapping-2.10.12.tgz 0ms (cache hit)
699 http cache @types/babel__traverse@https://registry.npmjs.org/@types/babel__traverse/-/babel__traverse-7.28.0.tgz 0ms (cache hit)
700 http cache @types/babel__generator@https://registry.npmjs.org/@types/babel__generator/-/babel__generator-7.27.0.tgz 0ms (cache hit)
701 http cache @types/babel__template@https://registry.npmjs.org/@types/babel__template/-/babel__template-7.4.4.tgz 0ms (cache hit)
702 http cache @jridgewell/resolve-uri@https://registry.npmjs.org/@jridgewell/resolve-uri/-/resolve-uri-3.1.2.tgz 0ms (cache hit)
703 http cache @jridgewell/sourcemap-codec@https://registry.npmjs.org/@jridgewell/sourcemap-codec/-/sourcemap-codec-1.5.5.tgz 0ms (cache hit)
704 http cache @babel/helper-string-parser@https://registry.npmjs.org/@babel/helper-string-parser/-/helper-string-parser-7.27.1.tgz 0ms (cache hit)
705 http cache @babel/helper-globals@https://registry.npmjs.org/@babel/helper-globals/-/helper-globals-7.28.0.tgz 0ms (cache hit)
706 http cache @babel/helper-plugin-utils@https://registry.npmjs.org/@babel/helper-plugin-utils/-/helper-plugin-utils-7.28.6.tgz 0ms (cache hit)
707 http cache @babel/helper-module-imports@https://registry.npmjs.org/@babel/helper-module-imports/-/helper-module-imports-7.28.6.tgz 0ms (cache hit)
708 http cache browserslist@https://registry.npmjs.org/browserslist/-/browserslist-4.28.1.tgz 1ms (cache hit)
709 http cache @babel/helper-validator-option@https://registry.npmjs.org/@babel/helper-validator-option/-/helper-validator-option-7.27.1.tgz 0ms (cache hit)
710 http cache @babel/compat-data@https://registry.npmjs.org/@babel/compat-data/-/compat-data-7.29.0.tgz 0ms (cache hit)
711 http cache jsesc@https://registry.npmjs.org/jsesc/-/jsesc-3.1.0.tgz 0ms (cache hit)
712 http cache @jridgewell/trace-mapping@https://registry.npmjs.org/@jridgewell/trace-mapping/-/trace-mapping-0.3.31.tgz 0ms (cache hit)
713 http cache @jridgewell/gen-mapping@https://registry.npmjs.org/@jridgewell/gen-mapping/-/gen-mapping-0.3.13.tgz 0ms (cache hit)
714 http cache picocolors@https://registry.npmjs.org/picocolors/-/picocolors-1.1.1.tgz 0ms (cache hit)
715 http cache js-tokens@https://registry.npmjs.org/js-tokens/-/js-tokens-4.0.0.tgz 0ms (cache hit)
716 http cache @babel/helper-validator-identifier@https://registry.npmjs.org/@babel/helper-validator-identifier/-/helper-validator-identifier-7.28.5.tgz 0ms (cache hit)
717 http cache semver@https://registry.npmjs.org/semver/-/semver-6.3.1.tgz 0ms (cache hit)
718 http cache json5@https://registry.npmjs.org/json5/-/json5-2.2.3.tgz 0ms (cache hit)
719 http cache gensync@https://registry.npmjs.org/gensync/-/gensync-1.0.0-beta.2.tgz 0ms (cache hit)
720 http cache debug@https://registry.npmjs.org/debug/-/debug-4.4.3.tgz 0ms (cache hit)
721 http cache @jridgewell/remapping@https://registry.npmjs.org/@jridgewell/remapping/-/remapping-2.3.5.tgz 0ms (cache hit)
722 http cache @babel/types@https://registry.npmjs.org/@babel/types/-/types-7.29.0.tgz 0ms (cache hit)
723 http cache lru-cache@https://registry.npmjs.org/lru-cache/-/lru-cache-5.1.1.tgz 0ms (cache hit)
724 http cache convert-source-map@https://registry.npmjs.org/convert-source-map/-/convert-source-map-2.0.0.tgz 0ms (cache hit)
725 http cache @babel/traverse@https://registry.npmjs.org/@babel/traverse/-/traverse-7.29.0.tgz 0ms (cache hit)
726 http cache @babel/template@https://registry.npmjs.org/@babel/template/-/template-7.28.6.tgz 0ms (cache hit)
727 http cache @babel/helpers@https://registry.npmjs.org/@babel/helpers/-/helpers-7.29.2.tgz 0ms (cache hit)
728 http cache @babel/parser@https://registry.npmjs.org/@babel/parser/-/parser-7.29.2.tgz 0ms (cache hit)
729 http cache @babel/helper-module-transforms@https://registry.npmjs.org/@babel/helper-module-transforms/-/helper-module-transforms-7.28.6.tgz 0ms (cache hit)
730 http cache @babel/helper-compilation-targets@https://registry.npmjs.org/@babel/helper-compilation-targets/-/helper-compilation-targets-7.28.6.tgz 0ms (cache hit)
731 http cache @babel/code-frame@https://registry.npmjs.org/@babel/code-frame/-/code-frame-7.29.0.tgz 0ms (cache hit)
732 http cache react-refresh@https://registry.npmjs.org/react-refresh/-/react-refresh-0.17.0.tgz 0ms (cache hit)
733 http cache @types/babel__core@https://registry.npmjs.org/@types/babel__core/-/babel__core-7.20.5.tgz 0ms (cache hit)
734 http cache @rolldown/pluginutils@https://registry.npmjs.org/@rolldown/pluginutils/-/pluginutils-1.0.0-beta.27.tgz 0ms (cache hit)
735 http cache @babel/generator@https://registry.npmjs.org/@babel/generator/-/generator-7.29.1.tgz 0ms (cache hit)
736 http cache @babel/plugin-transform-react-jsx-source@https://registry.npmjs.org/@babel/plugin-transform-react-jsx-source/-/plugin-transform-react-jsx-source-7.27.1.tgz 0ms (cache hit)
737 http cache @babel/plugin-transform-react-jsx-self@https://registry.npmjs.org/@babel/plugin-transform-react-jsx-self/-/plugin-transform-react-jsx-self-7.27.1.tgz 0ms (cache hit)
738 http cache @babel/core@https://registry.npmjs.org/@babel/core/-/core-7.29.0.tgz 0ms (cache hit)
739 http cache @types/prop-types@https://registry.npmjs.org/@types/prop-types/-/prop-types-15.7.15.tgz 0ms (cache hit)
740 http cache react-router-dom@https://registry.npmjs.org/react-router-dom/-/react-router-dom-6.30.3.tgz 0ms (cache hit)
741 http cache typescript@https://registry.npmjs.org/typescript/-/typescript-5.9.3.tgz 0ms (cache hit)
742 http cache react-dom@https://registry.npmjs.org/react-dom/-/react-dom-18.3.1.tgz 0ms (cache hit)
743 http cache react@https://registry.npmjs.org/react/-/react-18.3.1.tgz 0ms (cache hit)
744 http cache csstype@https://registry.npmjs.org/csstype/-/csstype-3.2.3.tgz 0ms (cache hit)
745 http cache @types/react-dom@https://registry.npmjs.org/@types/react-dom/-/react-dom-18.3.7.tgz 0ms (cache hit)
746 http cache @vitejs/plugin-react@https://registry.npmjs.org/@vitejs/plugin-react/-/plugin-react-4.7.0.tgz 0ms (cache hit)
747 http cache vite@https://registry.npmjs.org/vite/-/vite-5.4.21.tgz 0ms (cache hit)
748 http cache @types/react@https://registry.npmjs.org/@types/react/-/react-18.3.28.tgz 0ms (cache hit)
749 http fetch POST 200 https://registry.npmjs.org/-/npm/v1/security/advisories/bulk 2015ms
750 silly audit report {
750 silly audit report   esbuild: [
750 silly audit report     {
750 silly audit report       id: 1102341,
750 silly audit report       url: 'https://github.com/advisories/GHSA-67mh-4wv8-2f99',
750 silly audit report       title: 'esbuild enables any website to send any requests to the development server and read the response',
750 silly audit report       severity: 'moderate',
750 silly audit report       vulnerable_versions: '<=0.24.2',
750 silly audit report       cwe: [Array],
750 silly audit report       cvss: [Object]
750 silly audit report     }
750 silly audit report   ]
750 silly audit report }
751 silly packumentCache corgi:https://registry.npmjs.org/esbuild cache-miss
752 http cache https://registry.npmjs.org/esbuild 130ms (cache hit)
753 silly packumentCache corgi:https://registry.npmjs.org/esbuild set size:880945 disposed:false
754 silly packumentCache corgi:https://registry.npmjs.org/vite cache-miss
755 http cache https://registry.npmjs.org/vite 82ms (cache hit)
756 silly packumentCache corgi:https://registry.npmjs.org/vite set size:2208349 disposed:false
757 silly packumentCache corgi:https://registry.npmjs.org/@vitejs%2fplugin-react cache-miss
758 http cache https://registry.npmjs.org/@vitejs%2fplugin-react 72ms (cache hit)
759 silly packumentCache corgi:https://registry.npmjs.org/@vitejs%2fplugin-react set size:112470 disposed:false
760 info run esbuild@0.21.5 postinstall node_modules/esbuild node install.js
761 info run esbuild@0.21.5 postinstall { code: 0, signal: null }
762 silly ADD node_modules/@types/estree
763 silly ADD node_modules/@rollup/rollup-win32-x64-msvc
764 silly ADD node_modules/@rollup/rollup-win32-x64-gnu
765 silly ADD node_modules/source-map-js
766 silly ADD node_modules/nanoid
767 silly ADD node_modules/@esbuild/win32-x64
768 silly ADD node_modules/rollup
769 silly ADD node_modules/postcss
770 silly ADD node_modules/esbuild
771 silly ADD node_modules/escalade
772 silly ADD node_modules/react-router
773 silly ADD node_modules/@remix-run/router
774 silly ADD node_modules/scheduler
775 silly ADD node_modules/loose-envify
776 silly ADD node_modules/yallist
777 silly ADD node_modules/ms
778 silly ADD node_modules/update-browserslist-db
779 silly ADD node_modules/node-releases
780 silly ADD node_modules/electron-to-chromium
781 silly ADD node_modules/caniuse-lite
782 silly ADD node_modules/baseline-browser-mapping
783 silly ADD node_modules/@types/babel__traverse
784 silly ADD node_modules/@types/babel__template
785 silly ADD node_modules/@types/babel__generator
786 silly ADD node_modules/@jridgewell/resolve-uri
787 silly ADD node_modules/@jridgewell/sourcemap-codec
788 silly ADD node_modules/@babel/helper-string-parser
789 silly ADD node_modules/@babel/helper-globals
790 silly ADD node_modules/@babel/helper-plugin-utils
791 silly ADD node_modules/@babel/helper-module-imports
792 silly ADD node_modules/lru-cache
793 silly ADD node_modules/browserslist
794 silly ADD node_modules/@babel/helper-validator-option
795 silly ADD node_modules/@babel/compat-data
796 silly ADD node_modules/jsesc
797 silly ADD node_modules/@jridgewell/trace-mapping
798 silly ADD node_modules/@jridgewell/gen-mapping
799 silly ADD node_modules/picocolors
800 silly ADD node_modules/js-tokens
801 silly ADD node_modules/@babel/helper-validator-identifier
802 silly ADD node_modules/semver
803 silly ADD node_modules/json5
804 silly ADD node_modules/gensync
805 silly ADD node_modules/debug
806 silly ADD node_modules/convert-source-map
807 silly ADD node_modules/@jridgewell/remapping
808 silly ADD node_modules/@babel/types
809 silly ADD node_modules/@babel/traverse
810 silly ADD node_modules/@babel/template
811 silly ADD node_modules/@babel/parser
812 silly ADD node_modules/@babel/helpers
813 silly ADD node_modules/@babel/helper-module-transforms
814 silly ADD node_modules/@babel/helper-compilation-targets
815 silly ADD node_modules/@babel/generator
816 silly ADD node_modules/@babel/code-frame
817 silly ADD node_modules/react-refresh
818 silly ADD node_modules/@types/babel__core
819 silly ADD node_modules/@rolldown/pluginutils
820 silly ADD node_modules/@babel/plugin-transform-react-jsx-source
821 silly ADD node_modules/@babel/plugin-transform-react-jsx-self
822 silly ADD node_modules/@babel/core
823 silly ADD node_modules/csstype
824 silly ADD node_modules/@types/prop-types
825 silly ADD node_modules/typescript
826 silly ADD node_modules/react-router-dom
827 silly ADD node_modules/react-dom
828 silly ADD node_modules/react
829 silly ADD node_modules/vite
830 silly ADD node_modules/@vitejs/plugin-react
831 silly ADD node_modules/@types/react-dom
832 silly ADD node_modules/@types/react
833 verbose cwd D:\easy-harness-v1
834 verbose os Windows_NT 10.0.19045
835 verbose node v24.14.1
836 verbose npm  v11.11.0
837 verbose exit 0
838 info ok
